<?xml version="1.0" encoding="UTF-8"?>
<testng-results ignored="0" total="1" passed="1" failed="0" skipped="0">
  <reporter-output>
  </reporter-output>
  <suite started-at="2022-05-15T01:19:00 EDT" name="Default suite" finished-at="2022-05-15T01:20:59 EDT" duration-ms="119333">
    <groups>
    </groups>
    <test started-at="2022-05-15T01:19:00 EDT" name="Default test" finished-at="2022-05-15T01:20:59 EDT" duration-ms="119333">
      <class name="AppiumPractice.AppiumFramework.ecommerce_tc_4">
        <test-method is-config="true" signature="killALLProcess()[pri:0, instance:AppiumPractice.AppiumFramework.ecommerce_tc_4@729d991e]" started-at="2022-05-15T01:19:00 EDT" name="killALLProcess" finished-at="2022-05-15T01:19:02 EDT" duration-ms="2112" status="PASS">
          <reporter-output>
          </reporter-output>
        </test-method> <!-- killALLProcess -->
        <test-method signature="validateAmount()[pri:0, instance:AppiumPractice.AppiumFramework.ecommerce_tc_4@729d991e]" started-at="2022-05-15T01:19:02 EDT" name="validateAmount" finished-at="2022-05-15T01:20:59 EDT" duration-ms="117164" status="PASS">
          <reporter-output>
          </reporter-output>
        </test-method> <!-- validateAmount -->
        <test-method is-config="true" signature="stopServer()[pri:0, instance:AppiumPractice.AppiumFramework.ecommerce_tc_4@729d991e]" started-at="2022-05-15T01:20:59 EDT" name="stopServer" finished-at="2022-05-15T01:20:59 EDT" duration-ms="4" status="FAIL">
          <exception class="java.lang.StackOverflowError">
            <full-stacktrace>
              <![CDATA[java.lang.StackOverflowError
at AppiumPractice.AppiumFramework.ecommerce_tc_4.stopServer(ecommerce_tc_4.java:141)
at AppiumPractice.AppiumFramework.ecommerce_tc_4.stopServer(ecommerce_tc_4.java:141)
at AppiumPractice.AppiumFramework.ecommerce_tc_4.stopServer(ecommerce_tc_4.java:141)
at AppiumPractice.AppiumFramework.ecommerce_tc_4.stopServer(ecommerce_tc_4.java:141)
at AppiumPractice.AppiumFramework.ecommerce_tc_4.stopServer(ecommerce_tc_4.java:141)
at AppiumPractice.AppiumFramework.ecommerce_tc_4.stopServer(ecommerce_tc_4.java:141)
at AppiumPractice.AppiumFramework.ecommerce_tc_4.stopServer(ecommerce_tc_4.java:141)
at AppiumPractice.AppiumFramework.ecommerce_tc_4.stopServer(ecommerce_tc_4.java:141)
at AppiumPractice.AppiumFramework.ecommerce_tc_4.stopServer(ecommerce_tc_4.java:141)
at AppiumPractice.AppiumFramework.ecommerce_tc_4.stopServer(ecommerce_tc_4.java:141)
at AppiumPractice.AppiumFramework.ecommerce_tc_4.stopServer(ecommerce_tc_4.java:141)
at AppiumPractice.AppiumFramework.ecommerce_tc_4.stopServer(ecommerce_tc_4.java:141)
at AppiumPractice.AppiumFramework.ecommerce_tc_4.stopServer(ecommerce_tc_4.java:141)
at AppiumPractice.AppiumFramework.ecommerce_tc_4.stopServer(ecommerce_tc_4.java:141)
at AppiumPractice.AppiumFramework.ecommerce_tc_4.stopServer(ecommerce_tc_4.java:141)
at AppiumPractice.AppiumFramework.ecommerce_tc_4.stopServer(ecommerce_tc_4.java:141)
at AppiumPractice.AppiumFramework.ecommerce_tc_4.stopServer(ecommerce_tc_4.java:141)
at AppiumPractice.AppiumFramework.ecommerce_tc_4.stopServer(ecommerce_tc_4.java:141)
at AppiumPractice.AppiumFramework.ecommerce_tc_4.stopServer(ecommerce_tc_4.java:141)
at AppiumPractice.AppiumFramework.ecommerce_tc_4.stopServer(ecommerce_tc_4.java:141)
at AppiumPractice.AppiumFramework.ecommerce_tc_4.stopServer(ecommerce_tc_4.java:141)
at AppiumPractice.AppiumFramework.ecommerce_tc_4.stopServer(ecommerce_tc_4.java:141)
at AppiumPractice.AppiumFramework.ecommerce_tc_4.stopServer(ecommerce_tc_4.java:141)
at AppiumPractice.AppiumFramework.ecommerce_tc_4.stopServer(ecommerce_tc_4.java:141)
at AppiumPractice.AppiumFramework.ecommerce_tc_4.stopServer(ecommerce_tc_4.java:141)
at AppiumPractice.AppiumFramework.ecommerce_tc_4.stopServer(ecommerce_tc_4.java:141)
at AppiumPractice.AppiumFramework.ecommerce_tc_4.stopServer(ecommerce_tc_4.java:141)
at AppiumPractice.AppiumFramework.ecommerce_tc_4.stopServer(ecommerce_tc_4.java:141)
at AppiumPractice.AppiumFramework.ecommerce_tc_4.stopServer(ecommerce_tc_4.java:141)
at AppiumPractice.AppiumFramework.ecommerce_tc_4.stopServer(ecommerce_tc_4.java:141)
at AppiumPractice.AppiumFramework.ecommerce_tc_4.stopServer(ecommerce_tc_4.java:141)
at AppiumPractice.AppiumFramework.ecommerce_tc_4.stopServer(ecommerce_tc_4.java:141)
at AppiumPractice.AppiumFramework.ecommerce_tc_4.stopServer(ecommerce_tc_4.java:141)
at AppiumPractice.AppiumFramework.ecommerce_tc_4.stopServer(ecommerce_tc_4.java:141)
at AppiumPractice.AppiumFramework.ecommerce_tc_4.stopServer(ecommerce_tc_4.java:141)
at AppiumPractice.AppiumFramework.ecommerce_tc_4.stopServer(ecommerce_tc_4.java:141)
at AppiumPractice.AppiumFramework.ecommerce_tc_4.stopServer(ecommerce_tc_4.java:141)
at AppiumPractice.AppiumFramework.ecommerce_tc_4.stopServer(ecommerce_tc_4.java:141)
at AppiumPractice.AppiumFramework.ecommerce_tc_4.stopServer(ecommerce_tc_4.java:141)
at AppiumPractice.AppiumFramework.ecommerce_tc_4.stopServer(ecommerce_tc_4.java:141)
at AppiumPractice.AppiumFramework.ecommerce_tc_4.stopServer(ecommerce_tc_4.java:141)
at AppiumPractice.AppiumFramework.ecommerce_tc_4.stopServer(ecommerce_tc_4.java:141)
at AppiumPractice.AppiumFramework.ecommerce_tc_4.stopServer(ecommerce_tc_4.java:141)
at AppiumPractice.AppiumFramework.ecommerce_tc_4.stopServer(ecommerce_tc_4.java:141)
at AppiumPractice.AppiumFramework.ecommerce_tc_4.stopServer(ecommerce_tc_4.java:141)
at AppiumPractice.AppiumFramework.ecommerce_tc_4.stopServer(ecommerce_tc_4.java:141)
at AppiumPractice.AppiumFramework.ecommerce_tc_4.stopServer(ecommerce_tc_4.java:141)
at AppiumPractice.AppiumFramework.ecommerce_tc_4.stopServer(ecommerce_tc_4.java:141)
at AppiumPractice.AppiumFramework.ecommerce_tc_4.stopServer(ecommerce_tc_4.java:141)
at AppiumPractice.AppiumFramework.ecommerce_tc_4.stopServer(ecommerce_tc_4.java:141)
at AppiumPractice.AppiumFramework.ecommerce_tc_4.stopServer(ecommerce_tc_4.java:141)
at AppiumPractice.AppiumFramework.ecommerce_tc_4.stopServer(ecommerce_tc_4.java:141)
at AppiumPractice.AppiumFramework.ecommerce_tc_4.stopServer(ecommerce_tc_4.java:141)
at AppiumPractice.AppiumFramework.ecommerce_tc_4.stopServer(ecommerce_tc_4.java:141)
at AppiumPractice.AppiumFramework.ecommerce_tc_4.stopServer(ecommerce_tc_4.java:141)
at AppiumPractice.AppiumFramework.ecommerce_tc_4.stopServer(ecommerce_tc_4.java:141)
at AppiumPractice.AppiumFramework.ecommerce_tc_4.stopServer(ecommerce_tc_4.java:141)
at AppiumPractice.AppiumFramework.ecommerce_tc_4.stopServer(ecommerce_tc_4.java:141)
at AppiumPractice.AppiumFramework.ecommerce_tc_4.stopServer(ecommerce_tc_4.java:141)
at AppiumPractice.AppiumFramework.ecommerce_tc_4.stopServer(ecommerce_tc_4.java:141)
at AppiumPractice.AppiumFramework.ecommerce_tc_4.stopServer(ecommerce_tc_4.java:141)
at AppiumPractice.AppiumFramework.ecommerce_tc_4.stopServer(ecommerce_tc_4.java:141)
at AppiumPractice.AppiumFramework.ecommerce_tc_4.stopServer(ecommerce_tc_4.java:141)
at AppiumPractice.AppiumFramework.ecommerce_tc_4.stopServer(ecommerce_tc_4.java:141)
at AppiumPractice.AppiumFramework.ecommerce_tc_4.stopServer(ecommerce_tc_4.java:141)
at AppiumPractice.AppiumFramework.ecommerce_tc_4.stopServer(ecommerce_tc_4.java:141)
at AppiumPractice.AppiumFramework.ecommerce_tc_4.stopServer(ecommerce_tc_4.java:141)
at AppiumPractice.AppiumFramework.ecommerce_tc_4.stopServer(ecommerce_tc_4.java:141)
at AppiumPractice.AppiumFramework.ecommerce_tc_4.stopServer(ecommerce_tc_4.java:141)
at AppiumPractice.AppiumFramework.ecommerce_tc_4.stopServer(ecommerce_tc_4.java:141)
at AppiumPractice.AppiumFramework.ecommerce_tc_4.stopServer(ecommerce_tc_4.java:141)
at AppiumPractice.AppiumFramework.ecommerce_tc_4.stopServer(ecommerce_tc_4.java:141)
at AppiumPractice.AppiumFramework.ecommerce_tc_4.stopServer(ecommerce_tc_4.java:141)
at AppiumPractice.AppiumFramework.ecommerce_tc_4.stopServer(ecommerce_tc_4.java:141)
at AppiumPractice.AppiumFramework.ecommerce_tc_4.stopServer(ecommerce_tc_4.java:141)
at AppiumPractice.AppiumFramework.ecommerce_tc_4.stopServer(ecommerce_tc_4.java:141)
at AppiumPractice.AppiumFramework.ecommerce_tc_4.stopServer(ecommerce_tc_4.java:141)
at AppiumPractice.AppiumFramework.ecommerce_tc_4.stopServer(ecommerce_tc_4.java:141)
at AppiumPractice.AppiumFramework.ecommerce_tc_4.stopServer(ecommerce_tc_4.java:141)
at AppiumPractice.AppiumFramework.ecommerce_tc_4.stopServer(ecommerce_tc_4.java:141)
at AppiumPractice.AppiumFramework.ecommerce_tc_4.stopServer(ecommerce_tc_4.java:141)
at AppiumPractice.AppiumFramework.ecommerce_tc_4.stopServer(ecommerce_tc_4.java:141)
at AppiumPractice.AppiumFramework.ecommerce_tc_4.stopServer(ecommerce_tc_4.java:141)
at AppiumPractice.AppiumFramework.ecommerce_tc_4.stopServer(ecommerce_tc_4.java:141)
at AppiumPractice.AppiumFramework.ecommerce_tc_4.stopServer(ecommerce_tc_4.java:141)
at AppiumPractice.AppiumFramework.ecommerce_tc_4.stopServer(ecommerce_tc_4.java:141)
at AppiumPractice.AppiumFramework.ecommerce_tc_4.stopServer(ecommerce_tc_4.java:141)
at AppiumPractice.AppiumFramework.ecommerce_tc_4.stopServer(ecommerce_tc_4.java:141)
at AppiumPractice.AppiumFramework.ecommerce_tc_4.stopServer(ecommerce_tc_4.java:141)
at AppiumPractice.AppiumFramework.ecommerce_tc_4.stopServer(ecommerce_tc_4.java:141)
at AppiumPractice.AppiumFramework.ecommerce_tc_4.stopServer(ecommerce_tc_4.java:141)
at AppiumPractice.AppiumFramework.ecommerce_tc_4.stopServer(ecommerce_tc_4.java:141)
at AppiumPractice.AppiumFramework.ecommerce_tc_4.stopServer(ecommerce_tc_4.java:141)
at AppiumPractice.AppiumFramework.ecommerce_tc_4.stopServer(ecommerce_tc_4.java:141)
at AppiumPractice.AppiumFramework.ecommerce_tc_4.stopServer(ecommerce_tc_4.java:141)
at AppiumPractice.AppiumFramework.ecommerce_tc_4.stopServer(ecommerce_tc_4.java:141)
at AppiumPractice.AppiumFramework.ecommerce_tc_4.stopServer(ecommerce_tc_4.java:141)
at AppiumPractice.AppiumFramework.ecommerce_tc_4.stopServer(ecommerce_tc_4.java:141)
at AppiumPractice.AppiumFramework.ecommerce_tc_4.stopServer(ecommerce_tc_4.java:141)
at AppiumPractice.AppiumFramework.ecommerce_tc_4.stopServer(ecommerce_tc_4.java:141)
at AppiumPractice.AppiumFramework.ecommerce_tc_4.stopServer(ecommerce_tc_4.java:141)
at AppiumPractice.AppiumFramework.ecommerce_tc_4.stopServer(ecommerce_tc_4.java:141)
at AppiumPractice.AppiumFramework.ecommerce_tc_4.stopServer(ecommerce_tc_4.java:141)
at AppiumPractice.AppiumFramework.ecommerce_tc_4.stopServer(ecommerce_tc_4.java:141)
at AppiumPractice.AppiumFramework.ecommerce_tc_4.stopServer(ecommerce_tc_4.java:141)
at AppiumPractice.AppiumFramework.ecommerce_tc_4.stopServer(ecommerce_tc_4.java:141)
at AppiumPractice.AppiumFramework.ecommerce_tc_4.stopServer(ecommerce_tc_4.java:141)
at AppiumPractice.AppiumFramework.ecommerce_tc_4.stopServer(ecommerce_tc_4.java:141)
at AppiumPractice.AppiumFramework.ecommerce_tc_4.stopServer(ecommerce_tc_4.java:141)
at AppiumPractice.AppiumFramework.ecommerce_tc_4.stopServer(ecommerce_tc_4.java:141)
at AppiumPractice.AppiumFramework.ecommerce_tc_4.stopServer(ecommerce_tc_4.java:141)
at AppiumPractice.AppiumFramework.ecommerce_tc_4.stopServer(ecommerce_tc_4.java:141)
at AppiumPractice.AppiumFramework.ecommerce_tc_4.stopServer(ecommerce_tc_4.java:141)
at AppiumPractice.AppiumFramework.ecommerce_tc_4.stopServer(ecommerce_tc_4.java:141)
at AppiumPractice.AppiumFramework.ecommerce_tc_4.stopServer(ecommerce_tc_4.java:141)
at AppiumPractice.AppiumFramework.ecommerce_tc_4.stopServer(ecommerce_tc_4.java:141)
at AppiumPractice.AppiumFramework.ecommerce_tc_4.stopServer(ecommerce_tc_4.java:141)
at AppiumPractice.AppiumFramework.ecommerce_tc_4.stopServer(ecommerce_tc_4.java:141)
at AppiumPractice.AppiumFramework.ecommerce_tc_4.stopServer(ecommerce_tc_4.java:141)
at AppiumPractice.AppiumFramework.ecommerce_tc_4.stopServer(ecommerce_tc_4.java:141)
at AppiumPractice.AppiumFramework.ecommerce_tc_4.stopServer(ecommerce_tc_4.java:141)
at AppiumPractice.AppiumFramework.ecommerce_tc_4.stopServer(ecommerce_tc_4.java:141)
at AppiumPractice.AppiumFramework.ecommerce_tc_4.stopServer(ecommerce_tc_4.java:141)
at AppiumPractice.AppiumFramework.ecommerce_tc_4.stopServer(ecommerce_tc_4.java:141)
at AppiumPractice.AppiumFramework.ecommerce_tc_4.stopServer(ecommerce_tc_4.java:141)
at AppiumPractice.AppiumFramework.ecommerce_tc_4.stopServer(ecommerce_tc_4.java:141)
at AppiumPractice.AppiumFramework.ecommerce_tc_4.stopServer(ecommerce_tc_4.java:141)
at AppiumPractice.AppiumFramework.ecommerce_tc_4.stopServer(ecommerce_tc_4.java:141)
at AppiumPractice.AppiumFramework.ecommerce_tc_4.stopServer(ecommerce_tc_4.java:141)
at AppiumPractice.AppiumFramework.ecommerce_tc_4.stopServer(ecommerce_tc_4.java:141)
at AppiumPractice.AppiumFramework.ecommerce_tc_4.stopServer(ecommerce_tc_4.java:141)
at AppiumPractice.AppiumFramework.ecommerce_tc_4.stopServer(ecommerce_tc_4.java:141)
at AppiumPractice.AppiumFramework.ecommerce_tc_4.stopServer(ecommerce_tc_4.java:141)
at AppiumPractice.AppiumFramework.ecommerce_tc_4.stopServer(ecommerce_tc_4.java:141)
at AppiumPractice.AppiumFramework.ecommerce_tc_4.stopServer(ecommerce_tc_4.java:141)
at AppiumPractice.AppiumFramework.ecommerce_tc_4.stopServer(ecommerce_tc_4.java:141)
at AppiumPractice.AppiumFramework.ecommerce_tc_4.stopServer(ecommerce_tc_4.java:141)
at AppiumPractice.AppiumFramework.ecommerce_tc_4.stopServer(ecommerce_tc_4.java:141)
at AppiumPractice.AppiumFramework.ecommerce_tc_4.stopServer(ecommerce_tc_4.java:141)
at AppiumPractice.AppiumFramework.ecommerce_tc_4.stopServer(ecommerce_tc_4.java:141)
at AppiumPractice.AppiumFramework.ecommerce_tc_4.stopServer(ecommerce_tc_4.java:141)
at AppiumPractice.AppiumFramework.ecommerce_tc_4.stopServer(ecommerce_tc_4.java:141)
at AppiumPractice.AppiumFramework.ecommerce_tc_4.stopServer(ecommerce_tc_4.java:141)
at AppiumPractice.AppiumFramework.ecommerce_tc_4.stopServer(ecommerce_tc_4.java:141)
at AppiumPractice.AppiumFramework.ecommerce_tc_4.stopServer(ecommerce_tc_4.java:141)
at AppiumPractice.AppiumFramework.ecommerce_tc_4.stopServer(ecommerce_tc_4.java:141)
at AppiumPractice.AppiumFramework.ecommerce_tc_4.stopServer(ecommerce_tc_4.java:141)
at AppiumPractice.AppiumFramework.ecommerce_tc_4.stopServer(ecommerce_tc_4.java:141)
at AppiumPractice.AppiumFramework.ecommerce_tc_4.stopServer(ecommerce_tc_4.java:141)
at AppiumPractice.AppiumFramework.ecommerce_tc_4.stopServer(ecommerce_tc_4.java:141)
at AppiumPractice.AppiumFramework.ecommerce_tc_4.stopServer(ecommerce_tc_4.java:141)
at AppiumPractice.AppiumFramework.ecommerce_tc_4.stopServer(ecommerce_tc_4.java:141)
at AppiumPractice.AppiumFramework.ecommerce_tc_4.stopServer(ecommerce_tc_4.java:141)
at AppiumPractice.AppiumFramework.ecommerce_tc_4.stopServer(ecommerce_tc_4.java:141)
at AppiumPractice.AppiumFramework.ecommerce_tc_4.stopServer(ecommerce_tc_4.java:141)
at AppiumPractice.AppiumFramework.ecommerce_tc_4.stopServer(ecommerce_tc_4.java:141)
at AppiumPractice.AppiumFramework.ecommerce_tc_4.stopServer(ecommerce_tc_4.java:141)
at AppiumPractice.AppiumFramework.ecommerce_tc_4.stopServer(ecommerce_tc_4.java:141)
at AppiumPractice.AppiumFramework.ecommerce_tc_4.stopServer(ecommerce_tc_4.java:141)
at AppiumPractice.AppiumFramework.ecommerce_tc_4.stopServer(ecommerce_tc_4.java:141)
at AppiumPractice.AppiumFramework.ecommerce_tc_4.stopServer(ecommerce_tc_4.java:141)
at AppiumPractice.AppiumFramework.ecommerce_tc_4.stopServer(ecommerce_tc_4.java:141)
at AppiumPractice.AppiumFramework.ecommerce_tc_4.stopServer(ecommerce_tc_4.java:141)
at AppiumPractice.AppiumFramework.ecommerce_tc_4.stopServer(ecommerce_tc_4.java:141)
at AppiumPractice.AppiumFramework.ecommerce_tc_4.stopServer(ecommerce_tc_4.java:141)
at AppiumPractice.AppiumFramework.ecommerce_tc_4.stopServer(ecommerce_tc_4.java:141)
at AppiumPractice.AppiumFramework.ecommerce_tc_4.stopServer(ecommerce_tc_4.java:141)
at AppiumPractice.AppiumFramework.ecommerce_tc_4.stopServer(ecommerce_tc_4.java:141)
at AppiumPractice.AppiumFramework.ecommerce_tc_4.stopServer(ecommerce_tc_4.java:141)
at AppiumPractice.AppiumFramework.ecommerce_tc_4.stopServer(ecommerce_tc_4.java:141)
at AppiumPractice.AppiumFramework.ecommerce_tc_4.stopServer(ecommerce_tc_4.java:141)
at AppiumPractice.AppiumFramework.ecommerce_tc_4.stopServer(ecommerce_tc_4.java:141)
at AppiumPractice.AppiumFramework.ecommerce_tc_4.stopServer(ecommerce_tc_4.java:141)
at AppiumPractice.AppiumFramework.ecommerce_tc_4.stopServer(ecommerce_tc_4.java:141)
at AppiumPractice.AppiumFramework.ecommerce_tc_4.stopServer(ecommerce_tc_4.java:141)
at AppiumPractice.AppiumFramework.ecommerce_tc_4.stopServer(ecommerce_tc_4.java:141)
at AppiumPractice.AppiumFramework.ecommerce_tc_4.stopServer(ecommerce_tc_4.java:141)
at AppiumPractice.AppiumFramework.ecommerce_tc_4.stopServer(ecommerce_tc_4.java:141)
at AppiumPractice.AppiumFramework.ecommerce_tc_4.stopServer(ecommerce_tc_4.java:141)
at AppiumPractice.AppiumFramework.ecommerce_tc_4.stopServer(ecommerce_tc_4.java:141)
at AppiumPractice.AppiumFramework.ecommerce_tc_4.stopServer(ecommerce_tc_4.java:141)
at AppiumPractice.AppiumFramework.ecommerce_tc_4.stopServer(ecommerce_tc_4.java:141)
at AppiumPractice.AppiumFramework.ecommerce_tc_4.stopServer(ecommerce_tc_4.java:141)
at AppiumPractice.AppiumFramework.ecommerce_tc_4.stopServer(ecommerce_tc_4.java:141)
at AppiumPractice.AppiumFramework.ecommerce_tc_4.stopServer(ecommerce_tc_4.java:141)
at AppiumPractice.AppiumFramework.ecommerce_tc_4.stopServer(ecommerce_tc_4.java:141)
at AppiumPractice.AppiumFramework.ecommerce_tc_4.stopServer(ecommerce_tc_4.java:141)
at AppiumPractice.AppiumFramework.ecommerce_tc_4.stopServer(ecommerce_tc_4.java:141)
at AppiumPractice.AppiumFramework.ecommerce_tc_4.stopServer(ecommerce_tc_4.java:141)
at AppiumPractice.AppiumFramework.ecommerce_tc_4.stopServer(ecommerce_tc_4.java:141)
at AppiumPractice.AppiumFramework.ecommerce_tc_4.stopServer(ecommerce_tc_4.java:141)
at AppiumPractice.AppiumFramework.ecommerce_tc_4.stopServer(ecommerce_tc_4.java:141)
at AppiumPractice.AppiumFramework.ecommerce_tc_4.stopServer(ecommerce_tc_4.java:141)
at AppiumPractice.AppiumFramework.ecommerce_tc_4.stopServer(ecommerce_tc_4.java:141)
at AppiumPractice.AppiumFramework.ecommerce_tc_4.stopServer(ecommerce_tc_4.java:141)
at AppiumPractice.AppiumFramework.ecommerce_tc_4.stopServer(ecommerce_tc_4.java:141)
at AppiumPractice.AppiumFramework.ecommerce_tc_4.stopServer(ecommerce_tc_4.java:141)
at AppiumPractice.AppiumFramework.ecommerce_tc_4.stopServer(ecommerce_tc_4.java:141)
at AppiumPractice.AppiumFramework.ecommerce_tc_4.stopServer(ecommerce_tc_4.java:141)
at AppiumPractice.AppiumFramework.ecommerce_tc_4.stopServer(ecommerce_tc_4.java:141)
at AppiumPractice.AppiumFramework.ecommerce_tc_4.stopServer(ecommerce_tc_4.java:141)
at AppiumPractice.AppiumFramework.ecommerce_tc_4.stopServer(ecommerce_tc_4.java:141)
at AppiumPractice.AppiumFramework.ecommerce_tc_4.stopServer(ecommerce_tc_4.java:141)
at AppiumPractice.AppiumFramework.ecommerce_tc_4.stopServer(ecommerce_tc_4.java:141)
at AppiumPractice.AppiumFramework.ecommerce_tc_4.stopServer(ecommerce_tc_4.java:141)
at AppiumPractice.AppiumFramework.ecommerce_tc_4.stopServer(ecommerce_tc_4.java:141)
at AppiumPractice.AppiumFramework.ecommerce_tc_4.stopServer(ecommerce_tc_4.java:141)
at AppiumPractice.AppiumFramework.ecommerce_tc_4.stopServer(ecommerce_tc_4.java:141)
at AppiumPractice.AppiumFramework.ecommerce_tc_4.stopServer(ecommerce_tc_4.java:141)
at AppiumPractice.AppiumFramework.ecommerce_tc_4.stopServer(ecommerce_tc_4.java:141)
at AppiumPractice.AppiumFramework.ecommerce_tc_4.stopServer(ecommerce_tc_4.java:141)
at AppiumPractice.AppiumFramework.ecommerce_tc_4.stopServer(ecommerce_tc_4.java:141)
at AppiumPractice.AppiumFramework.ecommerce_tc_4.stopServer(ecommerce_tc_4.java:141)
at AppiumPractice.AppiumFramework.ecommerce_tc_4.stopServer(ecommerce_tc_4.java:141)
at AppiumPractice.AppiumFramework.ecommerce_tc_4.stopServer(ecommerce_tc_4.java:141)
at AppiumPractice.AppiumFramework.ecommerce_tc_4.stopServer(ecommerce_tc_4.java:141)
at AppiumPractice.AppiumFramework.ecommerce_tc_4.stopServer(ecommerce_tc_4.java:141)
at AppiumPractice.AppiumFramework.ecommerce_tc_4.stopServer(ecommerce_tc_4.java:141)
at AppiumPractice.AppiumFramework.ecommerce_tc_4.stopServer(ecommerce_tc_4.java:141)
at AppiumPractice.AppiumFramework.ecommerce_tc_4.stopServer(ecommerce_tc_4.java:141)
at AppiumPractice.AppiumFramework.ecommerce_tc_4.stopServer(ecommerce_tc_4.java:141)
at AppiumPractice.AppiumFramework.ecommerce_tc_4.stopServer(ecommerce_tc_4.java:141)
at AppiumPractice.AppiumFramework.ecommerce_tc_4.stopServer(ecommerce_tc_4.java:141)
at AppiumPractice.AppiumFramework.ecommerce_tc_4.stopServer(ecommerce_tc_4.java:141)
at AppiumPractice.AppiumFramework.ecommerce_tc_4.stopServer(ecommerce_tc_4.java:141)
at AppiumPractice.AppiumFramework.ecommerce_tc_4.stopServer(ecommerce_tc_4.java:141)
at AppiumPractice.AppiumFramework.ecommerce_tc_4.stopServer(ecommerce_tc_4.java:141)
at AppiumPractice.AppiumFramework.ecommerce_tc_4.stopServer(ecommerce_tc_4.java:141)
at AppiumPractice.AppiumFramework.ecommerce_tc_4.stopServer(ecommerce_tc_4.java:141)
at AppiumPractice.AppiumFramework.ecommerce_tc_4.stopServer(ecommerce_tc_4.java:141)
at AppiumPractice.AppiumFramework.ecommerce_tc_4.stopServer(ecommerce_tc_4.java:141)
at AppiumPractice.AppiumFramework.ecommerce_tc_4.stopServer(ecommerce_tc_4.java:141)
at AppiumPractice.AppiumFramework.ecommerce_tc_4.stopServer(ecommerce_tc_4.java:141)
at AppiumPractice.AppiumFramework.ecommerce_tc_4.stopServer(ecommerce_tc_4.java:141)
at AppiumPractice.AppiumFramework.ecommerce_tc_4.stopServer(ecommerce_tc_4.java:141)
at AppiumPractice.AppiumFramework.ecommerce_tc_4.stopServer(ecommerce_tc_4.java:141)
at AppiumPractice.AppiumFramework.ecommerce_tc_4.stopServer(ecommerce_tc_4.java:141)
at AppiumPractice.AppiumFramework.ecommerce_tc_4.stopServer(ecommerce_tc_4.java:141)
at AppiumPractice.AppiumFramework.ecommerce_tc_4.stopServer(ecommerce_tc_4.java:141)
at AppiumPractice.AppiumFramework.ecommerce_tc_4.stopServer(ecommerce_tc_4.java:141)
at AppiumPractice.AppiumFramework.ecommerce_tc_4.stopServer(ecommerce_tc_4.java:141)
at AppiumPractice.AppiumFramework.ecommerce_tc_4.stopServer(ecommerce_tc_4.java:141)
at AppiumPractice.AppiumFramework.ecommerce_tc_4.stopServer(ecommerce_tc_4.java:141)
at AppiumPractice.AppiumFramework.ecommerce_tc_4.stopServer(ecommerce_tc_4.java:141)
at AppiumPractice.AppiumFramework.ecommerce_tc_4.stopServer(ecommerce_tc_4.java:141)
at AppiumPractice.AppiumFramework.ecommerce_tc_4.stopServer(ecommerce_tc_4.java:141)
at AppiumPractice.AppiumFramework.ecommerce_tc_4.stopServer(ecommerce_tc_4.java:141)
at AppiumPractice.AppiumFramework.ecommerce_tc_4.stopServer(ecommerce_tc_4.java:141)
at AppiumPractice.AppiumFramework.ecommerce_tc_4.stopServer(ecommerce_tc_4.java:141)
at AppiumPractice.AppiumFramework.ecommerce_tc_4.stopServer(ecommerce_tc_4.java:141)
at AppiumPractice.AppiumFramework.ecommerce_tc_4.stopServer(ecommerce_tc_4.java:141)
at AppiumPractice.AppiumFramework.ecommerce_tc_4.stopServer(ecommerce_tc_4.java:141)
at AppiumPractice.AppiumFramework.ecommerce_tc_4.stopServer(ecommerce_tc_4.java:141)
at AppiumPractice.AppiumFramework.ecommerce_tc_4.stopServer(ecommerce_tc_4.java:141)
at AppiumPractice.AppiumFramework.ecommerce_tc_4.stopServer(ecommerce_tc_4.java:141)
at AppiumPractice.AppiumFramework.ecommerce_tc_4.stopServer(ecommerce_tc_4.java:141)
at AppiumPractice.AppiumFramework.ecommerce_tc_4.stopServer(ecommerce_tc_4.java:141)
at AppiumPractice.AppiumFramework.ecommerce_tc_4.stopServer(ecommerce_tc_4.java:141)
at AppiumPractice.AppiumFramework.ecommerce_tc_4.stopServer(ecommerce_tc_4.java:141)
at AppiumPractice.AppiumFramework.ecommerce_tc_4.stopServer(ecommerce_tc_4.java:141)
at AppiumPractice.AppiumFramework.ecommerce_tc_4.stopServer(ecommerce_tc_4.java:141)
at AppiumPractice.AppiumFramework.ecommerce_tc_4.stopServer(ecommerce_tc_4.java:141)
at AppiumPractice.AppiumFramework.ecommerce_tc_4.stopServer(ecommerce_tc_4.java:141)
at AppiumPractice.AppiumFramework.ecommerce_tc_4.stopServer(ecommerce_tc_4.java:141)
at AppiumPractice.AppiumFramework.ecommerce_tc_4.stopServer(ecommerce_tc_4.java:141)
at AppiumPractice.AppiumFramework.ecommerce_tc_4.stopServer(ecommerce_tc_4.java:141)
at AppiumPractice.AppiumFramework.ecommerce_tc_4.stopServer(ecommerce_tc_4.java:141)
at AppiumPractice.AppiumFramework.ecommerce_tc_4.stopServer(ecommerce_tc_4.java:141)
at AppiumPractice.AppiumFramework.ecommerce_tc_4.stopServer(ecommerce_tc_4.java:141)
at AppiumPractice.AppiumFramework.ecommerce_tc_4.stopServer(ecommerce_tc_4.java:141)
at AppiumPractice.AppiumFramework.ecommerce_tc_4.stopServer(ecommerce_tc_4.java:141)
at AppiumPractice.AppiumFramework.ecommerce_tc_4.stopServer(ecommerce_tc_4.java:141)
at AppiumPractice.AppiumFramework.ecommerce_tc_4.stopServer(ecommerce_tc_4.java:141)
at AppiumPractice.AppiumFramework.ecommerce_tc_4.stopServer(ecommerce_tc_4.java:141)
at AppiumPractice.AppiumFramework.ecommerce_tc_4.stopServer(ecommerce_tc_4.java:141)
at AppiumPractice.AppiumFramework.ecommerce_tc_4.stopServer(ecommerce_tc_4.java:141)
at AppiumPractice.AppiumFramework.ecommerce_tc_4.stopServer(ecommerce_tc_4.java:141)
at AppiumPractice.AppiumFramework.ecommerce_tc_4.stopServer(ecommerce_tc_4.java:141)
at AppiumPractice.AppiumFramework.ecommerce_tc_4.stopServer(ecommerce_tc_4.java:141)
at AppiumPractice.AppiumFramework.ecommerce_tc_4.stopServer(ecommerce_tc_4.java:141)
at AppiumPractice.AppiumFramework.ecommerce_tc_4.stopServer(ecommerce_tc_4.java:141)
at AppiumPractice.AppiumFramework.ecommerce_tc_4.stopServer(ecommerce_tc_4.java:141)
at AppiumPractice.AppiumFramework.ecommerce_tc_4.stopServer(ecommerce_tc_4.java:141)
at AppiumPractice.AppiumFramework.ecommerce_tc_4.stopServer(ecommerce_tc_4.java:141)
at AppiumPractice.AppiumFramework.ecommerce_tc_4.stopServer(ecommerce_tc_4.java:141)
at AppiumPractice.AppiumFramework.ecommerce_tc_4.stopServer(ecommerce_tc_4.java:141)
at AppiumPractice.AppiumFramework.ecommerce_tc_4.stopServer(ecommerce_tc_4.java:141)
at AppiumPractice.AppiumFramework.ecommerce_tc_4.stopServer(ecommerce_tc_4.java:141)
at AppiumPractice.AppiumFramework.ecommerce_tc_4.stopServer(ecommerce_tc_4.java:141)
at AppiumPractice.AppiumFramework.ecommerce_tc_4.stopServer(ecommerce_tc_4.java:141)
at AppiumPractice.AppiumFramework.ecommerce_tc_4.stopServer(ecommerce_tc_4.java:141)
at AppiumPractice.AppiumFramework.ecommerce_tc_4.stopServer(ecommerce_tc_4.java:141)
at AppiumPractice.AppiumFramework.ecommerce_tc_4.stopServer(ecommerce_tc_4.java:141)
at AppiumPractice.AppiumFramework.ecommerce_tc_4.stopServer(ecommerce_tc_4.java:141)
at AppiumPractice.AppiumFramework.ecommerce_tc_4.stopServer(ecommerce_tc_4.java:141)
at AppiumPractice.AppiumFramework.ecommerce_tc_4.stopServer(ecommerce_tc_4.java:141)
at AppiumPractice.AppiumFramework.ecommerce_tc_4.stopServer(ecommerce_tc_4.java:141)
at AppiumPractice.AppiumFramework.ecommerce_tc_4.stopServer(ecommerce_tc_4.java:141)
at AppiumPractice.AppiumFramework.ecommerce_tc_4.stopServer(ecommerce_tc_4.java:141)
at AppiumPractice.AppiumFramework.ecommerce_tc_4.stopServer(ecommerce_tc_4.java:141)
at AppiumPractice.AppiumFramework.ecommerce_tc_4.stopServer(ecommerce_tc_4.java:141)
at AppiumPractice.AppiumFramework.ecommerce_tc_4.stopServer(ecommerce_tc_4.java:141)
at AppiumPractice.AppiumFramework.ecommerce_tc_4.stopServer(ecommerce_tc_4.java:141)
at AppiumPractice.AppiumFramework.ecommerce_tc_4.stopServer(ecommerce_tc_4.java:141)
at AppiumPractice.AppiumFramework.ecommerce_tc_4.stopServer(ecommerce_tc_4.java:141)
at AppiumPractice.AppiumFramework.ecommerce_tc_4.stopServer(ecommerce_tc_4.java:141)
at AppiumPractice.AppiumFramework.ecommerce_tc_4.stopServer(ecommerce_tc_4.java:141)
at AppiumPractice.AppiumFramework.ecommerce_tc_4.stopServer(ecommerce_tc_4.java:141)
at AppiumPractice.AppiumFramework.ecommerce_tc_4.stopServer(ecommerce_tc_4.java:141)
at AppiumPractice.AppiumFramework.ecommerce_tc_4.stopServer(ecommerce_tc_4.java:141)
at AppiumPractice.AppiumFramework.ecommerce_tc_4.stopServer(ecommerce_tc_4.java:141)
at AppiumPractice.AppiumFramework.ecommerce_tc_4.stopServer(ecommerce_tc_4.java:141)
at AppiumPractice.AppiumFramework.ecommerce_tc_4.stopServer(ecommerce_tc_4.java:141)
at AppiumPractice.AppiumFramework.ecommerce_tc_4.stopServer(ecommerce_tc_4.java:141)
at AppiumPractice.AppiumFramework.ecommerce_tc_4.stopServer(ecommerce_tc_4.java:141)
at AppiumPractice.AppiumFramework.ecommerce_tc_4.stopServer(ecommerce_tc_4.java:141)
at AppiumPractice.AppiumFramework.ecommerce_tc_4.stopServer(ecommerce_tc_4.java:141)
at AppiumPractice.AppiumFramework.ecommerce_tc_4.stopServer(ecommerce_tc_4.java:141)
at AppiumPractice.AppiumFramework.ecommerce_tc_4.stopServer(ecommerce_tc_4.java:141)
at AppiumPractice.AppiumFramework.ecommerce_tc_4.stopServer(ecommerce_tc_4.java:141)
at AppiumPractice.AppiumFramework.ecommerce_tc_4.stopServer(ecommerce_tc_4.java:141)
at AppiumPractice.AppiumFramework.ecommerce_tc_4.stopServer(ecommerce_tc_4.java:141)
at AppiumPractice.AppiumFramework.ecommerce_tc_4.stopServer(ecommerce_tc_4.java:141)
at AppiumPractice.AppiumFramework.ecommerce_tc_4.stopServer(ecommerce_tc_4.java:141)
at AppiumPractice.AppiumFramework.ecommerce_tc_4.stopServer(ecommerce_tc_4.java:141)
at AppiumPractice.AppiumFramework.ecommerce_tc_4.stopServer(ecommerce_tc_4.java:141)
at AppiumPractice.AppiumFramework.ecommerce_tc_4.stopServer(ecommerce_tc_4.java:141)
at AppiumPractice.AppiumFramework.ecommerce_tc_4.stopServer(ecommerce_tc_4.java:141)
at AppiumPractice.AppiumFramework.ecommerce_tc_4.stopServer(ecommerce_tc_4.java:141)
at AppiumPractice.AppiumFramework.ecommerce_tc_4.stopServer(ecommerce_tc_4.java:141)
at AppiumPractice.AppiumFramework.ecommerce_tc_4.stopServer(ecommerce_tc_4.java:141)
at AppiumPractice.AppiumFramework.ecommerce_tc_4.stopServer(ecommerce_tc_4.java:141)
at AppiumPractice.AppiumFramework.ecommerce_tc_4.stopServer(ecommerce_tc_4.java:141)
at AppiumPractice.AppiumFramework.ecommerce_tc_4.stopServer(ecommerce_tc_4.java:141)
at AppiumPractice.AppiumFramework.ecommerce_tc_4.stopServer(ecommerce_tc_4.java:141)
at AppiumPractice.AppiumFramework.ecommerce_tc_4.stopServer(ecommerce_tc_4.java:141)
at AppiumPractice.AppiumFramework.ecommerce_tc_4.stopServer(ecommerce_tc_4.java:141)
at AppiumPractice.AppiumFramework.ecommerce_tc_4.stopServer(ecommerce_tc_4.java:141)
at AppiumPractice.AppiumFramework.ecommerce_tc_4.stopServer(ecommerce_tc_4.java:141)
at AppiumPractice.AppiumFramework.ecommerce_tc_4.stopServer(ecommerce_tc_4.java:141)
at AppiumPractice.AppiumFramework.ecommerce_tc_4.stopServer(ecommerce_tc_4.java:141)
at AppiumPractice.AppiumFramework.ecommerce_tc_4.stopServer(ecommerce_tc_4.java:141)
at AppiumPractice.AppiumFramework.ecommerce_tc_4.stopServer(ecommerce_tc_4.java:141)
at AppiumPractice.AppiumFramework.ecommerce_tc_4.stopServer(ecommerce_tc_4.java:141)
at AppiumPractice.AppiumFramework.ecommerce_tc_4.stopServer(ecommerce_tc_4.java:141)
at AppiumPractice.AppiumFramework.ecommerce_tc_4.stopServer(ecommerce_tc_4.java:141)
at AppiumPractice.AppiumFramework.ecommerce_tc_4.stopServer(ecommerce_tc_4.java:141)
at AppiumPractice.AppiumFramework.ecommerce_tc_4.stopServer(ecommerce_tc_4.java:141)
at AppiumPractice.AppiumFramework.ecommerce_tc_4.stopServer(ecommerce_tc_4.java:141)
at AppiumPractice.AppiumFramework.ecommerce_tc_4.stopServer(ecommerce_tc_4.java:141)
at AppiumPractice.AppiumFramework.ecommerce_tc_4.stopServer(ecommerce_tc_4.java:141)
at AppiumPractice.AppiumFramework.ecommerce_tc_4.stopServer(ecommerce_tc_4.java:141)
at AppiumPractice.AppiumFramework.ecommerce_tc_4.stopServer(ecommerce_tc_4.java:141)
at AppiumPractice.AppiumFramework.ecommerce_tc_4.stopServer(ecommerce_tc_4.java:141)
at AppiumPractice.AppiumFramework.ecommerce_tc_4.stopServer(ecommerce_tc_4.java:141)
at AppiumPractice.AppiumFramework.ecommerce_tc_4.stopServer(ecommerce_tc_4.java:141)
at AppiumPractice.AppiumFramework.ecommerce_tc_4.stopServer(ecommerce_tc_4.java:141)
at AppiumPractice.AppiumFramework.ecommerce_tc_4.stopServer(ecommerce_tc_4.java:141)
at AppiumPractice.AppiumFramework.ecommerce_tc_4.stopServer(ecommerce_tc_4.java:141)
at AppiumPractice.AppiumFramework.ecommerce_tc_4.stopServer(ecommerce_tc_4.java:141)
at AppiumPractice.AppiumFramework.ecommerce_tc_4.stopServer(ecommerce_tc_4.java:141)
at AppiumPractice.AppiumFramework.ecommerce_tc_4.stopServer(ecommerce_tc_4.java:141)
at AppiumPractice.AppiumFramework.ecommerce_tc_4.stopServer(ecommerce_tc_4.java:141)
at AppiumPractice.AppiumFramework.ecommerce_tc_4.stopServer(ecommerce_tc_4.java:141)
at AppiumPractice.AppiumFramework.ecommerce_tc_4.stopServer(ecommerce_tc_4.java:141)
at AppiumPractice.AppiumFramework.ecommerce_tc_4.stopServer(ecommerce_tc_4.java:141)
at AppiumPractice.AppiumFramework.ecommerce_tc_4.stopServer(ecommerce_tc_4.java:141)
at AppiumPractice.AppiumFramework.ecommerce_tc_4.stopServer(ecommerce_tc_4.java:141)
at AppiumPractice.AppiumFramework.ecommerce_tc_4.stopServer(ecommerce_tc_4.java:141)
at AppiumPractice.AppiumFramework.ecommerce_tc_4.stopServer(ecommerce_tc_4.java:141)
at AppiumPractice.AppiumFramework.ecommerce_tc_4.stopServer(ecommerce_tc_4.java:141)
at AppiumPractice.AppiumFramework.ecommerce_tc_4.stopServer(ecommerce_tc_4.java:141)
at AppiumPractice.AppiumFramework.ecommerce_tc_4.stopServer(ecommerce_tc_4.java:141)
at AppiumPractice.AppiumFramework.ecommerce_tc_4.stopServer(ecommerce_tc_4.java:141)
at AppiumPractice.AppiumFramework.ecommerce_tc_4.stopServer(ecommerce_tc_4.java:141)
at AppiumPractice.AppiumFramework.ecommerce_tc_4.stopServer(ecommerce_tc_4.java:141)
at AppiumPractice.AppiumFramework.ecommerce_tc_4.stopServer(ecommerce_tc_4.java:141)
at AppiumPractice.AppiumFramework.ecommerce_tc_4.stopServer(ecommerce_tc_4.java:141)
at AppiumPractice.AppiumFramework.ecommerce_tc_4.stopServer(ecommerce_tc_4.java:141)
at AppiumPractice.AppiumFramework.ecommerce_tc_4.stopServer(ecommerce_tc_4.java:141)
at AppiumPractice.AppiumFramework.ecommerce_tc_4.stopServer(ecommerce_tc_4.java:141)
at AppiumPractice.AppiumFramework.ecommerce_tc_4.stopServer(ecommerce_tc_4.java:141)
at AppiumPractice.AppiumFramework.ecommerce_tc_4.stopServer(ecommerce_tc_4.java:141)
at AppiumPractice.AppiumFramework.ecommerce_tc_4.stopServer(ecommerce_tc_4.java:141)
at AppiumPractice.AppiumFramework.ecommerce_tc_4.stopServer(ecommerce_tc_4.java:141)
at AppiumPractice.AppiumFramework.ecommerce_tc_4.stopServer(ecommerce_tc_4.java:141)
at AppiumPractice.AppiumFramework.ecommerce_tc_4.stopServer(ecommerce_tc_4.java:141)
at AppiumPractice.AppiumFramework.ecommerce_tc_4.stopServer(ecommerce_tc_4.java:141)
at AppiumPractice.AppiumFramework.ecommerce_tc_4.stopServer(ecommerce_tc_4.java:141)
at AppiumPractice.AppiumFramework.ecommerce_tc_4.stopServer(ecommerce_tc_4.java:141)
at AppiumPractice.AppiumFramework.ecommerce_tc_4.stopServer(ecommerce_tc_4.java:141)
at AppiumPractice.AppiumFramework.ecommerce_tc_4.stopServer(ecommerce_tc_4.java:141)
at AppiumPractice.AppiumFramework.ecommerce_tc_4.stopServer(ecommerce_tc_4.java:141)
at AppiumPractice.AppiumFramework.ecommerce_tc_4.stopServer(ecommerce_tc_4.java:141)
at AppiumPractice.AppiumFramework.ecommerce_tc_4.stopServer(ecommerce_tc_4.java:141)
at AppiumPractice.AppiumFramework.ecommerce_tc_4.stopServer(ecommerce_tc_4.java:141)
at AppiumPractice.AppiumFramework.ecommerce_tc_4.stopServer(ecommerce_tc_4.java:141)
at AppiumPractice.AppiumFramework.ecommerce_tc_4.stopServer(ecommerce_tc_4.java:141)
at AppiumPractice.AppiumFramework.ecommerce_tc_4.stopServer(ecommerce_tc_4.java:141)
at AppiumPractice.AppiumFramework.ecommerce_tc_4.stopServer(ecommerce_tc_4.java:141)
at AppiumPractice.AppiumFramework.ecommerce_tc_4.stopServer(ecommerce_tc_4.java:141)
at AppiumPractice.AppiumFramework.ecommerce_tc_4.stopServer(ecommerce_tc_4.java:141)
at AppiumPractice.AppiumFramework.ecommerce_tc_4.stopServer(ecommerce_tc_4.java:141)
at AppiumPractice.AppiumFramework.ecommerce_tc_4.stopServer(ecommerce_tc_4.java:141)
at AppiumPractice.AppiumFramework.ecommerce_tc_4.stopServer(ecommerce_tc_4.java:141)
at AppiumPractice.AppiumFramework.ecommerce_tc_4.stopServer(ecommerce_tc_4.java:141)
at AppiumPractice.AppiumFramework.ecommerce_tc_4.stopServer(ecommerce_tc_4.java:141)
at AppiumPractice.AppiumFramework.ecommerce_tc_4.stopServer(ecommerce_tc_4.java:141)
at AppiumPractice.AppiumFramework.ecommerce_tc_4.stopServer(ecommerce_tc_4.java:141)
at AppiumPractice.AppiumFramework.ecommerce_tc_4.stopServer(ecommerce_tc_4.java:141)
at AppiumPractice.AppiumFramework.ecommerce_tc_4.stopServer(ecommerce_tc_4.java:141)
at AppiumPractice.AppiumFramework.ecommerce_tc_4.stopServer(ecommerce_tc_4.java:141)
at AppiumPractice.AppiumFramework.ecommerce_tc_4.stopServer(ecommerce_tc_4.java:141)
at AppiumPractice.AppiumFramework.ecommerce_tc_4.stopServer(ecommerce_tc_4.java:141)
at AppiumPractice.AppiumFramework.ecommerce_tc_4.stopServer(ecommerce_tc_4.java:141)
at AppiumPractice.AppiumFramework.ecommerce_tc_4.stopServer(ecommerce_tc_4.java:141)
at AppiumPractice.AppiumFramework.ecommerce_tc_4.stopServer(ecommerce_tc_4.java:141)
at AppiumPractice.AppiumFramework.ecommerce_tc_4.stopServer(ecommerce_tc_4.java:141)
at AppiumPractice.AppiumFramework.ecommerce_tc_4.stopServer(ecommerce_tc_4.java:141)
at AppiumPractice.AppiumFramework.ecommerce_tc_4.stopServer(ecommerce_tc_4.java:141)
at AppiumPractice.AppiumFramework.ecommerce_tc_4.stopServer(ecommerce_tc_4.java:141)
at AppiumPractice.AppiumFramework.ecommerce_tc_4.stopServer(ecommerce_tc_4.java:141)
at AppiumPractice.AppiumFramework.ecommerce_tc_4.stopServer(ecommerce_tc_4.java:141)
at AppiumPractice.AppiumFramework.ecommerce_tc_4.stopServer(ecommerce_tc_4.java:141)
at AppiumPractice.AppiumFramework.ecommerce_tc_4.stopServer(ecommerce_tc_4.java:141)
at AppiumPractice.AppiumFramework.ecommerce_tc_4.stopServer(ecommerce_tc_4.java:141)
at AppiumPractice.AppiumFramework.ecommerce_tc_4.stopServer(ecommerce_tc_4.java:141)
at AppiumPractice.AppiumFramework.ecommerce_tc_4.stopServer(ecommerce_tc_4.java:141)
at AppiumPractice.AppiumFramework.ecommerce_tc_4.stopServer(ecommerce_tc_4.java:141)
at AppiumPractice.AppiumFramework.ecommerce_tc_4.stopServer(ecommerce_tc_4.java:141)
at AppiumPractice.AppiumFramework.ecommerce_tc_4.stopServer(ecommerce_tc_4.java:141)
at AppiumPractice.AppiumFramework.ecommerce_tc_4.stopServer(ecommerce_tc_4.java:141)
at AppiumPractice.AppiumFramework.ecommerce_tc_4.stopServer(ecommerce_tc_4.java:141)
at AppiumPractice.AppiumFramework.ecommerce_tc_4.stopServer(ecommerce_tc_4.java:141)
at AppiumPractice.AppiumFramework.ecommerce_tc_4.stopServer(ecommerce_tc_4.java:141)
at AppiumPractice.AppiumFramework.ecommerce_tc_4.stopServer(ecommerce_tc_4.java:141)
at AppiumPractice.AppiumFramework.ecommerce_tc_4.stopServer(ecommerce_tc_4.java:141)
at AppiumPractice.AppiumFramework.ecommerce_tc_4.stopServer(ecommerce_tc_4.java:141)
at AppiumPractice.AppiumFramework.ecommerce_tc_4.stopServer(ecommerce_tc_4.java:141)
at AppiumPractice.AppiumFramework.ecommerce_tc_4.stopServer(ecommerce_tc_4.java:141)
at AppiumPractice.AppiumFramework.ecommerce_tc_4.stopServer(ecommerce_tc_4.java:141)
at AppiumPractice.AppiumFramework.ecommerce_tc_4.stopServer(ecommerce_tc_4.java:141)
at AppiumPractice.AppiumFramework.ecommerce_tc_4.stopServer(ecommerce_tc_4.java:141)
at AppiumPractice.AppiumFramework.ecommerce_tc_4.stopServer(ecommerce_tc_4.java:141)
at AppiumPractice.AppiumFramework.ecommerce_tc_4.stopServer(ecommerce_tc_4.java:141)
at AppiumPractice.AppiumFramework.ecommerce_tc_4.stopServer(ecommerce_tc_4.java:141)
at AppiumPractice.AppiumFramework.ecommerce_tc_4.stopServer(ecommerce_tc_4.java:141)
at AppiumPractice.AppiumFramework.ecommerce_tc_4.stopServer(ecommerce_tc_4.java:141)
at AppiumPractice.AppiumFramework.ecommerce_tc_4.stopServer(ecommerce_tc_4.java:141)
at AppiumPractice.AppiumFramework.ecommerce_tc_4.stopServer(ecommerce_tc_4.java:141)
at AppiumPractice.AppiumFramework.ecommerce_tc_4.stopServer(ecommerce_tc_4.java:141)
at AppiumPractice.AppiumFramework.ecommerce_tc_4.stopServer(ecommerce_tc_4.java:141)
at AppiumPractice.AppiumFramework.ecommerce_tc_4.stopServer(ecommerce_tc_4.java:141)
at AppiumPractice.AppiumFramework.ecommerce_tc_4.stopServer(ecommerce_tc_4.java:141)
at AppiumPractice.AppiumFramework.ecommerce_tc_4.stopServer(ecommerce_tc_4.java:141)
at AppiumPractice.AppiumFramework.ecommerce_tc_4.stopServer(ecommerce_tc_4.java:141)
at AppiumPractice.AppiumFramework.ecommerce_tc_4.stopServer(ecommerce_tc_4.java:141)
at AppiumPractice.AppiumFramework.ecommerce_tc_4.stopServer(ecommerce_tc_4.java:141)
at AppiumPractice.AppiumFramework.ecommerce_tc_4.stopServer(ecommerce_tc_4.java:141)
at AppiumPractice.AppiumFramework.ecommerce_tc_4.stopServer(ecommerce_tc_4.java:141)
at AppiumPractice.AppiumFramework.ecommerce_tc_4.stopServer(ecommerce_tc_4.java:141)
at AppiumPractice.AppiumFramework.ecommerce_tc_4.stopServer(ecommerce_tc_4.java:141)
at AppiumPractice.AppiumFramework.ecommerce_tc_4.stopServer(ecommerce_tc_4.java:141)
at AppiumPractice.AppiumFramework.ecommerce_tc_4.stopServer(ecommerce_tc_4.java:141)
at AppiumPractice.AppiumFramework.ecommerce_tc_4.stopServer(ecommerce_tc_4.java:141)
at AppiumPractice.AppiumFramework.ecommerce_tc_4.stopServer(ecommerce_tc_4.java:141)
at AppiumPractice.AppiumFramework.ecommerce_tc_4.stopServer(ecommerce_tc_4.java:141)
at AppiumPractice.AppiumFramework.ecommerce_tc_4.stopServer(ecommerce_tc_4.java:141)
at AppiumPractice.AppiumFramework.ecommerce_tc_4.stopServer(ecommerce_tc_4.java:141)
at AppiumPractice.AppiumFramework.ecommerce_tc_4.stopServer(ecommerce_tc_4.java:141)
at AppiumPractice.AppiumFramework.ecommerce_tc_4.stopServer(ecommerce_tc_4.java:141)
at AppiumPractice.AppiumFramework.ecommerce_tc_4.stopServer(ecommerce_tc_4.java:141)
at AppiumPractice.AppiumFramework.ecommerce_tc_4.stopServer(ecommerce_tc_4.java:141)
at AppiumPractice.AppiumFramework.ecommerce_tc_4.stopServer(ecommerce_tc_4.java:141)
at AppiumPractice.AppiumFramework.ecommerce_tc_4.stopServer(ecommerce_tc_4.java:141)
at AppiumPractice.AppiumFramework.ecommerce_tc_4.stopServer(ecommerce_tc_4.java:141)
at AppiumPractice.AppiumFramework.ecommerce_tc_4.stopServer(ecommerce_tc_4.java:141)
at AppiumPractice.AppiumFramework.ecommerce_tc_4.stopServer(ecommerce_tc_4.java:141)
at AppiumPractice.AppiumFramework.ecommerce_tc_4.stopServer(ecommerce_tc_4.java:141)
at AppiumPractice.AppiumFramework.ecommerce_tc_4.stopServer(ecommerce_tc_4.java:141)
at AppiumPractice.AppiumFramework.ecommerce_tc_4.stopServer(ecommerce_tc_4.java:141)
at AppiumPractice.AppiumFramework.ecommerce_tc_4.stopServer(ecommerce_tc_4.java:141)
at AppiumPractice.AppiumFramework.ecommerce_tc_4.stopServer(ecommerce_tc_4.java:141)
at AppiumPractice.AppiumFramework.ecommerce_tc_4.stopServer(ecommerce_tc_4.java:141)
at AppiumPractice.AppiumFramework.ecommerce_tc_4.stopServer(ecommerce_tc_4.java:141)
at AppiumPractice.AppiumFramework.ecommerce_tc_4.stopServer(ecommerce_tc_4.java:141)
at AppiumPractice.AppiumFramework.ecommerce_tc_4.stopServer(ecommerce_tc_4.java:141)
at AppiumPractice.AppiumFramework.ecommerce_tc_4.stopServer(ecommerce_tc_4.java:141)
at AppiumPractice.AppiumFramework.ecommerce_tc_4.stopServer(ecommerce_tc_4.java:141)
at AppiumPractice.AppiumFramework.ecommerce_tc_4.stopServer(ecommerce_tc_4.java:141)
at AppiumPractice.AppiumFramework.ecommerce_tc_4.stopServer(ecommerce_tc_4.java:141)
at AppiumPractice.AppiumFramework.ecommerce_tc_4.stopServer(ecommerce_tc_4.java:141)
at AppiumPractice.AppiumFramework.ecommerce_tc_4.stopServer(ecommerce_tc_4.java:141)
at AppiumPractice.AppiumFramework.ecommerce_tc_4.stopServer(ecommerce_tc_4.java:141)
at AppiumPractice.AppiumFramework.ecommerce_tc_4.stopServer(ecommerce_tc_4.java:141)
at AppiumPractice.AppiumFramework.ecommerce_tc_4.stopServer(ecommerce_tc_4.java:141)
at AppiumPractice.AppiumFramework.ecommerce_tc_4.stopServer(ecommerce_tc_4.java:141)
at AppiumPractice.AppiumFramework.ecommerce_tc_4.stopServer(ecommerce_tc_4.java:141)
at AppiumPractice.AppiumFramework.ecommerce_tc_4.stopServer(ecommerce_tc_4.java:141)
at AppiumPractice.AppiumFramework.ecommerce_tc_4.stopServer(ecommerce_tc_4.java:141)
at AppiumPractice.AppiumFramework.ecommerce_tc_4.stopServer(ecommerce_tc_4.java:141)
at AppiumPractice.AppiumFramework.ecommerce_tc_4.stopServer(ecommerce_tc_4.java:141)
at AppiumPractice.AppiumFramework.ecommerce_tc_4.stopServer(ecommerce_tc_4.java:141)
at AppiumPractice.AppiumFramework.ecommerce_tc_4.stopServer(ecommerce_tc_4.java:141)
at AppiumPractice.AppiumFramework.ecommerce_tc_4.stopServer(ecommerce_tc_4.java:141)
at AppiumPractice.AppiumFramework.ecommerce_tc_4.stopServer(ecommerce_tc_4.java:141)
at AppiumPractice.AppiumFramework.ecommerce_tc_4.stopServer(ecommerce_tc_4.java:141)
at AppiumPractice.AppiumFramework.ecommerce_tc_4.stopServer(ecommerce_tc_4.java:141)
at AppiumPractice.AppiumFramework.ecommerce_tc_4.stopServer(ecommerce_tc_4.java:141)
at AppiumPractice.AppiumFramework.ecommerce_tc_4.stopServer(ecommerce_tc_4.java:141)
at AppiumPractice.AppiumFramework.ecommerce_tc_4.stopServer(ecommerce_tc_4.java:141)
at AppiumPractice.AppiumFramework.ecommerce_tc_4.stopServer(ecommerce_tc_4.java:141)
at AppiumPractice.AppiumFramework.ecommerce_tc_4.stopServer(ecommerce_tc_4.java:141)
at AppiumPractice.AppiumFramework.ecommerce_tc_4.stopServer(ecommerce_tc_4.java:141)
at AppiumPractice.AppiumFramework.ecommerce_tc_4.stopServer(ecommerce_tc_4.java:141)
at AppiumPractice.AppiumFramework.ecommerce_tc_4.stopServer(ecommerce_tc_4.java:141)
at AppiumPractice.AppiumFramework.ecommerce_tc_4.stopServer(ecommerce_tc_4.java:141)
at AppiumPractice.AppiumFramework.ecommerce_tc_4.stopServer(ecommerce_tc_4.java:141)
at AppiumPractice.AppiumFramework.ecommerce_tc_4.stopServer(ecommerce_tc_4.java:141)
at AppiumPractice.AppiumFramework.ecommerce_tc_4.stopServer(ecommerce_tc_4.java:141)
at AppiumPractice.AppiumFramework.ecommerce_tc_4.stopServer(ecommerce_tc_4.java:141)
at AppiumPractice.AppiumFramework.ecommerce_tc_4.stopServer(ecommerce_tc_4.java:141)
at AppiumPractice.AppiumFramework.ecommerce_tc_4.stopServer(ecommerce_tc_4.java:141)
at AppiumPractice.AppiumFramework.ecommerce_tc_4.stopServer(ecommerce_tc_4.java:141)
at AppiumPractice.AppiumFramework.ecommerce_tc_4.stopServer(ecommerce_tc_4.java:141)
at AppiumPractice.AppiumFramework.ecommerce_tc_4.stopServer(ecommerce_tc_4.java:141)
at AppiumPractice.AppiumFramework.ecommerce_tc_4.stopServer(ecommerce_tc_4.java:141)
at AppiumPractice.AppiumFramework.ecommerce_tc_4.stopServer(ecommerce_tc_4.java:141)
at AppiumPractice.AppiumFramework.ecommerce_tc_4.stopServer(ecommerce_tc_4.java:141)
at AppiumPractice.AppiumFramework.ecommerce_tc_4.stopServer(ecommerce_tc_4.java:141)
at AppiumPractice.AppiumFramework.ecommerce_tc_4.stopServer(ecommerce_tc_4.java:141)
at AppiumPractice.AppiumFramework.ecommerce_tc_4.stopServer(ecommerce_tc_4.java:141)
at AppiumPractice.AppiumFramework.ecommerce_tc_4.stopServer(ecommerce_tc_4.java:141)
at AppiumPractice.AppiumFramework.ecommerce_tc_4.stopServer(ecommerce_tc_4.java:141)
at AppiumPractice.AppiumFramework.ecommerce_tc_4.stopServer(ecommerce_tc_4.java:141)
at AppiumPractice.AppiumFramework.ecommerce_tc_4.stopServer(ecommerce_tc_4.java:141)
at AppiumPractice.AppiumFramework.ecommerce_tc_4.stopServer(ecommerce_tc_4.java:141)
at AppiumPractice.AppiumFramework.ecommerce_tc_4.stopServer(ecommerce_tc_4.java:141)
at AppiumPractice.AppiumFramework.ecommerce_tc_4.stopServer(ecommerce_tc_4.java:141)
at AppiumPractice.AppiumFramework.ecommerce_tc_4.stopServer(ecommerce_tc_4.java:141)
at AppiumPractice.AppiumFramework.ecommerce_tc_4.stopServer(ecommerce_tc_4.java:141)
at AppiumPractice.AppiumFramework.ecommerce_tc_4.stopServer(ecommerce_tc_4.java:141)
at AppiumPractice.AppiumFramework.ecommerce_tc_4.stopServer(ecommerce_tc_4.java:141)
at AppiumPractice.AppiumFramework.ecommerce_tc_4.stopServer(ecommerce_tc_4.java:141)
at AppiumPractice.AppiumFramework.ecommerce_tc_4.stopServer(ecommerce_tc_4.java:141)
at AppiumPractice.AppiumFramework.ecommerce_tc_4.stopServer(ecommerce_tc_4.java:141)
at AppiumPractice.AppiumFramework.ecommerce_tc_4.stopServer(ecommerce_tc_4.java:141)
at AppiumPractice.AppiumFramework.ecommerce_tc_4.stopServer(ecommerce_tc_4.java:141)
at AppiumPractice.AppiumFramework.ecommerce_tc_4.stopServer(ecommerce_tc_4.java:141)
at AppiumPractice.AppiumFramework.ecommerce_tc_4.stopServer(ecommerce_tc_4.java:141)
at AppiumPractice.AppiumFramework.ecommerce_tc_4.stopServer(ecommerce_tc_4.java:141)
at AppiumPractice.AppiumFramework.ecommerce_tc_4.stopServer(ecommerce_tc_4.java:141)
at AppiumPractice.AppiumFramework.ecommerce_tc_4.stopServer(ecommerce_tc_4.java:141)
at AppiumPractice.AppiumFramework.ecommerce_tc_4.stopServer(ecommerce_tc_4.java:141)
at AppiumPractice.AppiumFramework.ecommerce_tc_4.stopServer(ecommerce_tc_4.java:141)
at AppiumPractice.AppiumFramework.ecommerce_tc_4.stopServer(ecommerce_tc_4.java:141)
at AppiumPractice.AppiumFramework.ecommerce_tc_4.stopServer(ecommerce_tc_4.java:141)
at AppiumPractice.AppiumFramework.ecommerce_tc_4.stopServer(ecommerce_tc_4.java:141)
at AppiumPractice.AppiumFramework.ecommerce_tc_4.stopServer(ecommerce_tc_4.java:141)
at AppiumPractice.AppiumFramework.ecommerce_tc_4.stopServer(ecommerce_tc_4.java:141)
at AppiumPractice.AppiumFramework.ecommerce_tc_4.stopServer(ecommerce_tc_4.java:141)
at AppiumPractice.AppiumFramework.ecommerce_tc_4.stopServer(ecommerce_tc_4.java:141)
at AppiumPractice.AppiumFramework.ecommerce_tc_4.stopServer(ecommerce_tc_4.java:141)
at AppiumPractice.AppiumFramework.ecommerce_tc_4.stopServer(ecommerce_tc_4.java:141)
at AppiumPractice.AppiumFramework.ecommerce_tc_4.stopServer(ecommerce_tc_4.java:141)
at AppiumPractice.AppiumFramework.ecommerce_tc_4.stopServer(ecommerce_tc_4.java:141)
at AppiumPractice.AppiumFramework.ecommerce_tc_4.stopServer(ecommerce_tc_4.java:141)
at AppiumPractice.AppiumFramework.ecommerce_tc_4.stopServer(ecommerce_tc_4.java:141)
at AppiumPractice.AppiumFramework.ecommerce_tc_4.stopServer(ecommerce_tc_4.java:141)
at AppiumPractice.AppiumFramework.ecommerce_tc_4.stopServer(ecommerce_tc_4.java:141)
at AppiumPractice.AppiumFramework.ecommerce_tc_4.stopServer(ecommerce_tc_4.java:141)
at AppiumPractice.AppiumFramework.ecommerce_tc_4.stopServer(ecommerce_tc_4.java:141)
at AppiumPractice.AppiumFramework.ecommerce_tc_4.stopServer(ecommerce_tc_4.java:141)
at AppiumPractice.AppiumFramework.ecommerce_tc_4.stopServer(ecommerce_tc_4.java:141)
at AppiumPractice.AppiumFramework.ecommerce_tc_4.stopServer(ecommerce_tc_4.java:141)
at AppiumPractice.AppiumFramework.ecommerce_tc_4.stopServer(ecommerce_tc_4.java:141)
at AppiumPractice.AppiumFramework.ecommerce_tc_4.stopServer(ecommerce_tc_4.java:141)
at AppiumPractice.AppiumFramework.ecommerce_tc_4.stopServer(ecommerce_tc_4.java:141)
at AppiumPractice.AppiumFramework.ecommerce_tc_4.stopServer(ecommerce_tc_4.java:141)
at AppiumPractice.AppiumFramework.ecommerce_tc_4.stopServer(ecommerce_tc_4.java:141)
at AppiumPractice.AppiumFramework.ecommerce_tc_4.stopServer(ecommerce_tc_4.java:141)
at AppiumPractice.AppiumFramework.ecommerce_tc_4.stopServer(ecommerce_tc_4.java:141)
at AppiumPractice.AppiumFramework.ecommerce_tc_4.stopServer(ecommerce_tc_4.java:141)
at AppiumPractice.AppiumFramework.ecommerce_tc_4.stopServer(ecommerce_tc_4.java:141)
at AppiumPractice.AppiumFramework.ecommerce_tc_4.stopServer(ecommerce_tc_4.java:141)
at AppiumPractice.AppiumFramework.ecommerce_tc_4.stopServer(ecommerce_tc_4.java:141)
at AppiumPractice.AppiumFramework.ecommerce_tc_4.stopServer(ecommerce_tc_4.java:141)
at AppiumPractice.AppiumFramework.ecommerce_tc_4.stopServer(ecommerce_tc_4.java:141)
at AppiumPractice.AppiumFramework.ecommerce_tc_4.stopServer(ecommerce_tc_4.java:141)
at AppiumPractice.AppiumFramework.ecommerce_tc_4.stopServer(ecommerce_tc_4.java:141)
at AppiumPractice.AppiumFramework.ecommerce_tc_4.stopServer(ecommerce_tc_4.java:141)
at AppiumPractice.AppiumFramework.ecommerce_tc_4.stopServer(ecommerce_tc_4.java:141)
at AppiumPractice.AppiumFramework.ecommerce_tc_4.stopServer(ecommerce_tc_4.java:141)
at AppiumPractice.AppiumFramework.ecommerce_tc_4.stopServer(ecommerce_tc_4.java:141)
at AppiumPractice.AppiumFramework.ecommerce_tc_4.stopServer(ecommerce_tc_4.java:141)
at AppiumPractice.AppiumFramework.ecommerce_tc_4.stopServer(ecommerce_tc_4.java:141)
at AppiumPractice.AppiumFramework.ecommerce_tc_4.stopServer(ecommerce_tc_4.java:141)
at AppiumPractice.AppiumFramework.ecommerce_tc_4.stopServer(ecommerce_tc_4.java:141)
at AppiumPractice.AppiumFramework.ecommerce_tc_4.stopServer(ecommerce_tc_4.java:141)
at AppiumPractice.AppiumFramework.ecommerce_tc_4.stopServer(ecommerce_tc_4.java:141)
at AppiumPractice.AppiumFramework.ecommerce_tc_4.stopServer(ecommerce_tc_4.java:141)
at AppiumPractice.AppiumFramework.ecommerce_tc_4.stopServer(ecommerce_tc_4.java:141)
at AppiumPractice.AppiumFramework.ecommerce_tc_4.stopServer(ecommerce_tc_4.java:141)
at AppiumPractice.AppiumFramework.ecommerce_tc_4.stopServer(ecommerce_tc_4.java:141)
at AppiumPractice.AppiumFramework.ecommerce_tc_4.stopServer(ecommerce_tc_4.java:141)
at AppiumPractice.AppiumFramework.ecommerce_tc_4.stopServer(ecommerce_tc_4.java:141)
at AppiumPractice.AppiumFramework.ecommerce_tc_4.stopServer(ecommerce_tc_4.java:141)
at AppiumPractice.AppiumFramework.ecommerce_tc_4.stopServer(ecommerce_tc_4.java:141)
at AppiumPractice.AppiumFramework.ecommerce_tc_4.stopServer(ecommerce_tc_4.java:141)
at AppiumPractice.AppiumFramework.ecommerce_tc_4.stopServer(ecommerce_tc_4.java:141)
at AppiumPractice.AppiumFramework.ecommerce_tc_4.stopServer(ecommerce_tc_4.java:141)
at AppiumPractice.AppiumFramework.ecommerce_tc_4.stopServer(ecommerce_tc_4.java:141)
at AppiumPractice.AppiumFramework.ecommerce_tc_4.stopServer(ecommerce_tc_4.java:141)
at AppiumPractice.AppiumFramework.ecommerce_tc_4.stopServer(ecommerce_tc_4.java:141)
at AppiumPractice.AppiumFramework.ecommerce_tc_4.stopServer(ecommerce_tc_4.java:141)
at AppiumPractice.AppiumFramework.ecommerce_tc_4.stopServer(ecommerce_tc_4.java:141)
at AppiumPractice.AppiumFramework.ecommerce_tc_4.stopServer(ecommerce_tc_4.java:141)
at AppiumPractice.AppiumFramework.ecommerce_tc_4.stopServer(ecommerce_tc_4.java:141)
at AppiumPractice.AppiumFramework.ecommerce_tc_4.stopServer(ecommerce_tc_4.java:141)
at AppiumPractice.AppiumFramework.ecommerce_tc_4.stopServer(ecommerce_tc_4.java:141)
at AppiumPractice.AppiumFramework.ecommerce_tc_4.stopServer(ecommerce_tc_4.java:141)
at AppiumPractice.AppiumFramework.ecommerce_tc_4.stopServer(ecommerce_tc_4.java:141)
at AppiumPractice.AppiumFramework.ecommerce_tc_4.stopServer(ecommerce_tc_4.java:141)
at AppiumPractice.AppiumFramework.ecommerce_tc_4.stopServer(ecommerce_tc_4.java:141)
at AppiumPractice.AppiumFramework.ecommerce_tc_4.stopServer(ecommerce_tc_4.java:141)
at AppiumPractice.AppiumFramework.ecommerce_tc_4.stopServer(ecommerce_tc_4.java:141)
at AppiumPractice.AppiumFramework.ecommerce_tc_4.stopServer(ecommerce_tc_4.java:141)
at AppiumPractice.AppiumFramework.ecommerce_tc_4.stopServer(ecommerce_tc_4.java:141)
at AppiumPractice.AppiumFramework.ecommerce_tc_4.stopServer(ecommerce_tc_4.java:141)
at AppiumPractice.AppiumFramework.ecommerce_tc_4.stopServer(ecommerce_tc_4.java:141)
at AppiumPractice.AppiumFramework.ecommerce_tc_4.stopServer(ecommerce_tc_4.java:141)
at AppiumPractice.AppiumFramework.ecommerce_tc_4.stopServer(ecommerce_tc_4.java:141)
at AppiumPractice.AppiumFramework.ecommerce_tc_4.stopServer(ecommerce_tc_4.java:141)
at AppiumPractice.AppiumFramework.ecommerce_tc_4.stopServer(ecommerce_tc_4.java:141)
at AppiumPractice.AppiumFramework.ecommerce_tc_4.stopServer(ecommerce_tc_4.java:141)
at AppiumPractice.AppiumFramework.ecommerce_tc_4.stopServer(ecommerce_tc_4.java:141)
at AppiumPractice.AppiumFramework.ecommerce_tc_4.stopServer(ecommerce_tc_4.java:141)
at AppiumPractice.AppiumFramework.ecommerce_tc_4.stopServer(ecommerce_tc_4.java:141)
at AppiumPractice.AppiumFramework.ecommerce_tc_4.stopServer(ecommerce_tc_4.java:141)
at AppiumPractice.AppiumFramework.ecommerce_tc_4.stopServer(ecommerce_tc_4.java:141)
at AppiumPractice.AppiumFramework.ecommerce_tc_4.stopServer(ecommerce_tc_4.java:141)
at AppiumPractice.AppiumFramework.ecommerce_tc_4.stopServer(ecommerce_tc_4.java:141)
at AppiumPractice.AppiumFramework.ecommerce_tc_4.stopServer(ecommerce_tc_4.java:141)
at AppiumPractice.AppiumFramework.ecommerce_tc_4.stopServer(ecommerce_tc_4.java:141)
at AppiumPractice.AppiumFramework.ecommerce_tc_4.stopServer(ecommerce_tc_4.java:141)
at AppiumPractice.AppiumFramework.ecommerce_tc_4.stopServer(ecommerce_tc_4.java:141)
at AppiumPractice.AppiumFramework.ecommerce_tc_4.stopServer(ecommerce_tc_4.java:141)
at AppiumPractice.AppiumFramework.ecommerce_tc_4.stopServer(ecommerce_tc_4.java:141)
at AppiumPractice.AppiumFramework.ecommerce_tc_4.stopServer(ecommerce_tc_4.java:141)
at AppiumPractice.AppiumFramework.ecommerce_tc_4.stopServer(ecommerce_tc_4.java:141)
at AppiumPractice.AppiumFramework.ecommerce_tc_4.stopServer(ecommerce_tc_4.java:141)
at AppiumPractice.AppiumFramework.ecommerce_tc_4.stopServer(ecommerce_tc_4.java:141)
at AppiumPractice.AppiumFramework.ecommerce_tc_4.stopServer(ecommerce_tc_4.java:141)
at AppiumPractice.AppiumFramework.ecommerce_tc_4.stopServer(ecommerce_tc_4.java:141)
at AppiumPractice.AppiumFramework.ecommerce_tc_4.stopServer(ecommerce_tc_4.java:141)
at AppiumPractice.AppiumFramework.ecommerce_tc_4.stopServer(ecommerce_tc_4.java:141)
at AppiumPractice.AppiumFramework.ecommerce_tc_4.stopServer(ecommerce_tc_4.java:141)
at AppiumPractice.AppiumFramework.ecommerce_tc_4.stopServer(ecommerce_tc_4.java:141)
at AppiumPractice.AppiumFramework.ecommerce_tc_4.stopServer(ecommerce_tc_4.java:141)
at AppiumPractice.AppiumFramework.ecommerce_tc_4.stopServer(ecommerce_tc_4.java:141)
at AppiumPractice.AppiumFramework.ecommerce_tc_4.stopServer(ecommerce_tc_4.java:141)
at AppiumPractice.AppiumFramework.ecommerce_tc_4.stopServer(ecommerce_tc_4.java:141)
at AppiumPractice.AppiumFramework.ecommerce_tc_4.stopServer(ecommerce_tc_4.java:141)
at AppiumPractice.AppiumFramework.ecommerce_tc_4.stopServer(ecommerce_tc_4.java:141)
at AppiumPractice.AppiumFramework.ecommerce_tc_4.stopServer(ecommerce_tc_4.java:141)
at AppiumPractice.AppiumFramework.ecommerce_tc_4.stopServer(ecommerce_tc_4.java:141)
at AppiumPractice.AppiumFramework.ecommerce_tc_4.stopServer(ecommerce_tc_4.java:141)
at AppiumPractice.AppiumFramework.ecommerce_tc_4.stopServer(ecommerce_tc_4.java:141)
at AppiumPractice.AppiumFramework.ecommerce_tc_4.stopServer(ecommerce_tc_4.java:141)
at AppiumPractice.AppiumFramework.ecommerce_tc_4.stopServer(ecommerce_tc_4.java:141)
at AppiumPractice.AppiumFramework.ecommerce_tc_4.stopServer(ecommerce_tc_4.java:141)
at AppiumPractice.AppiumFramework.ecommerce_tc_4.stopServer(ecommerce_tc_4.java:141)
at AppiumPractice.AppiumFramework.ecommerce_tc_4.stopServer(ecommerce_tc_4.java:141)
at AppiumPractice.AppiumFramework.ecommerce_tc_4.stopServer(ecommerce_tc_4.java:141)
at AppiumPractice.AppiumFramework.ecommerce_tc_4.stopServer(ecommerce_tc_4.java:141)
at AppiumPractice.AppiumFramework.ecommerce_tc_4.stopServer(ecommerce_tc_4.java:141)
at AppiumPractice.AppiumFramework.ecommerce_tc_4.stopServer(ecommerce_tc_4.java:141)
at AppiumPractice.AppiumFramework.ecommerce_tc_4.stopServer(ecommerce_tc_4.java:141)
at AppiumPractice.AppiumFramework.ecommerce_tc_4.stopServer(ecommerce_tc_4.java:141)
at AppiumPractice.AppiumFramework.ecommerce_tc_4.stopServer(ecommerce_tc_4.java:141)
at AppiumPractice.AppiumFramework.ecommerce_tc_4.stopServer(ecommerce_tc_4.java:141)
at AppiumPractice.AppiumFramework.ecommerce_tc_4.stopServer(ecommerce_tc_4.java:141)
at AppiumPractice.AppiumFramework.ecommerce_tc_4.stopServer(ecommerce_tc_4.java:141)
at AppiumPractice.AppiumFramework.ecommerce_tc_4.stopServer(ecommerce_tc_4.java:141)
at AppiumPractice.AppiumFramework.ecommerce_tc_4.stopServer(ecommerce_tc_4.java:141)
at AppiumPractice.AppiumFramework.ecommerce_tc_4.stopServer(ecommerce_tc_4.java:141)
at AppiumPractice.AppiumFramework.ecommerce_tc_4.stopServer(ecommerce_tc_4.java:141)
at AppiumPractice.AppiumFramework.ecommerce_tc_4.stopServer(ecommerce_tc_4.java:141)
at AppiumPractice.AppiumFramework.ecommerce_tc_4.stopServer(ecommerce_tc_4.java:141)
at AppiumPractice.AppiumFramework.ecommerce_tc_4.stopServer(ecommerce_tc_4.java:141)
at AppiumPractice.AppiumFramework.ecommerce_tc_4.stopServer(ecommerce_tc_4.java:141)
at AppiumPractice.AppiumFramework.ecommerce_tc_4.stopServer(ecommerce_tc_4.java:141)
at AppiumPractice.AppiumFramework.ecommerce_tc_4.stopServer(ecommerce_tc_4.java:141)
at AppiumPractice.AppiumFramework.ecommerce_tc_4.stopServer(ecommerce_tc_4.java:141)
at AppiumPractice.AppiumFramework.ecommerce_tc_4.stopServer(ecommerce_tc_4.java:141)
at AppiumPractice.AppiumFramework.ecommerce_tc_4.stopServer(ecommerce_tc_4.java:141)
at AppiumPractice.AppiumFramework.ecommerce_tc_4.stopServer(ecommerce_tc_4.java:141)
at AppiumPractice.AppiumFramework.ecommerce_tc_4.stopServer(ecommerce_tc_4.java:141)
at AppiumPractice.AppiumFramework.ecommerce_tc_4.stopServer(ecommerce_tc_4.java:141)
at AppiumPractice.AppiumFramework.ecommerce_tc_4.stopServer(ecommerce_tc_4.java:141)
at AppiumPractice.AppiumFramework.ecommerce_tc_4.stopServer(ecommerce_tc_4.java:141)
at AppiumPractice.AppiumFramework.ecommerce_tc_4.stopServer(ecommerce_tc_4.java:141)
at AppiumPractice.AppiumFramework.ecommerce_tc_4.stopServer(ecommerce_tc_4.java:141)
at AppiumPractice.AppiumFramework.ecommerce_tc_4.stopServer(ecommerce_tc_4.java:141)
at AppiumPractice.AppiumFramework.ecommerce_tc_4.stopServer(ecommerce_tc_4.java:141)
at AppiumPractice.AppiumFramework.ecommerce_tc_4.stopServer(ecommerce_tc_4.java:141)
at AppiumPractice.AppiumFramework.ecommerce_tc_4.stopServer(ecommerce_tc_4.java:141)
at AppiumPractice.AppiumFramework.ecommerce_tc_4.stopServer(ecommerce_tc_4.java:141)
at AppiumPractice.AppiumFramework.ecommerce_tc_4.stopServer(ecommerce_tc_4.java:141)
at AppiumPractice.AppiumFramework.ecommerce_tc_4.stopServer(ecommerce_tc_4.java:141)
at AppiumPractice.AppiumFramework.ecommerce_tc_4.stopServer(ecommerce_tc_4.java:141)
at AppiumPractice.AppiumFramework.ecommerce_tc_4.stopServer(ecommerce_tc_4.java:141)
at AppiumPractice.AppiumFramework.ecommerce_tc_4.stopServer(ecommerce_tc_4.java:141)
at AppiumPractice.AppiumFramework.ecommerce_tc_4.stopServer(ecommerce_tc_4.java:141)
at AppiumPractice.AppiumFramework.ecommerce_tc_4.stopServer(ecommerce_tc_4.java:141)
at AppiumPractice.AppiumFramework.ecommerce_tc_4.stopServer(ecommerce_tc_4.java:141)
at AppiumPractice.AppiumFramework.ecommerce_tc_4.stopServer(ecommerce_tc_4.java:141)
at AppiumPractice.AppiumFramework.ecommerce_tc_4.stopServer(ecommerce_tc_4.java:141)
at AppiumPractice.AppiumFramework.ecommerce_tc_4.stopServer(ecommerce_tc_4.java:141)
at AppiumPractice.AppiumFramework.ecommerce_tc_4.stopServer(ecommerce_tc_4.java:141)
at AppiumPractice.AppiumFramework.ecommerce_tc_4.stopServer(ecommerce_tc_4.java:141)
at AppiumPractice.AppiumFramework.ecommerce_tc_4.stopServer(ecommerce_tc_4.java:141)
at AppiumPractice.AppiumFramework.ecommerce_tc_4.stopServer(ecommerce_tc_4.java:141)
at AppiumPractice.AppiumFramework.ecommerce_tc_4.stopServer(ecommerce_tc_4.java:141)
at AppiumPractice.AppiumFramework.ecommerce_tc_4.stopServer(ecommerce_tc_4.java:141)
at AppiumPractice.AppiumFramework.ecommerce_tc_4.stopServer(ecommerce_tc_4.java:141)
at AppiumPractice.AppiumFramework.ecommerce_tc_4.stopServer(ecommerce_tc_4.java:141)
at AppiumPractice.AppiumFramework.ecommerce_tc_4.stopServer(ecommerce_tc_4.java:141)
at AppiumPractice.AppiumFramework.ecommerce_tc_4.stopServer(ecommerce_tc_4.java:141)
at AppiumPractice.AppiumFramework.ecommerce_tc_4.stopServer(ecommerce_tc_4.java:141)
at AppiumPractice.AppiumFramework.ecommerce_tc_4.stopServer(ecommerce_tc_4.java:141)
at AppiumPractice.AppiumFramework.ecommerce_tc_4.stopServer(ecommerce_tc_4.java:141)
at AppiumPractice.AppiumFramework.ecommerce_tc_4.stopServer(ecommerce_tc_4.java:141)
at AppiumPractice.AppiumFramework.ecommerce_tc_4.stopServer(ecommerce_tc_4.java:141)
at AppiumPractice.AppiumFramework.ecommerce_tc_4.stopServer(ecommerce_tc_4.java:141)
at AppiumPractice.AppiumFramework.ecommerce_tc_4.stopServer(ecommerce_tc_4.java:141)
at AppiumPractice.AppiumFramework.ecommerce_tc_4.stopServer(ecommerce_tc_4.java:141)
at AppiumPractice.AppiumFramework.ecommerce_tc_4.stopServer(ecommerce_tc_4.java:141)
at AppiumPractice.AppiumFramework.ecommerce_tc_4.stopServer(ecommerce_tc_4.java:141)
at AppiumPractice.AppiumFramework.ecommerce_tc_4.stopServer(ecommerce_tc_4.java:141)
at AppiumPractice.AppiumFramework.ecommerce_tc_4.stopServer(ecommerce_tc_4.java:141)
at AppiumPractice.AppiumFramework.ecommerce_tc_4.stopServer(ecommerce_tc_4.java:141)
at AppiumPractice.AppiumFramework.ecommerce_tc_4.stopServer(ecommerce_tc_4.java:141)
at AppiumPractice.AppiumFramework.ecommerce_tc_4.stopServer(ecommerce_tc_4.java:141)
at AppiumPractice.AppiumFramework.ecommerce_tc_4.stopServer(ecommerce_tc_4.java:141)
at AppiumPractice.AppiumFramework.ecommerce_tc_4.stopServer(ecommerce_tc_4.java:141)
at AppiumPractice.AppiumFramework.ecommerce_tc_4.stopServer(ecommerce_tc_4.java:141)
at AppiumPractice.AppiumFramework.ecommerce_tc_4.stopServer(ecommerce_tc_4.java:141)
at AppiumPractice.AppiumFramework.ecommerce_tc_4.stopServer(ecommerce_tc_4.java:141)
at AppiumPractice.AppiumFramework.ecommerce_tc_4.stopServer(ecommerce_tc_4.java:141)
at AppiumPractice.AppiumFramework.ecommerce_tc_4.stopServer(ecommerce_tc_4.java:141)
at AppiumPractice.AppiumFramework.ecommerce_tc_4.stopServer(ecommerce_tc_4.java:141)
at AppiumPractice.AppiumFramework.ecommerce_tc_4.stopServer(ecommerce_tc_4.java:141)
at AppiumPractice.AppiumFramework.ecommerce_tc_4.stopServer(ecommerce_tc_4.java:141)
at AppiumPractice.AppiumFramework.ecommerce_tc_4.stopServer(ecommerce_tc_4.java:141)
at AppiumPractice.AppiumFramework.ecommerce_tc_4.stopServer(ecommerce_tc_4.java:141)
at AppiumPractice.AppiumFramework.ecommerce_tc_4.stopServer(ecommerce_tc_4.java:141)
at AppiumPractice.AppiumFramework.ecommerce_tc_4.stopServer(ecommerce_tc_4.java:141)
at AppiumPractice.AppiumFramework.ecommerce_tc_4.stopServer(ecommerce_tc_4.java:141)
at AppiumPractice.AppiumFramework.ecommerce_tc_4.stopServer(ecommerce_tc_4.java:141)
at AppiumPractice.AppiumFramework.ecommerce_tc_4.stopServer(ecommerce_tc_4.java:141)
at AppiumPractice.AppiumFramework.ecommerce_tc_4.stopServer(ecommerce_tc_4.java:141)
at AppiumPractice.AppiumFramework.ecommerce_tc_4.stopServer(ecommerce_tc_4.java:141)
at AppiumPractice.AppiumFramework.ecommerce_tc_4.stopServer(ecommerce_tc_4.java:141)
at AppiumPractice.AppiumFramework.ecommerce_tc_4.stopServer(ecommerce_tc_4.java:141)
at AppiumPractice.AppiumFramework.ecommerce_tc_4.stopServer(ecommerce_tc_4.java:141)
at AppiumPractice.AppiumFramework.ecommerce_tc_4.stopServer(ecommerce_tc_4.java:141)
at AppiumPractice.AppiumFramework.ecommerce_tc_4.stopServer(ecommerce_tc_4.java:141)
at AppiumPractice.AppiumFramework.ecommerce_tc_4.stopServer(ecommerce_tc_4.java:141)
at AppiumPractice.AppiumFramework.ecommerce_tc_4.stopServer(ecommerce_tc_4.java:141)
at AppiumPractice.AppiumFramework.ecommerce_tc_4.stopServer(ecommerce_tc_4.java:141)
at AppiumPractice.AppiumFramework.ecommerce_tc_4.stopServer(ecommerce_tc_4.java:141)
at AppiumPractice.AppiumFramework.ecommerce_tc_4.stopServer(ecommerce_tc_4.java:141)
at AppiumPractice.AppiumFramework.ecommerce_tc_4.stopServer(ecommerce_tc_4.java:141)
at AppiumPractice.AppiumFramework.ecommerce_tc_4.stopServer(ecommerce_tc_4.java:141)
at AppiumPractice.AppiumFramework.ecommerce_tc_4.stopServer(ecommerce_tc_4.java:141)
at AppiumPractice.AppiumFramework.ecommerce_tc_4.stopServer(ecommerce_tc_4.java:141)
at AppiumPractice.AppiumFramework.ecommerce_tc_4.stopServer(ecommerce_tc_4.java:141)
at AppiumPractice.AppiumFramework.ecommerce_tc_4.stopServer(ecommerce_tc_4.java:141)
at AppiumPractice.AppiumFramework.ecommerce_tc_4.stopServer(ecommerce_tc_4.java:141)
at AppiumPractice.AppiumFramework.ecommerce_tc_4.stopServer(ecommerce_tc_4.java:141)
at AppiumPractice.AppiumFramework.ecommerce_tc_4.stopServer(ecommerce_tc_4.java:141)
at AppiumPractice.AppiumFramework.ecommerce_tc_4.stopServer(ecommerce_tc_4.java:141)
at AppiumPractice.AppiumFramework.ecommerce_tc_4.stopServer(ecommerce_tc_4.java:141)
at AppiumPractice.AppiumFramework.ecommerce_tc_4.stopServer(ecommerce_tc_4.java:141)
at AppiumPractice.AppiumFramework.ecommerce_tc_4.stopServer(ecommerce_tc_4.java:141)
at AppiumPractice.AppiumFramework.ecommerce_tc_4.stopServer(ecommerce_tc_4.java:141)
at AppiumPractice.AppiumFramework.ecommerce_tc_4.stopServer(ecommerce_tc_4.java:141)
at AppiumPractice.AppiumFramework.ecommerce_tc_4.stopServer(ecommerce_tc_4.java:141)
at AppiumPractice.AppiumFramework.ecommerce_tc_4.stopServer(ecommerce_tc_4.java:141)
at AppiumPractice.AppiumFramework.ecommerce_tc_4.stopServer(ecommerce_tc_4.java:141)
at AppiumPractice.AppiumFramework.ecommerce_tc_4.stopServer(ecommerce_tc_4.java:141)
at AppiumPractice.AppiumFramework.ecommerce_tc_4.stopServer(ecommerce_tc_4.java:141)
at AppiumPractice.AppiumFramework.ecommerce_tc_4.stopServer(ecommerce_tc_4.java:141)
at AppiumPractice.AppiumFramework.ecommerce_tc_4.stopServer(ecommerce_tc_4.java:141)
at AppiumPractice.AppiumFramework.ecommerce_tc_4.stopServer(ecommerce_tc_4.java:141)
at AppiumPractice.AppiumFramework.ecommerce_tc_4.stopServer(ecommerce_tc_4.java:141)
at AppiumPractice.AppiumFramework.ecommerce_tc_4.stopServer(ecommerce_tc_4.java:141)
at AppiumPractice.AppiumFramework.ecommerce_tc_4.stopServer(ecommerce_tc_4.java:141)
at AppiumPractice.AppiumFramework.ecommerce_tc_4.stopServer(ecommerce_tc_4.java:141)
at AppiumPractice.AppiumFramework.ecommerce_tc_4.stopServer(ecommerce_tc_4.java:141)
at AppiumPractice.AppiumFramework.ecommerce_tc_4.stopServer(ecommerce_tc_4.java:141)
at AppiumPractice.AppiumFramework.ecommerce_tc_4.stopServer(ecommerce_tc_4.java:141)
at AppiumPractice.AppiumFramework.ecommerce_tc_4.stopServer(ecommerce_tc_4.java:141)
at AppiumPractice.AppiumFramework.ecommerce_tc_4.stopServer(ecommerce_tc_4.java:141)
at AppiumPractice.AppiumFramework.ecommerce_tc_4.stopServer(ecommerce_tc_4.java:141)
at AppiumPractice.AppiumFramework.ecommerce_tc_4.stopServer(ecommerce_tc_4.java:141)
at AppiumPractice.AppiumFramework.ecommerce_tc_4.stopServer(ecommerce_tc_4.java:141)
at AppiumPractice.AppiumFramework.ecommerce_tc_4.stopServer(ecommerce_tc_4.java:141)
at AppiumPractice.AppiumFramework.ecommerce_tc_4.stopServer(ecommerce_tc_4.java:141)
at AppiumPractice.AppiumFramework.ecommerce_tc_4.stopServer(ecommerce_tc_4.java:141)
at AppiumPractice.AppiumFramework.ecommerce_tc_4.stopServer(ecommerce_tc_4.java:141)
at AppiumPractice.AppiumFramework.ecommerce_tc_4.stopServer(ecommerce_tc_4.java:141)
at AppiumPractice.AppiumFramework.ecommerce_tc_4.stopServer(ecommerce_tc_4.java:141)
at AppiumPractice.AppiumFramework.ecommerce_tc_4.stopServer(ecommerce_tc_4.java:141)
at AppiumPractice.AppiumFramework.ecommerce_tc_4.stopServer(ecommerce_tc_4.java:141)
at AppiumPractice.AppiumFramework.ecommerce_tc_4.stopServer(ecommerce_tc_4.java:141)
at AppiumPractice.AppiumFramework.ecommerce_tc_4.stopServer(ecommerce_tc_4.java:141)
at AppiumPractice.AppiumFramework.ecommerce_tc_4.stopServer(ecommerce_tc_4.java:141)
at AppiumPractice.AppiumFramework.ecommerce_tc_4.stopServer(ecommerce_tc_4.java:141)
at AppiumPractice.AppiumFramework.ecommerce_tc_4.stopServer(ecommerce_tc_4.java:141)
at AppiumPractice.AppiumFramework.ecommerce_tc_4.stopServer(ecommerce_tc_4.java:141)
at AppiumPractice.AppiumFramework.ecommerce_tc_4.stopServer(ecommerce_tc_4.java:141)
at AppiumPractice.AppiumFramework.ecommerce_tc_4.stopServer(ecommerce_tc_4.java:141)
at AppiumPractice.AppiumFramework.ecommerce_tc_4.stopServer(ecommerce_tc_4.java:141)
at AppiumPractice.AppiumFramework.ecommerce_tc_4.stopServer(ecommerce_tc_4.java:141)
at AppiumPractice.AppiumFramework.ecommerce_tc_4.stopServer(ecommerce_tc_4.java:141)
at AppiumPractice.AppiumFramework.ecommerce_tc_4.stopServer(ecommerce_tc_4.java:141)
at AppiumPractice.AppiumFramework.ecommerce_tc_4.stopServer(ecommerce_tc_4.java:141)
at AppiumPractice.AppiumFramework.ecommerce_tc_4.stopServer(ecommerce_tc_4.java:141)
at AppiumPractice.AppiumFramework.ecommerce_tc_4.stopServer(ecommerce_tc_4.java:141)
at AppiumPractice.AppiumFramework.ecommerce_tc_4.stopServer(ecommerce_tc_4.java:141)
at AppiumPractice.AppiumFramework.ecommerce_tc_4.stopServer(ecommerce_tc_4.java:141)
at AppiumPractice.AppiumFramework.ecommerce_tc_4.stopServer(ecommerce_tc_4.java:141)
at AppiumPractice.AppiumFramework.ecommerce_tc_4.stopServer(ecommerce_tc_4.java:141)
at AppiumPractice.AppiumFramework.ecommerce_tc_4.stopServer(ecommerce_tc_4.java:141)
at AppiumPractice.AppiumFramework.ecommerce_tc_4.stopServer(ecommerce_tc_4.java:141)
at AppiumPractice.AppiumFramework.ecommerce_tc_4.stopServer(ecommerce_tc_4.java:141)
at AppiumPractice.AppiumFramework.ecommerce_tc_4.stopServer(ecommerce_tc_4.java:141)
at AppiumPractice.AppiumFramework.ecommerce_tc_4.stopServer(ecommerce_tc_4.java:141)
at AppiumPractice.AppiumFramework.ecommerce_tc_4.stopServer(ecommerce_tc_4.java:141)
at AppiumPractice.AppiumFramework.ecommerce_tc_4.stopServer(ecommerce_tc_4.java:141)
at AppiumPractice.AppiumFramework.ecommerce_tc_4.stopServer(ecommerce_tc_4.java:141)
at AppiumPractice.AppiumFramework.ecommerce_tc_4.stopServer(ecommerce_tc_4.java:141)
at AppiumPractice.AppiumFramework.ecommerce_tc_4.stopServer(ecommerce_tc_4.java:141)
at AppiumPractice.AppiumFramework.ecommerce_tc_4.stopServer(ecommerce_tc_4.java:141)
at AppiumPractice.AppiumFramework.ecommerce_tc_4.stopServer(ecommerce_tc_4.java:141)
at AppiumPractice.AppiumFramework.ecommerce_tc_4.stopServer(ecommerce_tc_4.java:141)
at AppiumPractice.AppiumFramework.ecommerce_tc_4.stopServer(ecommerce_tc_4.java:141)
at AppiumPractice.AppiumFramework.ecommerce_tc_4.stopServer(ecommerce_tc_4.java:141)
at AppiumPractice.AppiumFramework.ecommerce_tc_4.stopServer(ecommerce_tc_4.java:141)
at AppiumPractice.AppiumFramework.ecommerce_tc_4.stopServer(ecommerce_tc_4.java:141)
at AppiumPractice.AppiumFramework.ecommerce_tc_4.stopServer(ecommerce_tc_4.java:141)
at AppiumPractice.AppiumFramework.ecommerce_tc_4.stopServer(ecommerce_tc_4.java:141)
at AppiumPractice.AppiumFramework.ecommerce_tc_4.stopServer(ecommerce_tc_4.java:141)
at AppiumPractice.AppiumFramework.ecommerce_tc_4.stopServer(ecommerce_tc_4.java:141)
at AppiumPractice.AppiumFramework.ecommerce_tc_4.stopServer(ecommerce_tc_4.java:141)
at AppiumPractice.AppiumFramework.ecommerce_tc_4.stopServer(ecommerce_tc_4.java:141)
at AppiumPractice.AppiumFramework.ecommerce_tc_4.stopServer(ecommerce_tc_4.java:141)
at AppiumPractice.AppiumFramework.ecommerce_tc_4.stopServer(ecommerce_tc_4.java:141)
at AppiumPractice.AppiumFramework.ecommerce_tc_4.stopServer(ecommerce_tc_4.java:141)
at AppiumPractice.AppiumFramework.ecommerce_tc_4.stopServer(ecommerce_tc_4.java:141)
at AppiumPractice.AppiumFramework.ecommerce_tc_4.stopServer(ecommerce_tc_4.java:141)
at AppiumPractice.AppiumFramework.ecommerce_tc_4.stopServer(ecommerce_tc_4.java:141)
at AppiumPractice.AppiumFramework.ecommerce_tc_4.stopServer(ecommerce_tc_4.java:141)
at AppiumPractice.AppiumFramework.ecommerce_tc_4.stopServer(ecommerce_tc_4.java:141)
at AppiumPractice.AppiumFramework.ecommerce_tc_4.stopServer(ecommerce_tc_4.java:141)
at AppiumPractice.AppiumFramework.ecommerce_tc_4.stopServer(ecommerce_tc_4.java:141)
at AppiumPractice.AppiumFramework.ecommerce_tc_4.stopServer(ecommerce_tc_4.java:141)
at AppiumPractice.AppiumFramework.ecommerce_tc_4.stopServer(ecommerce_tc_4.java:141)
at AppiumPractice.AppiumFramework.ecommerce_tc_4.stopServer(ecommerce_tc_4.java:141)
at AppiumPractice.AppiumFramework.ecommerce_tc_4.stopServer(ecommerce_tc_4.java:141)
at AppiumPractice.AppiumFramework.ecommerce_tc_4.stopServer(ecommerce_tc_4.java:141)
at AppiumPractice.AppiumFramework.ecommerce_tc_4.stopServer(ecommerce_tc_4.java:141)
at AppiumPractice.AppiumFramework.ecommerce_tc_4.stopServer(ecommerce_tc_4.java:141)
at AppiumPractice.AppiumFramework.ecommerce_tc_4.stopServer(ecommerce_tc_4.java:141)
at AppiumPractice.AppiumFramework.ecommerce_tc_4.stopServer(ecommerce_tc_4.java:141)
at AppiumPractice.AppiumFramework.ecommerce_tc_4.stopServer(ecommerce_tc_4.java:141)
at AppiumPractice.AppiumFramework.ecommerce_tc_4.stopServer(ecommerce_tc_4.java:141)
at AppiumPractice.AppiumFramework.ecommerce_tc_4.stopServer(ecommerce_tc_4.java:141)
at AppiumPractice.AppiumFramework.ecommerce_tc_4.stopServer(ecommerce_tc_4.java:141)
at AppiumPractice.AppiumFramework.ecommerce_tc_4.stopServer(ecommerce_tc_4.java:141)
at AppiumPractice.AppiumFramework.ecommerce_tc_4.stopServer(ecommerce_tc_4.java:141)
at AppiumPractice.AppiumFramework.ecommerce_tc_4.stopServer(ecommerce_tc_4.java:141)
at AppiumPractice.AppiumFramework.ecommerce_tc_4.stopServer(ecommerce_tc_4.java:141)
at AppiumPractice.AppiumFramework.ecommerce_tc_4.stopServer(ecommerce_tc_4.java:141)
at AppiumPractice.AppiumFramework.ecommerce_tc_4.stopServer(ecommerce_tc_4.java:141)
at AppiumPractice.AppiumFramework.ecommerce_tc_4.stopServer(ecommerce_tc_4.java:141)
at AppiumPractice.AppiumFramework.ecommerce_tc_4.stopServer(ecommerce_tc_4.java:141)
at AppiumPractice.AppiumFramework.ecommerce_tc_4.stopServer(ecommerce_tc_4.java:141)
at AppiumPractice.AppiumFramework.ecommerce_tc_4.stopServer(ecommerce_tc_4.java:141)
at AppiumPractice.AppiumFramework.ecommerce_tc_4.stopServer(ecommerce_tc_4.java:141)
at AppiumPractice.AppiumFramework.ecommerce_tc_4.stopServer(ecommerce_tc_4.java:141)
at AppiumPractice.AppiumFramework.ecommerce_tc_4.stopServer(ecommerce_tc_4.java:141)
at AppiumPractice.AppiumFramework.ecommerce_tc_4.stopServer(ecommerce_tc_4.java:141)
at AppiumPractice.AppiumFramework.ecommerce_tc_4.stopServer(ecommerce_tc_4.java:141)
at AppiumPractice.AppiumFramework.ecommerce_tc_4.stopServer(ecommerce_tc_4.java:141)
at AppiumPractice.AppiumFramework.ecommerce_tc_4.stopServer(ecommerce_tc_4.java:141)
at AppiumPractice.AppiumFramework.ecommerce_tc_4.stopServer(ecommerce_tc_4.java:141)
at AppiumPractice.AppiumFramework.ecommerce_tc_4.stopServer(ecommerce_tc_4.java:141)
at AppiumPractice.AppiumFramework.ecommerce_tc_4.stopServer(ecommerce_tc_4.java:141)
at AppiumPractice.AppiumFramework.ecommerce_tc_4.stopServer(ecommerce_tc_4.java:141)
at AppiumPractice.AppiumFramework.ecommerce_tc_4.stopServer(ecommerce_tc_4.java:141)
at AppiumPractice.AppiumFramework.ecommerce_tc_4.stopServer(ecommerce_tc_4.java:141)
at AppiumPractice.AppiumFramework.ecommerce_tc_4.stopServer(ecommerce_tc_4.java:141)
at AppiumPractice.AppiumFramework.ecommerce_tc_4.stopServer(ecommerce_tc_4.java:141)
at AppiumPractice.AppiumFramework.ecommerce_tc_4.stopServer(ecommerce_tc_4.java:141)
at AppiumPractice.AppiumFramework.ecommerce_tc_4.stopServer(ecommerce_tc_4.java:141)
at AppiumPractice.AppiumFramework.ecommerce_tc_4.stopServer(ecommerce_tc_4.java:141)
at AppiumPractice.AppiumFramework.ecommerce_tc_4.stopServer(ecommerce_tc_4.java:141)
at AppiumPractice.AppiumFramework.ecommerce_tc_4.stopServer(ecommerce_tc_4.java:141)
at AppiumPractice.AppiumFramework.ecommerce_tc_4.stopServer(ecommerce_tc_4.java:141)
at AppiumPractice.AppiumFramework.ecommerce_tc_4.stopServer(ecommerce_tc_4.java:141)
at AppiumPractice.AppiumFramework.ecommerce_tc_4.stopServer(ecommerce_tc_4.java:141)
at AppiumPractice.AppiumFramework.ecommerce_tc_4.stopServer(ecommerce_tc_4.java:141)
at AppiumPractice.AppiumFramework.ecommerce_tc_4.stopServer(ecommerce_tc_4.java:141)
at AppiumPractice.AppiumFramework.ecommerce_tc_4.stopServer(ecommerce_tc_4.java:141)
at AppiumPractice.AppiumFramework.ecommerce_tc_4.stopServer(ecommerce_tc_4.java:141)
at AppiumPractice.AppiumFramework.ecommerce_tc_4.stopServer(ecommerce_tc_4.java:141)
at AppiumPractice.AppiumFramework.ecommerce_tc_4.stopServer(ecommerce_tc_4.java:141)
at AppiumPractice.AppiumFramework.ecommerce_tc_4.stopServer(ecommerce_tc_4.java:141)
at AppiumPractice.AppiumFramework.ecommerce_tc_4.stopServer(ecommerce_tc_4.java:141)
at AppiumPractice.AppiumFramework.ecommerce_tc_4.stopServer(ecommerce_tc_4.java:141)
at AppiumPractice.AppiumFramework.ecommerce_tc_4.stopServer(ecommerce_tc_4.java:141)
at AppiumPractice.AppiumFramework.ecommerce_tc_4.stopServer(ecommerce_tc_4.java:141)
at AppiumPractice.AppiumFramework.ecommerce_tc_4.stopServer(ecommerce_tc_4.java:141)
at AppiumPractice.AppiumFramework.ecommerce_tc_4.stopServer(ecommerce_tc_4.java:141)
at AppiumPractice.AppiumFramework.ecommerce_tc_4.stopServer(ecommerce_tc_4.java:141)
at AppiumPractice.AppiumFramework.ecommerce_tc_4.stopServer(ecommerce_tc_4.java:141)
at AppiumPractice.AppiumFramework.ecommerce_tc_4.stopServer(ecommerce_tc_4.java:141)
at AppiumPractice.AppiumFramework.ecommerce_tc_4.stopServer(ecommerce_tc_4.java:141)
at AppiumPractice.AppiumFramework.ecommerce_tc_4.stopServer(ecommerce_tc_4.java:141)
at AppiumPractice.AppiumFramework.ecommerce_tc_4.stopServer(ecommerce_tc_4.java:141)
at AppiumPractice.AppiumFramework.ecommerce_tc_4.stopServer(ecommerce_tc_4.java:141)
at AppiumPractice.AppiumFramework.ecommerce_tc_4.stopServer(ecommerce_tc_4.java:141)
at AppiumPractice.AppiumFramework.ecommerce_tc_4.stopServer(ecommerce_tc_4.java:141)
at AppiumPractice.AppiumFramework.ecommerce_tc_4.stopServer(ecommerce_tc_4.java:141)
at AppiumPractice.AppiumFramework.ecommerce_tc_4.stopServer(ecommerce_tc_4.java:141)
at AppiumPractice.AppiumFramework.ecommerce_tc_4.stopServer(ecommerce_tc_4.java:141)
at AppiumPractice.AppiumFramework.ecommerce_tc_4.stopServer(ecommerce_tc_4.java:141)
at AppiumPractice.AppiumFramework.ecommerce_tc_4.stopServer(ecommerce_tc_4.java:141)
at AppiumPractice.AppiumFramework.ecommerce_tc_4.stopServer(ecommerce_tc_4.java:141)
at AppiumPractice.AppiumFramework.ecommerce_tc_4.stopServer(ecommerce_tc_4.java:141)
at AppiumPractice.AppiumFramework.ecommerce_tc_4.stopServer(ecommerce_tc_4.java:141)
at AppiumPractice.AppiumFramework.ecommerce_tc_4.stopServer(ecommerce_tc_4.java:141)
at AppiumPractice.AppiumFramework.ecommerce_tc_4.stopServer(ecommerce_tc_4.java:141)
at AppiumPractice.AppiumFramework.ecommerce_tc_4.stopServer(ecommerce_tc_4.java:141)
at AppiumPractice.AppiumFramework.ecommerce_tc_4.stopServer(ecommerce_tc_4.java:141)
at AppiumPractice.AppiumFramework.ecommerce_tc_4.stopServer(ecommerce_tc_4.java:141)
at AppiumPractice.AppiumFramework.ecommerce_tc_4.stopServer(ecommerce_tc_4.java:141)
at AppiumPractice.AppiumFramework.ecommerce_tc_4.stopServer(ecommerce_tc_4.java:141)
at AppiumPractice.AppiumFramework.ecommerce_tc_4.stopServer(ecommerce_tc_4.java:141)
at AppiumPractice.AppiumFramework.ecommerce_tc_4.stopServer(ecommerce_tc_4.java:141)
at AppiumPractice.AppiumFramework.ecommerce_tc_4.stopServer(ecommerce_tc_4.java:141)
at AppiumPractice.AppiumFramework.ecommerce_tc_4.stopServer(ecommerce_tc_4.java:141)
at AppiumPractice.AppiumFramework.ecommerce_tc_4.stopServer(ecommerce_tc_4.java:141)
at AppiumPractice.AppiumFramework.ecommerce_tc_4.stopServer(ecommerce_tc_4.java:141)
at AppiumPractice.AppiumFramework.ecommerce_tc_4.stopServer(ecommerce_tc_4.java:141)
at AppiumPractice.AppiumFramework.ecommerce_tc_4.stopServer(ecommerce_tc_4.java:141)
at AppiumPractice.AppiumFramework.ecommerce_tc_4.stopServer(ecommerce_tc_4.java:141)
at AppiumPractice.AppiumFramework.ecommerce_tc_4.stopServer(ecommerce_tc_4.java:141)
at AppiumPractice.AppiumFramework.ecommerce_tc_4.stopServer(ecommerce_tc_4.java:141)
at AppiumPractice.AppiumFramework.ecommerce_tc_4.stopServer(ecommerce_tc_4.java:141)
at AppiumPractice.AppiumFramework.ecommerce_tc_4.stopServer(ecommerce_tc_4.java:141)
at AppiumPractice.AppiumFramework.ecommerce_tc_4.stopServer(ecommerce_tc_4.java:141)
at AppiumPractice.AppiumFramework.ecommerce_tc_4.stopServer(ecommerce_tc_4.java:141)
at AppiumPractice.AppiumFramework.ecommerce_tc_4.stopServer(ecommerce_tc_4.java:141)
at AppiumPractice.AppiumFramework.ecommerce_tc_4.stopServer(ecommerce_tc_4.java:141)
at AppiumPractice.AppiumFramework.ecommerce_tc_4.stopServer(ecommerce_tc_4.java:141)
at AppiumPractice.AppiumFramework.ecommerce_tc_4.stopServer(ecommerce_tc_4.java:141)
at AppiumPractice.AppiumFramework.ecommerce_tc_4.stopServer(ecommerce_tc_4.java:141)
at AppiumPractice.AppiumFramework.ecommerce_tc_4.stopServer(ecommerce_tc_4.java:141)
at AppiumPractice.AppiumFramework.ecommerce_tc_4.stopServer(ecommerce_tc_4.java:141)
at AppiumPractice.AppiumFramework.ecommerce_tc_4.stopServer(ecommerce_tc_4.java:141)
at AppiumPractice.AppiumFramework.ecommerce_tc_4.stopServer(ecommerce_tc_4.java:141)
at AppiumPractice.AppiumFramework.ecommerce_tc_4.stopServer(ecommerce_tc_4.java:141)
at AppiumPractice.AppiumFramework.ecommerce_tc_4.stopServer(ecommerce_tc_4.java:141)
at AppiumPractice.AppiumFramework.ecommerce_tc_4.stopServer(ecommerce_tc_4.java:141)
at AppiumPractice.AppiumFramework.ecommerce_tc_4.stopServer(ecommerce_tc_4.java:141)
at AppiumPractice.AppiumFramework.ecommerce_tc_4.stopServer(ecommerce_tc_4.java:141)
at AppiumPractice.AppiumFramework.ecommerce_tc_4.stopServer(ecommerce_tc_4.java:141)
at AppiumPractice.AppiumFramework.ecommerce_tc_4.stopServer(ecommerce_tc_4.java:141)
at AppiumPractice.AppiumFramework.ecommerce_tc_4.stopServer(ecommerce_tc_4.java:141)
at AppiumPractice.AppiumFramework.ecommerce_tc_4.stopServer(ecommerce_tc_4.java:141)
at AppiumPractice.AppiumFramework.ecommerce_tc_4.stopServer(ecommerce_tc_4.java:141)
at AppiumPractice.AppiumFramework.ecommerce_tc_4.stopServer(ecommerce_tc_4.java:141)
at AppiumPractice.AppiumFramework.ecommerce_tc_4.stopServer(ecommerce_tc_4.java:141)
at AppiumPractice.AppiumFramework.ecommerce_tc_4.stopServer(ecommerce_tc_4.java:141)
at AppiumPractice.AppiumFramework.ecommerce_tc_4.stopServer(ecommerce_tc_4.java:141)
at AppiumPractice.AppiumFramework.ecommerce_tc_4.stopServer(ecommerce_tc_4.java:141)
at AppiumPractice.AppiumFramework.ecommerce_tc_4.stopServer(ecommerce_tc_4.java:141)
at AppiumPractice.AppiumFramework.ecommerce_tc_4.stopServer(ecommerce_tc_4.java:141)
at AppiumPractice.AppiumFramework.ecommerce_tc_4.stopServer(ecommerce_tc_4.java:141)
at AppiumPractice.AppiumFramework.ecommerce_tc_4.stopServer(ecommerce_tc_4.java:141)
at AppiumPractice.AppiumFramework.ecommerce_tc_4.stopServer(ecommerce_tc_4.java:141)
at AppiumPractice.AppiumFramework.ecommerce_tc_4.stopServer(ecommerce_tc_4.java:141)
at AppiumPractice.AppiumFramework.ecommerce_tc_4.stopServer(ecommerce_tc_4.java:141)
at AppiumPractice.AppiumFramework.ecommerce_tc_4.stopServer(ecommerce_tc_4.java:141)
at AppiumPractice.AppiumFramework.ecommerce_tc_4.stopServer(ecommerce_tc_4.java:141)
at AppiumPractice.AppiumFramework.ecommerce_tc_4.stopServer(ecommerce_tc_4.java:141)
at AppiumPractice.AppiumFramework.ecommerce_tc_4.stopServer(ecommerce_tc_4.java:141)
at AppiumPractice.AppiumFramework.ecommerce_tc_4.stopServer(ecommerce_tc_4.java:141)
at AppiumPractice.AppiumFramework.ecommerce_tc_4.stopServer(ecommerce_tc_4.java:141)
at AppiumPractice.AppiumFramework.ecommerce_tc_4.stopServer(ecommerce_tc_4.java:141)
at AppiumPractice.AppiumFramework.ecommerce_tc_4.stopServer(ecommerce_tc_4.java:141)
at AppiumPractice.AppiumFramework.ecommerce_tc_4.stopServer(ecommerce_tc_4.java:141)
at AppiumPractice.AppiumFramework.ecommerce_tc_4.stopServer(ecommerce_tc_4.java:141)
at AppiumPractice.AppiumFramework.ecommerce_tc_4.stopServer(ecommerce_tc_4.java:141)
at AppiumPractice.AppiumFramework.ecommerce_tc_4.stopServer(ecommerce_tc_4.java:141)
at AppiumPractice.AppiumFramework.ecommerce_tc_4.stopServer(ecommerce_tc_4.java:141)
at AppiumPractice.AppiumFramework.ecommerce_tc_4.stopServer(ecommerce_tc_4.java:141)
at AppiumPractice.AppiumFramework.ecommerce_tc_4.stopServer(ecommerce_tc_4.java:141)
at AppiumPractice.AppiumFramework.ecommerce_tc_4.stopServer(ecommerce_tc_4.java:141)
at AppiumPractice.AppiumFramework.ecommerce_tc_4.stopServer(ecommerce_tc_4.java:141)
at AppiumPractice.AppiumFramework.ecommerce_tc_4.stopServer(ecommerce_tc_4.java:141)
at AppiumPractice.AppiumFramework.ecommerce_tc_4.stopServer(ecommerce_tc_4.java:141)
at AppiumPractice.AppiumFramework.ecommerce_tc_4.stopServer(ecommerce_tc_4.java:141)
at AppiumPractice.AppiumFramework.ecommerce_tc_4.stopServer(ecommerce_tc_4.java:141)
at AppiumPractice.AppiumFramework.ecommerce_tc_4.stopServer(ecommerce_tc_4.java:141)
at AppiumPractice.AppiumFramework.ecommerce_tc_4.stopServer(ecommerce_tc_4.java:141)
at AppiumPractice.AppiumFramework.ecommerce_tc_4.stopServer(ecommerce_tc_4.java:141)
at AppiumPractice.AppiumFramework.ecommerce_tc_4.stopServer(ecommerce_tc_4.java:141)
at AppiumPractice.AppiumFramework.ecommerce_tc_4.stopServer(ecommerce_tc_4.java:141)
at AppiumPractice.AppiumFramework.ecommerce_tc_4.stopServer(ecommerce_tc_4.java:141)
]]>
            </full-stacktrace>
          </exception> <!-- java.lang.StackOverflowError -->
          <reporter-output>
          </reporter-output>
        </test-method> <!-- stopServer -->
      </class> <!-- AppiumPractice.AppiumFramework.ecommerce_tc_4 -->
    </test> <!-- Default test -->
  </suite> <!-- Default suite -->
</testng-results>
