<?xml version="1.0" encoding="UTF-8"?>
<!-- Generated by org.testng.reporters.JUnitXMLReporter -->
<testsuite hostname="CAMKHWNCN4853XB" ignored="0" name="Surefire test" tests="3" failures="0" timestamp="2022-03-06T23:14:18 EST" time="0.042" errors="0">
  <testcase name="appiumTest1" time="0.003" classname="MavenTestProject.Mavenjava.AppiumTest"/>
  <testcase name="restAPITest1" time="0.0" classname="MavenTestProject.Mavenjava.RestAPITest"/>
  <testcase name="seleniumTest1" time="0.0" classname="MavenTestProject.Mavenjava.SeleniumTest"/>
</testsuite> <!-- Surefire test -->
