<?xml version="1.0" encoding="UTF-8"?>
<!-- Generated by org.testng.reporters.JUnitXMLReporter -->
<testsuite ignored="0" hostname="CAMKHWNCN4853XB" failures="0" tests="1" name="Default test" time="119.333" errors="0" timestamp="2022-05-15T01:20:59 EDT">
  <testcase classname="AppiumPractice.AppiumFramework.ecommerce_tc_4" name="@AfterTest stopServer" time="0.004">
    <failure type="java.lang.StackOverflowError">
      <![CDATA[java.lang.StackOverflowError
at AppiumPractice.AppiumFramework.ecommerce_tc_4.stopServer(ecommerce_tc_4.java:141)
at AppiumPractice.AppiumFramework.ecommerce_tc_4.stopServer(ecommerce_tc_4.java:141)
at AppiumPractice.AppiumFramework.ecommerce_tc_4.stopServer(ecommerce_tc_4.java:141)
at AppiumPractice.AppiumFramework.ecommerce_tc_4.stopServer(ecommerce_tc_4.java:141)
at AppiumPractice.AppiumFramework.ecommerce_tc_4.stopServer(ecommerce_tc_4.java:141)
at AppiumPractice.AppiumFramework.ecommerce_tc_4.stopServer(ecommerce_tc_4.java:141)
at AppiumPractice.AppiumFramework.ecommerce_tc_4.stopServer(ecommerce_tc_4.java:141)
at AppiumPractice.AppiumFramework.ecommerce_tc_4.stopServer(ecommerce_tc_4.java:141)
at AppiumPractice.AppiumFramework.ecommerce_tc_4.stopServer(ecommerce_tc_4.java:141)
at AppiumPractice.AppiumFramework.ecommerce_tc_4.stopServer(ecommerce_tc_4.java:141)
at AppiumPractice.AppiumFramework.ecommerce_tc_4.stopServer(ecommerce_tc_4.java:141)
at AppiumPractice.AppiumFramework.ecommerce_tc_4.stopServer(ecommerce_tc_4.java:141)
at AppiumPractice.AppiumFramework.ecommerce_tc_4.stopServer(ecommerce_tc_4.java:141)
at AppiumPractice.AppiumFramework.ecommerce_tc_4.stopServer(ecommerce_tc_4.java:141)
at AppiumPractice.AppiumFramework.ecommerce_tc_4.stopServer(ecommerce_tc_4.java:141)
at AppiumPractice.AppiumFramework.ecommerce_tc_4.stopServer(ecommerce_tc_4.java:141)
at AppiumPractice.AppiumFramework.ecommerce_tc_4.stopServer(ecommerce_tc_4.java:141)
at AppiumPractice.AppiumFramework.ecommerce_tc_4.stopServer(ecommerce_tc_4.java:141)
at AppiumPractice.AppiumFramework.ecommerce_tc_4.stopServer(ecommerce_tc_4.java:141)
at AppiumPractice.AppiumFramework.ecommerce_tc_4.stopServer(ecommerce_tc_4.java:141)
at AppiumPractice.AppiumFramework.ecommerce_tc_4.stopServer(ecommerce_tc_4.java:141)
at AppiumPractice.AppiumFramework.ecommerce_tc_4.stopServer(ecommerce_tc_4.java:141)
at AppiumPractice.AppiumFramework.ecommerce_tc_4.stopServer(ecommerce_tc_4.java:141)
at AppiumPractice.AppiumFramework.ecommerce_tc_4.stopServer(ecommerce_tc_4.java:141)
at AppiumPractice.AppiumFramework.ecommerce_tc_4.stopServer(ecommerce_tc_4.java:141)
at AppiumPractice.AppiumFramework.ecommerce_tc_4.stopServer(ecommerce_tc_4.java:141)
at AppiumPractice.AppiumFramework.ecommerce_tc_4.stopServer(ecommerce_tc_4.java:141)
at AppiumPractice.AppiumFramework.ecommerce_tc_4.stopServer(ecommerce_tc_4.java:141)
at AppiumPractice.AppiumFramework.ecommerce_tc_4.stopServer(ecommerce_tc_4.java:141)
at AppiumPractice.AppiumFramework.ecommerce_tc_4.stopServer(ecommerce_tc_4.java:141)
at AppiumPractice.AppiumFramework.ecommerce_tc_4.stopServer(ecommerce_tc_4.java:141)
at AppiumPractice.AppiumFramework.ecommerce_tc_4.stopServer(ecommerce_tc_4.java:141)
at AppiumPractice.AppiumFramework.ecommerce_tc_4.stopServer(ecommerce_tc_4.java:141)
at AppiumPractice.AppiumFramework.ecommerce_tc_4.stopServer(ecommerce_tc_4.java:141)
at AppiumPractice.AppiumFramework.ecommerce_tc_4.stopServer(ecommerce_tc_4.java:141)
at AppiumPractice.AppiumFramework.ecommerce_tc_4.stopServer(ecommerce_tc_4.java:141)
at AppiumPractice.AppiumFramework.ecommerce_tc_4.stopServer(ecommerce_tc_4.java:141)
at AppiumPractice.AppiumFramework.ecommerce_tc_4.stopServer(ecommerce_tc_4.java:141)
at AppiumPractice.AppiumFramework.ecommerce_tc_4.stopServer(ecommerce_tc_4.java:141)
at AppiumPractice.AppiumFramework.ecommerce_tc_4.stopServer(ecommerce_tc_4.java:141)
at AppiumPractice.AppiumFramework.ecommerce_tc_4.stopServer(ecommerce_tc_4.java:141)
at AppiumPractice.AppiumFramework.ecommerce_tc_4.stopServer(ecommerce_tc_4.java:141)
at AppiumPractice.AppiumFramework.ecommerce_tc_4.stopServer(ecommerce_tc_4.java:141)
at AppiumPractice.AppiumFramework.ecommerce_tc_4.stopServer(ecommerce_tc_4.java:141)
at AppiumPractice.AppiumFramework.ecommerce_tc_4.stopServer(ecommerce_tc_4.java:141)
at AppiumPractice.AppiumFramework.ecommerce_tc_4.stopServer(ecommerce_tc_4.java:141)
at AppiumPractice.AppiumFramework.ecommerce_tc_4.stopServer(ecommerce_tc_4.java:141)
at AppiumPractice.AppiumFramework.ecommerce_tc_4.stopServer(ecommerce_tc_4.java:141)
at AppiumPractice.AppiumFramework.ecommerce_tc_4.stopServer(ecommerce_tc_4.java:141)
at AppiumPractice.AppiumFramework.ecommerce_tc_4.stopServer(ecommerce_tc_4.java:141)
at AppiumPractice.AppiumFramework.ecommerce_tc_4.stopServer(ecommerce_tc_4.java:141)
at AppiumPractice.AppiumFramework.ecommerce_tc_4.stopServer(ecommerce_tc_4.java:141)
at AppiumPractice.AppiumFramework.ecommerce_tc_4.stopServer(ecommerce_tc_4.java:141)
at AppiumPractice.AppiumFramework.ecommerce_tc_4.stopServer(ecommerce_tc_4.java:141)
at AppiumPractice.AppiumFramework.ecommerce_tc_4.stopServer(ecommerce_tc_4.java:141)
at AppiumPractice.AppiumFramework.ecommerce_tc_4.stopServer(ecommerce_tc_4.java:141)
at AppiumPractice.AppiumFramework.ecommerce_tc_4.stopServer(ecommerce_tc_4.java:141)
at AppiumPractice.AppiumFramework.ecommerce_tc_4.stopServer(ecommerce_tc_4.java:141)
at AppiumPractice.AppiumFramework.ecommerce_tc_4.stopServer(ecommerce_tc_4.java:141)
at AppiumPractice.AppiumFramework.ecommerce_tc_4.stopServer(ecommerce_tc_4.java:141)
at AppiumPractice.AppiumFramework.ecommerce_tc_4.stopServer(ecommerce_tc_4.java:141)
at AppiumPractice.AppiumFramework.ecommerce_tc_4.stopServer(ecommerce_tc_4.java:141)
at AppiumPractice.AppiumFramework.ecommerce_tc_4.stopServer(ecommerce_tc_4.java:141)
at AppiumPractice.AppiumFramework.ecommerce_tc_4.stopServer(ecommerce_tc_4.java:141)
at AppiumPractice.AppiumFramework.ecommerce_tc_4.stopServer(ecommerce_tc_4.java:141)
at AppiumPractice.AppiumFramework.ecommerce_tc_4.stopServer(ecommerce_tc_4.java:141)
at AppiumPractice.AppiumFramework.ecommerce_tc_4.stopServer(ecommerce_tc_4.java:141)
at AppiumPractice.AppiumFramework.ecommerce_tc_4.stopServer(ecommerce_tc_4.java:141)
at AppiumPractice.AppiumFramework.ecommerce_tc_4.stopServer(ecommerce_tc_4.java:141)
at AppiumPractice.AppiumFramework.ecommerce_tc_4.stopServer(ecommerce_tc_4.java:141)
at AppiumPractice.AppiumFramework.ecommerce_tc_4.stopServer(ecommerce_tc_4.java:141)
at AppiumPractice.AppiumFramework.ecommerce_tc_4.stopServer(ecommerce_tc_4.java:141)
at AppiumPractice.AppiumFramework.ecommerce_tc_4.stopServer(ecommerce_tc_4.java:141)
at AppiumPractice.AppiumFramework.ecommerce_tc_4.stopServer(ecommerce_tc_4.java:141)
at AppiumPractice.AppiumFramework.ecommerce_tc_4.stopServer(ecommerce_tc_4.java:141)
at AppiumPractice.AppiumFramework.ecommerce_tc_4.stopServer(ecommerce_tc_4.java:141)
at AppiumPractice.AppiumFramework.ecommerce_tc_4.stopServer(ecommerce_tc_4.java:141)
at AppiumPractice.AppiumFramework.ecommerce_tc_4.stopServer(ecommerce_tc_4.java:141)
at AppiumPractice.AppiumFramework.ecommerce_tc_4.stopServer(ecommerce_tc_4.java:141)
at AppiumPractice.AppiumFramework.ecommerce_tc_4.stopServer(ecommerce_tc_4.java:141)
at AppiumPractice.AppiumFramework.ecommerce_tc_4.stopServer(ecommerce_tc_4.java:141)
at AppiumPractice.AppiumFramework.ecommerce_tc_4.stopServer(ecommerce_tc_4.java:141)
at AppiumPractice.AppiumFramework.ecommerce_tc_4.stopServer(ecommerce_tc_4.java:141)
at AppiumPractice.AppiumFramework.ecommerce_tc_4.stopServer(ecommerce_tc_4.java:141)
at AppiumPractice.AppiumFramework.ecommerce_tc_4.stopServer(ecommerce_tc_4.java:141)
at AppiumPractice.AppiumFramework.ecommerce_tc_4.stopServer(ecommerce_tc_4.java:141)
at AppiumPractice.AppiumFramework.ecommerce_tc_4.stopServer(ecommerce_tc_4.java:141)
at AppiumPractice.AppiumFramework.ecommerce_tc_4.stopServer(ecommerce_tc_4.java:141)
at AppiumPractice.AppiumFramework.ecommerce_tc_4.stopServer(ecommerce_tc_4.java:141)
at AppiumPractice.AppiumFramework.ecommerce_tc_4.stopServer(ecommerce_tc_4.java:141)
at AppiumPractice.AppiumFramework.ecommerce_tc_4.stopServer(ecommerce_tc_4.java:141)
at AppiumPractice.AppiumFramework.ecommerce_tc_4.stopServer(ecommerce_tc_4.java:141)
at AppiumPractice.AppiumFramework.ecommerce_tc_4.stopServer(ecommerce_tc_4.java:141)
at AppiumPractice.AppiumFramework.ecommerce_tc_4.stopServer(ecommerce_tc_4.java:141)
at AppiumPractice.AppiumFramework.ecommerce_tc_4.stopServer(ecommerce_tc_4.java:141)
at AppiumPractice.AppiumFramework.ecommerce_tc_4.stopServer(ecommerce_tc_4.java:141)
at AppiumPractice.AppiumFramework.ecommerce_tc_4.stopServer(ecommerce_tc_4.java:141)
at AppiumPractice.AppiumFramework.ecommerce_tc_4.stopServer(ecommerce_tc_4.java:141)
at AppiumPractice.AppiumFramework.ecommerce_tc_4.stopServer(ecommerce_tc_4.java:141)
at AppiumPractice.AppiumFramework.ecommerce_tc_4.stopServer(ecommerce_tc_4.java:141)
at AppiumPractice.AppiumFramework.ecommerce_tc_4.stopServer(ecommerce_tc_4.java:141)
at AppiumPractice.AppiumFramework.ecommerce_tc_4.stopServer(ecommerce_tc_4.java:141)
at AppiumPractice.AppiumFramework.ecommerce_tc_4.stopServer(ecommerce_tc_4.java:141)
at AppiumPractice.AppiumFramework.ecommerce_tc_4.stopServer(ecommerce_tc_4.java:141)
at AppiumPractice.AppiumFramework.ecommerce_tc_4.stopServer(ecommerce_tc_4.java:141)
at AppiumPractice.AppiumFramework.ecommerce_tc_4.stopServer(ecommerce_tc_4.java:141)
at AppiumPractice.AppiumFramework.ecommerce_tc_4.stopServer(ecommerce_tc_4.java:141)
at AppiumPractice.AppiumFramework.ecommerce_tc_4.stopServer(ecommerce_tc_4.java:141)
at AppiumPractice.AppiumFramework.ecommerce_tc_4.stopServer(ecommerce_tc_4.java:141)
at AppiumPractice.AppiumFramework.ecommerce_tc_4.stopServer(ecommerce_tc_4.java:141)
at AppiumPractice.AppiumFramework.ecommerce_tc_4.stopServer(ecommerce_tc_4.java:141)
at AppiumPractice.AppiumFramework.ecommerce_tc_4.stopServer(ecommerce_tc_4.java:141)
at AppiumPractice.AppiumFramework.ecommerce_tc_4.stopServer(ecommerce_tc_4.java:141)
at AppiumPractice.AppiumFramework.ecommerce_tc_4.stopServer(ecommerce_tc_4.java:141)
at AppiumPractice.AppiumFramework.ecommerce_tc_4.stopServer(ecommerce_tc_4.java:141)
at AppiumPractice.AppiumFramework.ecommerce_tc_4.stopServer(ecommerce_tc_4.java:141)
at AppiumPractice.AppiumFramework.ecommerce_tc_4.stopServer(ecommerce_tc_4.java:141)
at AppiumPractice.AppiumFramework.ecommerce_tc_4.stopServer(ecommerce_tc_4.java:141)
at AppiumPractice.AppiumFramework.ecommerce_tc_4.stopServer(ecommerce_tc_4.java:141)
at AppiumPractice.AppiumFramework.ecommerce_tc_4.stopServer(ecommerce_tc_4.java:141)
at AppiumPractice.AppiumFramework.ecommerce_tc_4.stopServer(ecommerce_tc_4.java:141)
at AppiumPractice.AppiumFramework.ecommerce_tc_4.stopServer(ecommerce_tc_4.java:141)
at AppiumPractice.AppiumFramework.ecommerce_tc_4.stopServer(ecommerce_tc_4.java:141)
at AppiumPractice.AppiumFramework.ecommerce_tc_4.stopServer(ecommerce_tc_4.java:141)
at AppiumPractice.AppiumFramework.ecommerce_tc_4.stopServer(ecommerce_tc_4.java:141)
at AppiumPractice.AppiumFramework.ecommerce_tc_4.stopServer(ecommerce_tc_4.java:141)
at AppiumPractice.AppiumFramework.ecommerce_tc_4.stopServer(ecommerce_tc_4.java:141)
at AppiumPractice.AppiumFramework.ecommerce_tc_4.stopServer(ecommerce_tc_4.java:141)
at AppiumPractice.AppiumFramework.ecommerce_tc_4.stopServer(ecommerce_tc_4.java:141)
at AppiumPractice.AppiumFramework.ecommerce_tc_4.stopServer(ecommerce_tc_4.java:141)
at AppiumPractice.AppiumFramework.ecommerce_tc_4.stopServer(ecommerce_tc_4.java:141)
at AppiumPractice.AppiumFramework.ecommerce_tc_4.stopServer(ecommerce_tc_4.java:141)
at AppiumPractice.AppiumFramework.ecommerce_tc_4.stopServer(ecommerce_tc_4.java:141)
at AppiumPractice.AppiumFramework.ecommerce_tc_4.stopServer(ecommerce_tc_4.java:141)
at AppiumPractice.AppiumFramework.ecommerce_tc_4.stopServer(ecommerce_tc_4.java:141)
at AppiumPractice.AppiumFramework.ecommerce_tc_4.stopServer(ecommerce_tc_4.java:141)
at AppiumPractice.AppiumFramework.ecommerce_tc_4.stopServer(ecommerce_tc_4.java:141)
at AppiumPractice.AppiumFramework.ecommerce_tc_4.stopServer(ecommerce_tc_4.java:141)
at AppiumPractice.AppiumFramework.ecommerce_tc_4.stopServer(ecommerce_tc_4.java:141)
at AppiumPractice.AppiumFramework.ecommerce_tc_4.stopServer(ecommerce_tc_4.java:141)
at AppiumPractice.AppiumFramework.ecommerce_tc_4.stopServer(ecommerce_tc_4.java:141)
at AppiumPractice.AppiumFramework.ecommerce_tc_4.stopServer(ecommerce_tc_4.java:141)
at AppiumPractice.AppiumFramework.ecommerce_tc_4.stopServer(ecommerce_tc_4.java:141)
at AppiumPractice.AppiumFramework.ecommerce_tc_4.stopServer(ecommerce_tc_4.java:141)
at AppiumPractice.AppiumFramework.ecommerce_tc_4.stopServer(ecommerce_tc_4.java:141)
at AppiumPractice.AppiumFramework.ecommerce_tc_4.stopServer(ecommerce_tc_4.java:141)
at AppiumPractice.AppiumFramework.ecommerce_tc_4.stopServer(ecommerce_tc_4.java:141)
at AppiumPractice.AppiumFramework.ecommerce_tc_4.stopServer(ecommerce_tc_4.java:141)
at AppiumPractice.AppiumFramework.ecommerce_tc_4.stopServer(ecommerce_tc_4.java:141)
at AppiumPractice.AppiumFramework.ecommerce_tc_4.stopServer(ecommerce_tc_4.java:141)
at AppiumPractice.AppiumFramework.ecommerce_tc_4.stopServer(ecommerce_tc_4.java:141)
at AppiumPractice.AppiumFramework.ecommerce_tc_4.stopServer(ecommerce_tc_4.java:141)
at AppiumPractice.AppiumFramework.ecommerce_tc_4.stopServer(ecommerce_tc_4.java:141)
at AppiumPractice.AppiumFramework.ecommerce_tc_4.stopServer(ecommerce_tc_4.java:141)
at AppiumPractice.AppiumFramework.ecommerce_tc_4.stopServer(ecommerce_tc_4.java:141)
at AppiumPractice.AppiumFramework.ecommerce_tc_4.stopServer(ecommerce_tc_4.java:141)
at AppiumPractice.AppiumFramework.ecommerce_tc_4.stopServer(ecommerce_tc_4.java:141)
at AppiumPractice.AppiumFramework.ecommerce_tc_4.stopServer(ecommerce_tc_4.java:141)
at AppiumPractice.AppiumFramework.ecommerce_tc_4.stopServer(ecommerce_tc_4.java:141)
at AppiumPractice.AppiumFramework.ecommerce_tc_4.stopServer(ecommerce_tc_4.java:141)
at AppiumPractice.AppiumFramework.ecommerce_tc_4.stopServer(ecommerce_tc_4.java:141)
at AppiumPractice.AppiumFramework.ecommerce_tc_4.stopServer(ecommerce_tc_4.java:141)
at AppiumPractice.AppiumFramework.ecommerce_tc_4.stopServer(ecommerce_tc_4.java:141)
at AppiumPractice.AppiumFramework.ecommerce_tc_4.stopServer(ecommerce_tc_4.java:141)
at AppiumPractice.AppiumFramework.ecommerce_tc_4.stopServer(ecommerce_tc_4.java:141)
at AppiumPractice.AppiumFramework.ecommerce_tc_4.stopServer(ecommerce_tc_4.java:141)
at AppiumPractice.AppiumFramework.ecommerce_tc_4.stopServer(ecommerce_tc_4.java:141)
at AppiumPractice.AppiumFramework.ecommerce_tc_4.stopServer(ecommerce_tc_4.java:141)
at AppiumPractice.AppiumFramework.ecommerce_tc_4.stopServer(ecommerce_tc_4.java:141)
at AppiumPractice.AppiumFramework.ecommerce_tc_4.stopServer(ecommerce_tc_4.java:141)
at AppiumPractice.AppiumFramework.ecommerce_tc_4.stopServer(ecommerce_tc_4.java:141)
at AppiumPractice.AppiumFramework.ecommerce_tc_4.stopServer(ecommerce_tc_4.java:141)
at AppiumPractice.AppiumFramework.ecommerce_tc_4.stopServer(ecommerce_tc_4.java:141)
at AppiumPractice.AppiumFramework.ecommerce_tc_4.stopServer(ecommerce_tc_4.java:141)
at AppiumPractice.AppiumFramework.ecommerce_tc_4.stopServer(ecommerce_tc_4.java:141)
at AppiumPractice.AppiumFramework.ecommerce_tc_4.stopServer(ecommerce_tc_4.java:141)
at AppiumPractice.AppiumFramework.ecommerce_tc_4.stopServer(ecommerce_tc_4.java:141)
at AppiumPractice.AppiumFramework.ecommerce_tc_4.stopServer(ecommerce_tc_4.java:141)
at AppiumPractice.AppiumFramework.ecommerce_tc_4.stopServer(ecommerce_tc_4.java:141)
at AppiumPractice.AppiumFramework.ecommerce_tc_4.stopServer(ecommerce_tc_4.java:141)
at AppiumPractice.AppiumFramework.ecommerce_tc_4.stopServer(ecommerce_tc_4.java:141)
at AppiumPractice.AppiumFramework.ecommerce_tc_4.stopServer(ecommerce_tc_4.java:141)
at AppiumPractice.AppiumFramework.ecommerce_tc_4.stopServer(ecommerce_tc_4.java:141)
at AppiumPractice.AppiumFramework.ecommerce_tc_4.stopServer(ecommerce_tc_4.java:141)
at AppiumPractice.AppiumFramework.ecommerce_tc_4.stopServer(ecommerce_tc_4.java:141)
at AppiumPractice.AppiumFramework.ecommerce_tc_4.stopServer(ecommerce_tc_4.java:141)
at AppiumPractice.AppiumFramework.ecommerce_tc_4.stopServer(ecommerce_tc_4.java:141)
at AppiumPractice.AppiumFramework.ecommerce_tc_4.stopServer(ecommerce_tc_4.java:141)
at AppiumPractice.AppiumFramework.ecommerce_tc_4.stopServer(ecommerce_tc_4.java:141)
at AppiumPractice.AppiumFramework.ecommerce_tc_4.stopServer(ecommerce_tc_4.java:141)
at AppiumPractice.AppiumFramework.ecommerce_tc_4.stopServer(ecommerce_tc_4.java:141)
at AppiumPractice.AppiumFramework.ecommerce_tc_4.stopServer(ecommerce_tc_4.java:141)
at AppiumPractice.AppiumFramework.ecommerce_tc_4.stopServer(ecommerce_tc_4.java:141)
at AppiumPractice.AppiumFramework.ecommerce_tc_4.stopServer(ecommerce_tc_4.java:141)
at AppiumPractice.AppiumFramework.ecommerce_tc_4.stopServer(ecommerce_tc_4.java:141)
at AppiumPractice.AppiumFramework.ecommerce_tc_4.stopServer(ecommerce_tc_4.java:141)
at AppiumPractice.AppiumFramework.ecommerce_tc_4.stopServer(ecommerce_tc_4.java:141)
at AppiumPractice.AppiumFramework.ecommerce_tc_4.stopServer(ecommerce_tc_4.java:141)
at AppiumPractice.AppiumFramework.ecommerce_tc_4.stopServer(ecommerce_tc_4.java:141)
at AppiumPractice.AppiumFramework.ecommerce_tc_4.stopServer(ecommerce_tc_4.java:141)
at AppiumPractice.AppiumFramework.ecommerce_tc_4.stopServer(ecommerce_tc_4.java:141)
at AppiumPractice.AppiumFramework.ecommerce_tc_4.stopServer(ecommerce_tc_4.java:141)
at AppiumPractice.AppiumFramework.ecommerce_tc_4.stopServer(ecommerce_tc_4.java:141)
at AppiumPractice.AppiumFramework.ecommerce_tc_4.stopServer(ecommerce_tc_4.java:141)
at AppiumPractice.AppiumFramework.ecommerce_tc_4.stopServer(ecommerce_tc_4.java:141)
at AppiumPractice.AppiumFramework.ecommerce_tc_4.stopServer(ecommerce_tc_4.java:141)
at AppiumPractice.AppiumFramework.ecommerce_tc_4.stopServer(ecommerce_tc_4.java:141)
at AppiumPractice.AppiumFramework.ecommerce_tc_4.stopServer(ecommerce_tc_4.java:141)
at AppiumPractice.AppiumFramework.ecommerce_tc_4.stopServer(ecommerce_tc_4.java:141)
at AppiumPractice.AppiumFramework.ecommerce_tc_4.stopServer(ecommerce_tc_4.java:141)
at AppiumPractice.AppiumFramework.ecommerce_tc_4.stopServer(ecommerce_tc_4.java:141)
at AppiumPractice.AppiumFramework.ecommerce_tc_4.stopServer(ecommerce_tc_4.java:141)
at AppiumPractice.AppiumFramework.ecommerce_tc_4.stopServer(ecommerce_tc_4.java:141)
at AppiumPractice.AppiumFramework.ecommerce_tc_4.stopServer(ecommerce_tc_4.java:141)
at AppiumPractice.AppiumFramework.ecommerce_tc_4.stopServer(ecommerce_tc_4.java:141)
at AppiumPractice.AppiumFramework.ecommerce_tc_4.stopServer(ecommerce_tc_4.java:141)
at AppiumPractice.AppiumFramework.ecommerce_tc_4.stopServer(ecommerce_tc_4.java:141)
at AppiumPractice.AppiumFramework.ecommerce_tc_4.stopServer(ecommerce_tc_4.java:141)
at AppiumPractice.AppiumFramework.ecommerce_tc_4.stopServer(ecommerce_tc_4.java:141)
at AppiumPractice.AppiumFramework.ecommerce_tc_4.stopServer(ecommerce_tc_4.java:141)
at AppiumPractice.AppiumFramework.ecommerce_tc_4.stopServer(ecommerce_tc_4.java:141)
at AppiumPractice.AppiumFramework.ecommerce_tc_4.stopServer(ecommerce_tc_4.java:141)
at AppiumPractice.AppiumFramework.ecommerce_tc_4.stopServer(ecommerce_tc_4.java:141)
at AppiumPractice.AppiumFramework.ecommerce_tc_4.stopServer(ecommerce_tc_4.java:141)
at AppiumPractice.AppiumFramework.ecommerce_tc_4.stopServer(ecommerce_tc_4.java:141)
at AppiumPractice.AppiumFramework.ecommerce_tc_4.stopServer(ecommerce_tc_4.java:141)
at AppiumPractice.AppiumFramework.ecommerce_tc_4.stopServer(ecommerce_tc_4.java:141)
at AppiumPractice.AppiumFramework.ecommerce_tc_4.stopServer(ecommerce_tc_4.java:141)
at AppiumPractice.AppiumFramework.ecommerce_tc_4.stopServer(ecommerce_tc_4.java:141)
at AppiumPractice.AppiumFramework.ecommerce_tc_4.stopServer(ecommerce_tc_4.java:141)
at AppiumPractice.AppiumFramework.ecommerce_tc_4.stopServer(ecommerce_tc_4.java:141)
at AppiumPractice.AppiumFramework.ecommerce_tc_4.stopServer(ecommerce_tc_4.java:141)
at AppiumPractice.AppiumFramework.ecommerce_tc_4.stopServer(ecommerce_tc_4.java:141)
at AppiumPractice.AppiumFramework.ecommerce_tc_4.stopServer(ecommerce_tc_4.java:141)
at AppiumPractice.AppiumFramework.ecommerce_tc_4.stopServer(ecommerce_tc_4.java:141)
at AppiumPractice.AppiumFramework.ecommerce_tc_4.stopServer(ecommerce_tc_4.java:141)
at AppiumPractice.AppiumFramework.ecommerce_tc_4.stopServer(ecommerce_tc_4.java:141)
at AppiumPractice.AppiumFramework.ecommerce_tc_4.stopServer(ecommerce_tc_4.java:141)
at AppiumPractice.AppiumFramework.ecommerce_tc_4.stopServer(ecommerce_tc_4.java:141)
at AppiumPractice.AppiumFramework.ecommerce_tc_4.stopServer(ecommerce_tc_4.java:141)
at AppiumPractice.AppiumFramework.ecommerce_tc_4.stopServer(ecommerce_tc_4.java:141)
at AppiumPractice.AppiumFramework.ecommerce_tc_4.stopServer(ecommerce_tc_4.java:141)
at AppiumPractice.AppiumFramework.ecommerce_tc_4.stopServer(ecommerce_tc_4.java:141)
at AppiumPractice.AppiumFramework.ecommerce_tc_4.stopServer(ecommerce_tc_4.java:141)
at AppiumPractice.AppiumFramework.ecommerce_tc_4.stopServer(ecommerce_tc_4.java:141)
at AppiumPractice.AppiumFramework.ecommerce_tc_4.stopServer(ecommerce_tc_4.java:141)
at AppiumPractice.AppiumFramework.ecommerce_tc_4.stopServer(ecommerce_tc_4.java:141)
at AppiumPractice.AppiumFramework.ecommerce_tc_4.stopServer(ecommerce_tc_4.java:141)
at AppiumPractice.AppiumFramework.ecommerce_tc_4.stopServer(ecommerce_tc_4.java:141)
at AppiumPractice.AppiumFramework.ecommerce_tc_4.stopServer(ecommerce_tc_4.java:141)
at AppiumPractice.AppiumFramework.ecommerce_tc_4.stopServer(ecommerce_tc_4.java:141)
at AppiumPractice.AppiumFramework.ecommerce_tc_4.stopServer(ecommerce_tc_4.java:141)
at AppiumPractice.AppiumFramework.ecommerce_tc_4.stopServer(ecommerce_tc_4.java:141)
at AppiumPractice.AppiumFramework.ecommerce_tc_4.stopServer(ecommerce_tc_4.java:141)
at AppiumPractice.AppiumFramework.ecommerce_tc_4.stopServer(ecommerce_tc_4.java:141)
at AppiumPractice.AppiumFramework.ecommerce_tc_4.stopServer(ecommerce_tc_4.java:141)
at AppiumPractice.AppiumFramework.ecommerce_tc_4.stopServer(ecommerce_tc_4.java:141)
at AppiumPractice.AppiumFramework.ecommerce_tc_4.stopServer(ecommerce_tc_4.java:141)
at AppiumPractice.AppiumFramework.ecommerce_tc_4.stopServer(ecommerce_tc_4.java:141)
at AppiumPractice.AppiumFramework.ecommerce_tc_4.stopServer(ecommerce_tc_4.java:141)
at AppiumPractice.AppiumFramework.ecommerce_tc_4.stopServer(ecommerce_tc_4.java:141)
at AppiumPractice.AppiumFramework.ecommerce_tc_4.stopServer(ecommerce_tc_4.java:141)
at AppiumPractice.AppiumFramework.ecommerce_tc_4.stopServer(ecommerce_tc_4.java:141)
at AppiumPractice.AppiumFramework.ecommerce_tc_4.stopServer(ecommerce_tc_4.java:141)
at AppiumPractice.AppiumFramework.ecommerce_tc_4.stopServer(ecommerce_tc_4.java:141)
at AppiumPractice.AppiumFramework.ecommerce_tc_4.stopServer(ecommerce_tc_4.java:141)
at AppiumPractice.AppiumFramework.ecommerce_tc_4.stopServer(ecommerce_tc_4.java:141)
at AppiumPractice.AppiumFramework.ecommerce_tc_4.stopServer(ecommerce_tc_4.java:141)
at AppiumPractice.AppiumFramework.ecommerce_tc_4.stopServer(ecommerce_tc_4.java:141)
at AppiumPractice.AppiumFramework.ecommerce_tc_4.stopServer(ecommerce_tc_4.java:141)
at AppiumPractice.AppiumFramework.ecommerce_tc_4.stopServer(ecommerce_tc_4.java:141)
at AppiumPractice.AppiumFramework.ecommerce_tc_4.stopServer(ecommerce_tc_4.java:141)
at AppiumPractice.AppiumFramework.ecommerce_tc_4.stopServer(ecommerce_tc_4.java:141)
at AppiumPractice.AppiumFramework.ecommerce_tc_4.stopServer(ecommerce_tc_4.java:141)
at AppiumPractice.AppiumFramework.ecommerce_tc_4.stopServer(ecommerce_tc_4.java:141)
at AppiumPractice.AppiumFramework.ecommerce_tc_4.stopServer(ecommerce_tc_4.java:141)
at AppiumPractice.AppiumFramework.ecommerce_tc_4.stopServer(ecommerce_tc_4.java:141)
at AppiumPractice.AppiumFramework.ecommerce_tc_4.stopServer(ecommerce_tc_4.java:141)
at AppiumPractice.AppiumFramework.ecommerce_tc_4.stopServer(ecommerce_tc_4.java:141)
at AppiumPractice.AppiumFramework.ecommerce_tc_4.stopServer(ecommerce_tc_4.java:141)
at AppiumPractice.AppiumFramework.ecommerce_tc_4.stopServer(ecommerce_tc_4.java:141)
at AppiumPractice.AppiumFramework.ecommerce_tc_4.stopServer(ecommerce_tc_4.java:141)
at AppiumPractice.AppiumFramework.ecommerce_tc_4.stopServer(ecommerce_tc_4.java:141)
at AppiumPractice.AppiumFramework.ecommerce_tc_4.stopServer(ecommerce_tc_4.java:141)
at AppiumPractice.AppiumFramework.ecommerce_tc_4.stopServer(ecommerce_tc_4.java:141)
at AppiumPractice.AppiumFramework.ecommerce_tc_4.stopServer(ecommerce_tc_4.java:141)
at AppiumPractice.AppiumFramework.ecommerce_tc_4.stopServer(ecommerce_tc_4.java:141)
at AppiumPractice.AppiumFramework.ecommerce_tc_4.stopServer(ecommerce_tc_4.java:141)
at AppiumPractice.AppiumFramework.ecommerce_tc_4.stopServer(ecommerce_tc_4.java:141)
at AppiumPractice.AppiumFramework.ecommerce_tc_4.stopServer(ecommerce_tc_4.java:141)
at AppiumPractice.AppiumFramework.ecommerce_tc_4.stopServer(ecommerce_tc_4.java:141)
at AppiumPractice.AppiumFramework.ecommerce_tc_4.stopServer(ecommerce_tc_4.java:141)
at AppiumPractice.AppiumFramework.ecommerce_tc_4.stopServer(ecommerce_tc_4.java:141)
at AppiumPractice.AppiumFramework.ecommerce_tc_4.stopServer(ecommerce_tc_4.java:141)
at AppiumPractice.AppiumFramework.ecommerce_tc_4.stopServer(ecommerce_tc_4.java:141)
at AppiumPractice.AppiumFramework.ecommerce_tc_4.stopServer(ecommerce_tc_4.java:141)
at AppiumPractice.AppiumFramework.ecommerce_tc_4.stopServer(ecommerce_tc_4.java:141)
at AppiumPractice.AppiumFramework.ecommerce_tc_4.stopServer(ecommerce_tc_4.java:141)
at AppiumPractice.AppiumFramework.ecommerce_tc_4.stopServer(ecommerce_tc_4.java:141)
at AppiumPractice.AppiumFramework.ecommerce_tc_4.stopServer(ecommerce_tc_4.java:141)
at AppiumPractice.AppiumFramework.ecommerce_tc_4.stopServer(ecommerce_tc_4.java:141)
at AppiumPractice.AppiumFramework.ecommerce_tc_4.stopServer(ecommerce_tc_4.java:141)
at AppiumPractice.AppiumFramework.ecommerce_tc_4.stopServer(ecommerce_tc_4.java:141)
at AppiumPractice.AppiumFramework.ecommerce_tc_4.stopServer(ecommerce_tc_4.java:141)
at AppiumPractice.AppiumFramework.ecommerce_tc_4.stopServer(ecommerce_tc_4.java:141)
at AppiumPractice.AppiumFramework.ecommerce_tc_4.stopServer(ecommerce_tc_4.java:141)
at AppiumPractice.AppiumFramework.ecommerce_tc_4.stopServer(ecommerce_tc_4.java:141)
at AppiumPractice.AppiumFramework.ecommerce_tc_4.stopServer(ecommerce_tc_4.java:141)
at AppiumPractice.AppiumFramework.ecommerce_tc_4.stopServer(ecommerce_tc_4.java:141)
at AppiumPractice.AppiumFramework.ecommerce_tc_4.stopServer(ecommerce_tc_4.java:141)
at AppiumPractice.AppiumFramework.ecommerce_tc_4.stopServer(ecommerce_tc_4.java:141)
at AppiumPractice.AppiumFramework.ecommerce_tc_4.stopServer(ecommerce_tc_4.java:141)
at AppiumPractice.AppiumFramework.ecommerce_tc_4.stopServer(ecommerce_tc_4.java:141)
at AppiumPractice.AppiumFramework.ecommerce_tc_4.stopServer(ecommerce_tc_4.java:141)
at AppiumPractice.AppiumFramework.ecommerce_tc_4.stopServer(ecommerce_tc_4.java:141)
at AppiumPractice.AppiumFramework.ecommerce_tc_4.stopServer(ecommerce_tc_4.java:141)
at AppiumPractice.AppiumFramework.ecommerce_tc_4.stopServer(ecommerce_tc_4.java:141)
at AppiumPractice.AppiumFramework.ecommerce_tc_4.stopServer(ecommerce_tc_4.java:141)
at AppiumPractice.AppiumFramework.ecommerce_tc_4.stopServer(ecommerce_tc_4.java:141)
at AppiumPractice.AppiumFramework.ecommerce_tc_4.stopServer(ecommerce_tc_4.java:141)
at AppiumPractice.AppiumFramework.ecommerce_tc_4.stopServer(ecommerce_tc_4.java:141)
at AppiumPractice.AppiumFramework.ecommerce_tc_4.stopServer(ecommerce_tc_4.java:141)
at AppiumPractice.AppiumFramework.ecommerce_tc_4.stopServer(ecommerce_tc_4.java:141)
at AppiumPractice.AppiumFramework.ecommerce_tc_4.stopServer(ecommerce_tc_4.java:141)
at AppiumPractice.AppiumFramework.ecommerce_tc_4.stopServer(ecommerce_tc_4.java:141)
at AppiumPractice.AppiumFramework.ecommerce_tc_4.stopServer(ecommerce_tc_4.java:141)
at AppiumPractice.AppiumFramework.ecommerce_tc_4.stopServer(ecommerce_tc_4.java:141)
at AppiumPractice.AppiumFramework.ecommerce_tc_4.stopServer(ecommerce_tc_4.java:141)
at AppiumPractice.AppiumFramework.ecommerce_tc_4.stopServer(ecommerce_tc_4.java:141)
at AppiumPractice.AppiumFramework.ecommerce_tc_4.stopServer(ecommerce_tc_4.java:141)
at AppiumPractice.AppiumFramework.ecommerce_tc_4.stopServer(ecommerce_tc_4.java:141)
at AppiumPractice.AppiumFramework.ecommerce_tc_4.stopServer(ecommerce_tc_4.java:141)
at AppiumPractice.AppiumFramework.ecommerce_tc_4.stopServer(ecommerce_tc_4.java:141)
at AppiumPractice.AppiumFramework.ecommerce_tc_4.stopServer(ecommerce_tc_4.java:141)
at AppiumPractice.AppiumFramework.ecommerce_tc_4.stopServer(ecommerce_tc_4.java:141)
at AppiumPractice.AppiumFramework.ecommerce_tc_4.stopServer(ecommerce_tc_4.java:141)
at AppiumPractice.AppiumFramework.ecommerce_tc_4.stopServer(ecommerce_tc_4.java:141)
at AppiumPractice.AppiumFramework.ecommerce_tc_4.stopServer(ecommerce_tc_4.java:141)
at AppiumPractice.AppiumFramework.ecommerce_tc_4.stopServer(ecommerce_tc_4.java:141)
at AppiumPractice.AppiumFramework.ecommerce_tc_4.stopServer(ecommerce_tc_4.java:141)
at AppiumPractice.AppiumFramework.ecommerce_tc_4.stopServer(ecommerce_tc_4.java:141)
at AppiumPractice.AppiumFramework.ecommerce_tc_4.stopServer(ecommerce_tc_4.java:141)
at AppiumPractice.AppiumFramework.ecommerce_tc_4.stopServer(ecommerce_tc_4.java:141)
at AppiumPractice.AppiumFramework.ecommerce_tc_4.stopServer(ecommerce_tc_4.java:141)
at AppiumPractice.AppiumFramework.ecommerce_tc_4.stopServer(ecommerce_tc_4.java:141)
at AppiumPractice.AppiumFramework.ecommerce_tc_4.stopServer(ecommerce_tc_4.java:141)
at AppiumPractice.AppiumFramework.ecommerce_tc_4.stopServer(ecommerce_tc_4.java:141)
at AppiumPractice.AppiumFramework.ecommerce_tc_4.stopServer(ecommerce_tc_4.java:141)
at AppiumPractice.AppiumFramework.ecommerce_tc_4.stopServer(ecommerce_tc_4.java:141)
at AppiumPractice.AppiumFramework.ecommerce_tc_4.stopServer(ecommerce_tc_4.java:141)
at AppiumPractice.AppiumFramework.ecommerce_tc_4.stopServer(ecommerce_tc_4.java:141)
at AppiumPractice.AppiumFramework.ecommerce_tc_4.stopServer(ecommerce_tc_4.java:141)
at AppiumPractice.AppiumFramework.ecommerce_tc_4.stopServer(ecommerce_tc_4.java:141)
at AppiumPractice.AppiumFramework.ecommerce_tc_4.stopServer(ecommerce_tc_4.java:141)
at AppiumPractice.AppiumFramework.ecommerce_tc_4.stopServer(ecommerce_tc_4.java:141)
at AppiumPractice.AppiumFramework.ecommerce_tc_4.stopServer(ecommerce_tc_4.java:141)
at AppiumPractice.AppiumFramework.ecommerce_tc_4.stopServer(ecommerce_tc_4.java:141)
at AppiumPractice.AppiumFramework.ecommerce_tc_4.stopServer(ecommerce_tc_4.java:141)
at AppiumPractice.AppiumFramework.ecommerce_tc_4.stopServer(ecommerce_tc_4.java:141)
at AppiumPractice.AppiumFramework.ecommerce_tc_4.stopServer(ecommerce_tc_4.java:141)
at AppiumPractice.AppiumFramework.ecommerce_tc_4.stopServer(ecommerce_tc_4.java:141)
at AppiumPractice.AppiumFramework.ecommerce_tc_4.stopServer(ecommerce_tc_4.java:141)
at AppiumPractice.AppiumFramework.ecommerce_tc_4.stopServer(ecommerce_tc_4.java:141)
at AppiumPractice.AppiumFramework.ecommerce_tc_4.stopServer(ecommerce_tc_4.java:141)
at AppiumPractice.AppiumFramework.ecommerce_tc_4.stopServer(ecommerce_tc_4.java:141)
at AppiumPractice.AppiumFramework.ecommerce_tc_4.stopServer(ecommerce_tc_4.java:141)
at AppiumPractice.AppiumFramework.ecommerce_tc_4.stopServer(ecommerce_tc_4.java:141)
at AppiumPractice.AppiumFramework.ecommerce_tc_4.stopServer(ecommerce_tc_4.java:141)
at AppiumPractice.AppiumFramework.ecommerce_tc_4.stopServer(ecommerce_tc_4.java:141)
at AppiumPractice.AppiumFramework.ecommerce_tc_4.stopServer(ecommerce_tc_4.java:141)
at AppiumPractice.AppiumFramework.ecommerce_tc_4.stopServer(ecommerce_tc_4.java:141)
at AppiumPractice.AppiumFramework.ecommerce_tc_4.stopServer(ecommerce_tc_4.java:141)
at AppiumPractice.AppiumFramework.ecommerce_tc_4.stopServer(ecommerce_tc_4.java:141)
at AppiumPractice.AppiumFramework.ecommerce_tc_4.stopServer(ecommerce_tc_4.java:141)
at AppiumPractice.AppiumFramework.ecommerce_tc_4.stopServer(ecommerce_tc_4.java:141)
at AppiumPractice.AppiumFramework.ecommerce_tc_4.stopServer(ecommerce_tc_4.java:141)
at AppiumPractice.AppiumFramework.ecommerce_tc_4.stopServer(ecommerce_tc_4.java:141)
at AppiumPractice.AppiumFramework.ecommerce_tc_4.stopServer(ecommerce_tc_4.java:141)
at AppiumPractice.AppiumFramework.ecommerce_tc_4.stopServer(ecommerce_tc_4.java:141)
at AppiumPractice.AppiumFramework.ecommerce_tc_4.stopServer(ecommerce_tc_4.java:141)
at AppiumPractice.AppiumFramework.ecommerce_tc_4.stopServer(ecommerce_tc_4.java:141)
at AppiumPractice.AppiumFramework.ecommerce_tc_4.stopServer(ecommerce_tc_4.java:141)
at AppiumPractice.AppiumFramework.ecommerce_tc_4.stopServer(ecommerce_tc_4.java:141)
at AppiumPractice.AppiumFramework.ecommerce_tc_4.stopServer(ecommerce_tc_4.java:141)
at AppiumPractice.AppiumFramework.ecommerce_tc_4.stopServer(ecommerce_tc_4.java:141)
at AppiumPractice.AppiumFramework.ecommerce_tc_4.stopServer(ecommerce_tc_4.java:141)
at AppiumPractice.AppiumFramework.ecommerce_tc_4.stopServer(ecommerce_tc_4.java:141)
at AppiumPractice.AppiumFramework.ecommerce_tc_4.stopServer(ecommerce_tc_4.java:141)
at AppiumPractice.AppiumFramework.ecommerce_tc_4.stopServer(ecommerce_tc_4.java:141)
at AppiumPractice.AppiumFramework.ecommerce_tc_4.stopServer(ecommerce_tc_4.java:141)
at AppiumPractice.AppiumFramework.ecommerce_tc_4.stopServer(ecommerce_tc_4.java:141)
at AppiumPractice.AppiumFramework.ecommerce_tc_4.stopServer(ecommerce_tc_4.java:141)
at AppiumPractice.AppiumFramework.ecommerce_tc_4.stopServer(ecommerce_tc_4.java:141)
at AppiumPractice.AppiumFramework.ecommerce_tc_4.stopServer(ecommerce_tc_4.java:141)
at AppiumPractice.AppiumFramework.ecommerce_tc_4.stopServer(ecommerce_tc_4.java:141)
at AppiumPractice.AppiumFramework.ecommerce_tc_4.stopServer(ecommerce_tc_4.java:141)
at AppiumPractice.AppiumFramework.ecommerce_tc_4.stopServer(ecommerce_tc_4.java:141)
at AppiumPractice.AppiumFramework.ecommerce_tc_4.stopServer(ecommerce_tc_4.java:141)
at AppiumPractice.AppiumFramework.ecommerce_tc_4.stopServer(ecommerce_tc_4.java:141)
at AppiumPractice.AppiumFramework.ecommerce_tc_4.stopServer(ecommerce_tc_4.java:141)
at AppiumPractice.AppiumFramework.ecommerce_tc_4.stopServer(ecommerce_tc_4.java:141)
at AppiumPractice.AppiumFramework.ecommerce_tc_4.stopServer(ecommerce_tc_4.java:141)
at AppiumPractice.AppiumFramework.ecommerce_tc_4.stopServer(ecommerce_tc_4.java:141)
at AppiumPractice.AppiumFramework.ecommerce_tc_4.stopServer(ecommerce_tc_4.java:141)
at AppiumPractice.AppiumFramework.ecommerce_tc_4.stopServer(ecommerce_tc_4.java:141)
at AppiumPractice.AppiumFramework.ecommerce_tc_4.stopServer(ecommerce_tc_4.java:141)
at AppiumPractice.AppiumFramework.ecommerce_tc_4.stopServer(ecommerce_tc_4.java:141)
at AppiumPractice.AppiumFramework.ecommerce_tc_4.stopServer(ecommerce_tc_4.java:141)
at AppiumPractice.AppiumFramework.ecommerce_tc_4.stopServer(ecommerce_tc_4.java:141)
at AppiumPractice.AppiumFramework.ecommerce_tc_4.stopServer(ecommerce_tc_4.java:141)
at AppiumPractice.AppiumFramework.ecommerce_tc_4.stopServer(ecommerce_tc_4.java:141)
at AppiumPractice.AppiumFramework.ecommerce_tc_4.stopServer(ecommerce_tc_4.java:141)
at AppiumPractice.AppiumFramework.ecommerce_tc_4.stopServer(ecommerce_tc_4.java:141)
at AppiumPractice.AppiumFramework.ecommerce_tc_4.stopServer(ecommerce_tc_4.java:141)
at AppiumPractice.AppiumFramework.ecommerce_tc_4.stopServer(ecommerce_tc_4.java:141)
at AppiumPractice.AppiumFramework.ecommerce_tc_4.stopServer(ecommerce_tc_4.java:141)
at AppiumPractice.AppiumFramework.ecommerce_tc_4.stopServer(ecommerce_tc_4.java:141)
at AppiumPractice.AppiumFramework.ecommerce_tc_4.stopServer(ecommerce_tc_4.java:141)
at AppiumPractice.AppiumFramework.ecommerce_tc_4.stopServer(ecommerce_tc_4.java:141)
at AppiumPractice.AppiumFramework.ecommerce_tc_4.stopServer(ecommerce_tc_4.java:141)
at AppiumPractice.AppiumFramework.ecommerce_tc_4.stopServer(ecommerce_tc_4.java:141)
at AppiumPractice.AppiumFramework.ecommerce_tc_4.stopServer(ecommerce_tc_4.java:141)
at AppiumPractice.AppiumFramework.ecommerce_tc_4.stopServer(ecommerce_tc_4.java:141)
at AppiumPractice.AppiumFramework.ecommerce_tc_4.stopServer(ecommerce_tc_4.java:141)
at AppiumPractice.AppiumFramework.ecommerce_tc_4.stopServer(ecommerce_tc_4.java:141)
at AppiumPractice.AppiumFramework.ecommerce_tc_4.stopServer(ecommerce_tc_4.java:141)
at AppiumPractice.AppiumFramework.ecommerce_tc_4.stopServer(ecommerce_tc_4.java:141)
at AppiumPractice.AppiumFramework.ecommerce_tc_4.stopServer(ecommerce_tc_4.java:141)
at AppiumPractice.AppiumFramework.ecommerce_tc_4.stopServer(ecommerce_tc_4.java:141)
at AppiumPractice.AppiumFramework.ecommerce_tc_4.stopServer(ecommerce_tc_4.java:141)
at AppiumPractice.AppiumFramework.ecommerce_tc_4.stopServer(ecommerce_tc_4.java:141)
at AppiumPractice.AppiumFramework.ecommerce_tc_4.stopServer(ecommerce_tc_4.java:141)
at AppiumPractice.AppiumFramework.ecommerce_tc_4.stopServer(ecommerce_tc_4.java:141)
at AppiumPractice.AppiumFramework.ecommerce_tc_4.stopServer(ecommerce_tc_4.java:141)
at AppiumPractice.AppiumFramework.ecommerce_tc_4.stopServer(ecommerce_tc_4.java:141)
at AppiumPractice.AppiumFramework.ecommerce_tc_4.stopServer(ecommerce_tc_4.java:141)
at AppiumPractice.AppiumFramework.ecommerce_tc_4.stopServer(ecommerce_tc_4.java:141)
at AppiumPractice.AppiumFramework.ecommerce_tc_4.stopServer(ecommerce_tc_4.java:141)
at AppiumPractice.AppiumFramework.ecommerce_tc_4.stopServer(ecommerce_tc_4.java:141)
at AppiumPractice.AppiumFramework.ecommerce_tc_4.stopServer(ecommerce_tc_4.java:141)
at AppiumPractice.AppiumFramework.ecommerce_tc_4.stopServer(ecommerce_tc_4.java:141)
at AppiumPractice.AppiumFramework.ecommerce_tc_4.stopServer(ecommerce_tc_4.java:141)
at AppiumPractice.AppiumFramework.ecommerce_tc_4.stopServer(ecommerce_tc_4.java:141)
at AppiumPractice.AppiumFramework.ecommerce_tc_4.stopServer(ecommerce_tc_4.java:141)
at AppiumPractice.AppiumFramework.ecommerce_tc_4.stopServer(ecommerce_tc_4.java:141)
at AppiumPractice.AppiumFramework.ecommerce_tc_4.stopServer(ecommerce_tc_4.java:141)
at AppiumPractice.AppiumFramework.ecommerce_tc_4.stopServer(ecommerce_tc_4.java:141)
at AppiumPractice.AppiumFramework.ecommerce_tc_4.stopServer(ecommerce_tc_4.java:141)
at AppiumPractice.AppiumFramework.ecommerce_tc_4.stopServer(ecommerce_tc_4.java:141)
at AppiumPractice.AppiumFramework.ecommerce_tc_4.stopServer(ecommerce_tc_4.java:141)
at AppiumPractice.AppiumFramework.ecommerce_tc_4.stopServer(ecommerce_tc_4.java:141)
at AppiumPractice.AppiumFramework.ecommerce_tc_4.stopServer(ecommerce_tc_4.java:141)
at AppiumPractice.AppiumFramework.ecommerce_tc_4.stopServer(ecommerce_tc_4.java:141)
at AppiumPractice.AppiumFramework.ecommerce_tc_4.stopServer(ecommerce_tc_4.java:141)
at AppiumPractice.AppiumFramework.ecommerce_tc_4.stopServer(ecommerce_tc_4.java:141)
at AppiumPractice.AppiumFramework.ecommerce_tc_4.stopServer(ecommerce_tc_4.java:141)
at AppiumPractice.AppiumFramework.ecommerce_tc_4.stopServer(ecommerce_tc_4.java:141)
at AppiumPractice.AppiumFramework.ecommerce_tc_4.stopServer(ecommerce_tc_4.java:141)
at AppiumPractice.AppiumFramework.ecommerce_tc_4.stopServer(ecommerce_tc_4.java:141)
at AppiumPractice.AppiumFramework.ecommerce_tc_4.stopServer(ecommerce_tc_4.java:141)
at AppiumPractice.AppiumFramework.ecommerce_tc_4.stopServer(ecommerce_tc_4.java:141)
at AppiumPractice.AppiumFramework.ecommerce_tc_4.stopServer(ecommerce_tc_4.java:141)
at AppiumPractice.AppiumFramework.ecommerce_tc_4.stopServer(ecommerce_tc_4.java:141)
at AppiumPractice.AppiumFramework.ecommerce_tc_4.stopServer(ecommerce_tc_4.java:141)
at AppiumPractice.AppiumFramework.ecommerce_tc_4.stopServer(ecommerce_tc_4.java:141)
at AppiumPractice.AppiumFramework.ecommerce_tc_4.stopServer(ecommerce_tc_4.java:141)
at AppiumPractice.AppiumFramework.ecommerce_tc_4.stopServer(ecommerce_tc_4.java:141)
at AppiumPractice.AppiumFramework.ecommerce_tc_4.stopServer(ecommerce_tc_4.java:141)
at AppiumPractice.AppiumFramework.ecommerce_tc_4.stopServer(ecommerce_tc_4.java:141)
at AppiumPractice.AppiumFramework.ecommerce_tc_4.stopServer(ecommerce_tc_4.java:141)
at AppiumPractice.AppiumFramework.ecommerce_tc_4.stopServer(ecommerce_tc_4.java:141)
at AppiumPractice.AppiumFramework.ecommerce_tc_4.stopServer(ecommerce_tc_4.java:141)
at AppiumPractice.AppiumFramework.ecommerce_tc_4.stopServer(ecommerce_tc_4.java:141)
at AppiumPractice.AppiumFramework.ecommerce_tc_4.stopServer(ecommerce_tc_4.java:141)
at AppiumPractice.AppiumFramework.ecommerce_tc_4.stopServer(ecommerce_tc_4.java:141)
at AppiumPractice.AppiumFramework.ecommerce_tc_4.stopServer(ecommerce_tc_4.java:141)
at AppiumPractice.AppiumFramework.ecommerce_tc_4.stopServer(ecommerce_tc_4.java:141)
at AppiumPractice.AppiumFramework.ecommerce_tc_4.stopServer(ecommerce_tc_4.java:141)
at AppiumPractice.AppiumFramework.ecommerce_tc_4.stopServer(ecommerce_tc_4.java:141)
at AppiumPractice.AppiumFramework.ecommerce_tc_4.stopServer(ecommerce_tc_4.java:141)
at AppiumPractice.AppiumFramework.ecommerce_tc_4.stopServer(ecommerce_tc_4.java:141)
at AppiumPractice.AppiumFramework.ecommerce_tc_4.stopServer(ecommerce_tc_4.java:141)
at AppiumPractice.AppiumFramework.ecommerce_tc_4.stopServer(ecommerce_tc_4.java:141)
at AppiumPractice.AppiumFramework.ecommerce_tc_4.stopServer(ecommerce_tc_4.java:141)
at AppiumPractice.AppiumFramework.ecommerce_tc_4.stopServer(ecommerce_tc_4.java:141)
at AppiumPractice.AppiumFramework.ecommerce_tc_4.stopServer(ecommerce_tc_4.java:141)
at AppiumPractice.AppiumFramework.ecommerce_tc_4.stopServer(ecommerce_tc_4.java:141)
at AppiumPractice.AppiumFramework.ecommerce_tc_4.stopServer(ecommerce_tc_4.java:141)
at AppiumPractice.AppiumFramework.ecommerce_tc_4.stopServer(ecommerce_tc_4.java:141)
at AppiumPractice.AppiumFramework.ecommerce_tc_4.stopServer(ecommerce_tc_4.java:141)
at AppiumPractice.AppiumFramework.ecommerce_tc_4.stopServer(ecommerce_tc_4.java:141)
at AppiumPractice.AppiumFramework.ecommerce_tc_4.stopServer(ecommerce_tc_4.java:141)
at AppiumPractice.AppiumFramework.ecommerce_tc_4.stopServer(ecommerce_tc_4.java:141)
at AppiumPractice.AppiumFramework.ecommerce_tc_4.stopServer(ecommerce_tc_4.java:141)
at AppiumPractice.AppiumFramework.ecommerce_tc_4.stopServer(ecommerce_tc_4.java:141)
at AppiumPractice.AppiumFramework.ecommerce_tc_4.stopServer(ecommerce_tc_4.java:141)
at AppiumPractice.AppiumFramework.ecommerce_tc_4.stopServer(ecommerce_tc_4.java:141)
at AppiumPractice.AppiumFramework.ecommerce_tc_4.stopServer(ecommerce_tc_4.java:141)
at AppiumPractice.AppiumFramework.ecommerce_tc_4.stopServer(ecommerce_tc_4.java:141)
at AppiumPractice.AppiumFramework.ecommerce_tc_4.stopServer(ecommerce_tc_4.java:141)
at AppiumPractice.AppiumFramework.ecommerce_tc_4.stopServer(ecommerce_tc_4.java:141)
at AppiumPractice.AppiumFramework.ecommerce_tc_4.stopServer(ecommerce_tc_4.java:141)
at AppiumPractice.AppiumFramework.ecommerce_tc_4.stopServer(ecommerce_tc_4.java:141)
at AppiumPractice.AppiumFramework.ecommerce_tc_4.stopServer(ecommerce_tc_4.java:141)
at AppiumPractice.AppiumFramework.ecommerce_tc_4.stopServer(ecommerce_tc_4.java:141)
at AppiumPractice.AppiumFramework.ecommerce_tc_4.stopServer(ecommerce_tc_4.java:141)
at AppiumPractice.AppiumFramework.ecommerce_tc_4.stopServer(ecommerce_tc_4.java:141)
at AppiumPractice.AppiumFramework.ecommerce_tc_4.stopServer(ecommerce_tc_4.java:141)
at AppiumPractice.AppiumFramework.ecommerce_tc_4.stopServer(ecommerce_tc_4.java:141)
at AppiumPractice.AppiumFramework.ecommerce_tc_4.stopServer(ecommerce_tc_4.java:141)
at AppiumPractice.AppiumFramework.ecommerce_tc_4.stopServer(ecommerce_tc_4.java:141)
at AppiumPractice.AppiumFramework.ecommerce_tc_4.stopServer(ecommerce_tc_4.java:141)
at AppiumPractice.AppiumFramework.ecommerce_tc_4.stopServer(ecommerce_tc_4.java:141)
at AppiumPractice.AppiumFramework.ecommerce_tc_4.stopServer(ecommerce_tc_4.java:141)
at AppiumPractice.AppiumFramework.ecommerce_tc_4.stopServer(ecommerce_tc_4.java:141)
at AppiumPractice.AppiumFramework.ecommerce_tc_4.stopServer(ecommerce_tc_4.java:141)
at AppiumPractice.AppiumFramework.ecommerce_tc_4.stopServer(ecommerce_tc_4.java:141)
at AppiumPractice.AppiumFramework.ecommerce_tc_4.stopServer(ecommerce_tc_4.java:141)
at AppiumPractice.AppiumFramework.ecommerce_tc_4.stopServer(ecommerce_tc_4.java:141)
at AppiumPractice.AppiumFramework.ecommerce_tc_4.stopServer(ecommerce_tc_4.java:141)
at AppiumPractice.AppiumFramework.ecommerce_tc_4.stopServer(ecommerce_tc_4.java:141)
at AppiumPractice.AppiumFramework.ecommerce_tc_4.stopServer(ecommerce_tc_4.java:141)
at AppiumPractice.AppiumFramework.ecommerce_tc_4.stopServer(ecommerce_tc_4.java:141)
at AppiumPractice.AppiumFramework.ecommerce_tc_4.stopServer(ecommerce_tc_4.java:141)
at AppiumPractice.AppiumFramework.ecommerce_tc_4.stopServer(ecommerce_tc_4.java:141)
at AppiumPractice.AppiumFramework.ecommerce_tc_4.stopServer(ecommerce_tc_4.java:141)
at AppiumPractice.AppiumFramework.ecommerce_tc_4.stopServer(ecommerce_tc_4.java:141)
at AppiumPractice.AppiumFramework.ecommerce_tc_4.stopServer(ecommerce_tc_4.java:141)
at AppiumPractice.AppiumFramework.ecommerce_tc_4.stopServer(ecommerce_tc_4.java:141)
at AppiumPractice.AppiumFramework.ecommerce_tc_4.stopServer(ecommerce_tc_4.java:141)
at AppiumPractice.AppiumFramework.ecommerce_tc_4.stopServer(ecommerce_tc_4.java:141)
at AppiumPractice.AppiumFramework.ecommerce_tc_4.stopServer(ecommerce_tc_4.java:141)
at AppiumPractice.AppiumFramework.ecommerce_tc_4.stopServer(ecommerce_tc_4.java:141)
at AppiumPractice.AppiumFramework.ecommerce_tc_4.stopServer(ecommerce_tc_4.java:141)
at AppiumPractice.AppiumFramework.ecommerce_tc_4.stopServer(ecommerce_tc_4.java:141)
at AppiumPractice.AppiumFramework.ecommerce_tc_4.stopServer(ecommerce_tc_4.java:141)
at AppiumPractice.AppiumFramework.ecommerce_tc_4.stopServer(ecommerce_tc_4.java:141)
at AppiumPractice.AppiumFramework.ecommerce_tc_4.stopServer(ecommerce_tc_4.java:141)
at AppiumPractice.AppiumFramework.ecommerce_tc_4.stopServer(ecommerce_tc_4.java:141)
at AppiumPractice.AppiumFramework.ecommerce_tc_4.stopServer(ecommerce_tc_4.java:141)
at AppiumPractice.AppiumFramework.ecommerce_tc_4.stopServer(ecommerce_tc_4.java:141)
at AppiumPractice.AppiumFramework.ecommerce_tc_4.stopServer(ecommerce_tc_4.java:141)
at AppiumPractice.AppiumFramework.ecommerce_tc_4.stopServer(ecommerce_tc_4.java:141)
at AppiumPractice.AppiumFramework.ecommerce_tc_4.stopServer(ecommerce_tc_4.java:141)
at AppiumPractice.AppiumFramework.ecommerce_tc_4.stopServer(ecommerce_tc_4.java:141)
at AppiumPractice.AppiumFramework.ecommerce_tc_4.stopServer(ecommerce_tc_4.java:141)
at AppiumPractice.AppiumFramework.ecommerce_tc_4.stopServer(ecommerce_tc_4.java:141)
at AppiumPractice.AppiumFramework.ecommerce_tc_4.stopServer(ecommerce_tc_4.java:141)
at AppiumPractice.AppiumFramework.ecommerce_tc_4.stopServer(ecommerce_tc_4.java:141)
at AppiumPractice.AppiumFramework.ecommerce_tc_4.stopServer(ecommerce_tc_4.java:141)
at AppiumPractice.AppiumFramework.ecommerce_tc_4.stopServer(ecommerce_tc_4.java:141)
at AppiumPractice.AppiumFramework.ecommerce_tc_4.stopServer(ecommerce_tc_4.java:141)
at AppiumPractice.AppiumFramework.ecommerce_tc_4.stopServer(ecommerce_tc_4.java:141)
at AppiumPractice.AppiumFramework.ecommerce_tc_4.stopServer(ecommerce_tc_4.java:141)
at AppiumPractice.AppiumFramework.ecommerce_tc_4.stopServer(ecommerce_tc_4.java:141)
at AppiumPractice.AppiumFramework.ecommerce_tc_4.stopServer(ecommerce_tc_4.java:141)
at AppiumPractice.AppiumFramework.ecommerce_tc_4.stopServer(ecommerce_tc_4.java:141)
at AppiumPractice.AppiumFramework.ecommerce_tc_4.stopServer(ecommerce_tc_4.java:141)
at AppiumPractice.AppiumFramework.ecommerce_tc_4.stopServer(ecommerce_tc_4.java:141)
at AppiumPractice.AppiumFramework.ecommerce_tc_4.stopServer(ecommerce_tc_4.java:141)
at AppiumPractice.AppiumFramework.ecommerce_tc_4.stopServer(ecommerce_tc_4.java:141)
at AppiumPractice.AppiumFramework.ecommerce_tc_4.stopServer(ecommerce_tc_4.java:141)
at AppiumPractice.AppiumFramework.ecommerce_tc_4.stopServer(ecommerce_tc_4.java:141)
at AppiumPractice.AppiumFramework.ecommerce_tc_4.stopServer(ecommerce_tc_4.java:141)
at AppiumPractice.AppiumFramework.ecommerce_tc_4.stopServer(ecommerce_tc_4.java:141)
at AppiumPractice.AppiumFramework.ecommerce_tc_4.stopServer(ecommerce_tc_4.java:141)
at AppiumPractice.AppiumFramework.ecommerce_tc_4.stopServer(ecommerce_tc_4.java:141)
at AppiumPractice.AppiumFramework.ecommerce_tc_4.stopServer(ecommerce_tc_4.java:141)
at AppiumPractice.AppiumFramework.ecommerce_tc_4.stopServer(ecommerce_tc_4.java:141)
at AppiumPractice.AppiumFramework.ecommerce_tc_4.stopServer(ecommerce_tc_4.java:141)
at AppiumPractice.AppiumFramework.ecommerce_tc_4.stopServer(ecommerce_tc_4.java:141)
at AppiumPractice.AppiumFramework.ecommerce_tc_4.stopServer(ecommerce_tc_4.java:141)
at AppiumPractice.AppiumFramework.ecommerce_tc_4.stopServer(ecommerce_tc_4.java:141)
at AppiumPractice.AppiumFramework.ecommerce_tc_4.stopServer(ecommerce_tc_4.java:141)
at AppiumPractice.AppiumFramework.ecommerce_tc_4.stopServer(ecommerce_tc_4.java:141)
at AppiumPractice.AppiumFramework.ecommerce_tc_4.stopServer(ecommerce_tc_4.java:141)
at AppiumPractice.AppiumFramework.ecommerce_tc_4.stopServer(ecommerce_tc_4.java:141)
at AppiumPractice.AppiumFramework.ecommerce_tc_4.stopServer(ecommerce_tc_4.java:141)
at AppiumPractice.AppiumFramework.ecommerce_tc_4.stopServer(ecommerce_tc_4.java:141)
at AppiumPractice.AppiumFramework.ecommerce_tc_4.stopServer(ecommerce_tc_4.java:141)
at AppiumPractice.AppiumFramework.ecommerce_tc_4.stopServer(ecommerce_tc_4.java:141)
at AppiumPractice.AppiumFramework.ecommerce_tc_4.stopServer(ecommerce_tc_4.java:141)
at AppiumPractice.AppiumFramework.ecommerce_tc_4.stopServer(ecommerce_tc_4.java:141)
at AppiumPractice.AppiumFramework.ecommerce_tc_4.stopServer(ecommerce_tc_4.java:141)
at AppiumPractice.AppiumFramework.ecommerce_tc_4.stopServer(ecommerce_tc_4.java:141)
at AppiumPractice.AppiumFramework.ecommerce_tc_4.stopServer(ecommerce_tc_4.java:141)
at AppiumPractice.AppiumFramework.ecommerce_tc_4.stopServer(ecommerce_tc_4.java:141)
at AppiumPractice.AppiumFramework.ecommerce_tc_4.stopServer(ecommerce_tc_4.java:141)
at AppiumPractice.AppiumFramework.ecommerce_tc_4.stopServer(ecommerce_tc_4.java:141)
at AppiumPractice.AppiumFramework.ecommerce_tc_4.stopServer(ecommerce_tc_4.java:141)
at AppiumPractice.AppiumFramework.ecommerce_tc_4.stopServer(ecommerce_tc_4.java:141)
at AppiumPractice.AppiumFramework.ecommerce_tc_4.stopServer(ecommerce_tc_4.java:141)
at AppiumPractice.AppiumFramework.ecommerce_tc_4.stopServer(ecommerce_tc_4.java:141)
at AppiumPractice.AppiumFramework.ecommerce_tc_4.stopServer(ecommerce_tc_4.java:141)
at AppiumPractice.AppiumFramework.ecommerce_tc_4.stopServer(ecommerce_tc_4.java:141)
at AppiumPractice.AppiumFramework.ecommerce_tc_4.stopServer(ecommerce_tc_4.java:141)
at AppiumPractice.AppiumFramework.ecommerce_tc_4.stopServer(ecommerce_tc_4.java:141)
at AppiumPractice.AppiumFramework.ecommerce_tc_4.stopServer(ecommerce_tc_4.java:141)
at AppiumPractice.AppiumFramework.ecommerce_tc_4.stopServer(ecommerce_tc_4.java:141)
at AppiumPractice.AppiumFramework.ecommerce_tc_4.stopServer(ecommerce_tc_4.java:141)
at AppiumPractice.AppiumFramework.ecommerce_tc_4.stopServer(ecommerce_tc_4.java:141)
at AppiumPractice.AppiumFramework.ecommerce_tc_4.stopServer(ecommerce_tc_4.java:141)
at AppiumPractice.AppiumFramework.ecommerce_tc_4.stopServer(ecommerce_tc_4.java:141)
at AppiumPractice.AppiumFramework.ecommerce_tc_4.stopServer(ecommerce_tc_4.java:141)
at AppiumPractice.AppiumFramework.ecommerce_tc_4.stopServer(ecommerce_tc_4.java:141)
at AppiumPractice.AppiumFramework.ecommerce_tc_4.stopServer(ecommerce_tc_4.java:141)
at AppiumPractice.AppiumFramework.ecommerce_tc_4.stopServer(ecommerce_tc_4.java:141)
at AppiumPractice.AppiumFramework.ecommerce_tc_4.stopServer(ecommerce_tc_4.java:141)
at AppiumPractice.AppiumFramework.ecommerce_tc_4.stopServer(ecommerce_tc_4.java:141)
at AppiumPractice.AppiumFramework.ecommerce_tc_4.stopServer(ecommerce_tc_4.java:141)
at AppiumPractice.AppiumFramework.ecommerce_tc_4.stopServer(ecommerce_tc_4.java:141)
at AppiumPractice.AppiumFramework.ecommerce_tc_4.stopServer(ecommerce_tc_4.java:141)
at AppiumPractice.AppiumFramework.ecommerce_tc_4.stopServer(ecommerce_tc_4.java:141)
at AppiumPractice.AppiumFramework.ecommerce_tc_4.stopServer(ecommerce_tc_4.java:141)
at AppiumPractice.AppiumFramework.ecommerce_tc_4.stopServer(ecommerce_tc_4.java:141)
at AppiumPractice.AppiumFramework.ecommerce_tc_4.stopServer(ecommerce_tc_4.java:141)
at AppiumPractice.AppiumFramework.ecommerce_tc_4.stopServer(ecommerce_tc_4.java:141)
at AppiumPractice.AppiumFramework.ecommerce_tc_4.stopServer(ecommerce_tc_4.java:141)
at AppiumPractice.AppiumFramework.ecommerce_tc_4.stopServer(ecommerce_tc_4.java:141)
at AppiumPractice.AppiumFramework.ecommerce_tc_4.stopServer(ecommerce_tc_4.java:141)
at AppiumPractice.AppiumFramework.ecommerce_tc_4.stopServer(ecommerce_tc_4.java:141)
at AppiumPractice.AppiumFramework.ecommerce_tc_4.stopServer(ecommerce_tc_4.java:141)
at AppiumPractice.AppiumFramework.ecommerce_tc_4.stopServer(ecommerce_tc_4.java:141)
at AppiumPractice.AppiumFramework.ecommerce_tc_4.stopServer(ecommerce_tc_4.java:141)
at AppiumPractice.AppiumFramework.ecommerce_tc_4.stopServer(ecommerce_tc_4.java:141)
at AppiumPractice.AppiumFramework.ecommerce_tc_4.stopServer(ecommerce_tc_4.java:141)
at AppiumPractice.AppiumFramework.ecommerce_tc_4.stopServer(ecommerce_tc_4.java:141)
at AppiumPractice.AppiumFramework.ecommerce_tc_4.stopServer(ecommerce_tc_4.java:141)
at AppiumPractice.AppiumFramework.ecommerce_tc_4.stopServer(ecommerce_tc_4.java:141)
at AppiumPractice.AppiumFramework.ecommerce_tc_4.stopServer(ecommerce_tc_4.java:141)
at AppiumPractice.AppiumFramework.ecommerce_tc_4.stopServer(ecommerce_tc_4.java:141)
at AppiumPractice.AppiumFramework.ecommerce_tc_4.stopServer(ecommerce_tc_4.java:141)
at AppiumPractice.AppiumFramework.ecommerce_tc_4.stopServer(ecommerce_tc_4.java:141)
at AppiumPractice.AppiumFramework.ecommerce_tc_4.stopServer(ecommerce_tc_4.java:141)
at AppiumPractice.AppiumFramework.ecommerce_tc_4.stopServer(ecommerce_tc_4.java:141)
at AppiumPractice.AppiumFramework.ecommerce_tc_4.stopServer(ecommerce_tc_4.java:141)
at AppiumPractice.AppiumFramework.ecommerce_tc_4.stopServer(ecommerce_tc_4.java:141)
at AppiumPractice.AppiumFramework.ecommerce_tc_4.stopServer(ecommerce_tc_4.java:141)
at AppiumPractice.AppiumFramework.ecommerce_tc_4.stopServer(ecommerce_tc_4.java:141)
at AppiumPractice.AppiumFramework.ecommerce_tc_4.stopServer(ecommerce_tc_4.java:141)
at AppiumPractice.AppiumFramework.ecommerce_tc_4.stopServer(ecommerce_tc_4.java:141)
at AppiumPractice.AppiumFramework.ecommerce_tc_4.stopServer(ecommerce_tc_4.java:141)
at AppiumPractice.AppiumFramework.ecommerce_tc_4.stopServer(ecommerce_tc_4.java:141)
at AppiumPractice.AppiumFramework.ecommerce_tc_4.stopServer(ecommerce_tc_4.java:141)
at AppiumPractice.AppiumFramework.ecommerce_tc_4.stopServer(ecommerce_tc_4.java:141)
at AppiumPractice.AppiumFramework.ecommerce_tc_4.stopServer(ecommerce_tc_4.java:141)
at AppiumPractice.AppiumFramework.ecommerce_tc_4.stopServer(ecommerce_tc_4.java:141)
at AppiumPractice.AppiumFramework.ecommerce_tc_4.stopServer(ecommerce_tc_4.java:141)
at AppiumPractice.AppiumFramework.ecommerce_tc_4.stopServer(ecommerce_tc_4.java:141)
at AppiumPractice.AppiumFramework.ecommerce_tc_4.stopServer(ecommerce_tc_4.java:141)
at AppiumPractice.AppiumFramework.ecommerce_tc_4.stopServer(ecommerce_tc_4.java:141)
at AppiumPractice.AppiumFramework.ecommerce_tc_4.stopServer(ecommerce_tc_4.java:141)
at AppiumPractice.AppiumFramework.ecommerce_tc_4.stopServer(ecommerce_tc_4.java:141)
at AppiumPractice.AppiumFramework.ecommerce_tc_4.stopServer(ecommerce_tc_4.java:141)
at AppiumPractice.AppiumFramework.ecommerce_tc_4.stopServer(ecommerce_tc_4.java:141)
at AppiumPractice.AppiumFramework.ecommerce_tc_4.stopServer(ecommerce_tc_4.java:141)
at AppiumPractice.AppiumFramework.ecommerce_tc_4.stopServer(ecommerce_tc_4.java:141)
at AppiumPractice.AppiumFramework.ecommerce_tc_4.stopServer(ecommerce_tc_4.java:141)
at AppiumPractice.AppiumFramework.ecommerce_tc_4.stopServer(ecommerce_tc_4.java:141)
at AppiumPractice.AppiumFramework.ecommerce_tc_4.stopServer(ecommerce_tc_4.java:141)
at AppiumPractice.AppiumFramework.ecommerce_tc_4.stopServer(ecommerce_tc_4.java:141)
at AppiumPractice.AppiumFramework.ecommerce_tc_4.stopServer(ecommerce_tc_4.java:141)
at AppiumPractice.AppiumFramework.ecommerce_tc_4.stopServer(ecommerce_tc_4.java:141)
at AppiumPractice.AppiumFramework.ecommerce_tc_4.stopServer(ecommerce_tc_4.java:141)
at AppiumPractice.AppiumFramework.ecommerce_tc_4.stopServer(ecommerce_tc_4.java:141)
at AppiumPractice.AppiumFramework.ecommerce_tc_4.stopServer(ecommerce_tc_4.java:141)
at AppiumPractice.AppiumFramework.ecommerce_tc_4.stopServer(ecommerce_tc_4.java:141)
at AppiumPractice.AppiumFramework.ecommerce_tc_4.stopServer(ecommerce_tc_4.java:141)
at AppiumPractice.AppiumFramework.ecommerce_tc_4.stopServer(ecommerce_tc_4.java:141)
at AppiumPractice.AppiumFramework.ecommerce_tc_4.stopServer(ecommerce_tc_4.java:141)
at AppiumPractice.AppiumFramework.ecommerce_tc_4.stopServer(ecommerce_tc_4.java:141)
at AppiumPractice.AppiumFramework.ecommerce_tc_4.stopServer(ecommerce_tc_4.java:141)
at AppiumPractice.AppiumFramework.ecommerce_tc_4.stopServer(ecommerce_tc_4.java:141)
at AppiumPractice.AppiumFramework.ecommerce_tc_4.stopServer(ecommerce_tc_4.java:141)
at AppiumPractice.AppiumFramework.ecommerce_tc_4.stopServer(ecommerce_tc_4.java:141)
at AppiumPractice.AppiumFramework.ecommerce_tc_4.stopServer(ecommerce_tc_4.java:141)
at AppiumPractice.AppiumFramework.ecommerce_tc_4.stopServer(ecommerce_tc_4.java:141)
at AppiumPractice.AppiumFramework.ecommerce_tc_4.stopServer(ecommerce_tc_4.java:141)
at AppiumPractice.AppiumFramework.ecommerce_tc_4.stopServer(ecommerce_tc_4.java:141)
at AppiumPractice.AppiumFramework.ecommerce_tc_4.stopServer(ecommerce_tc_4.java:141)
at AppiumPractice.AppiumFramework.ecommerce_tc_4.stopServer(ecommerce_tc_4.java:141)
at AppiumPractice.AppiumFramework.ecommerce_tc_4.stopServer(ecommerce_tc_4.java:141)
at AppiumPractice.AppiumFramework.ecommerce_tc_4.stopServer(ecommerce_tc_4.java:141)
at AppiumPractice.AppiumFramework.ecommerce_tc_4.stopServer(ecommerce_tc_4.java:141)
at AppiumPractice.AppiumFramework.ecommerce_tc_4.stopServer(ecommerce_tc_4.java:141)
at AppiumPractice.AppiumFramework.ecommerce_tc_4.stopServer(ecommerce_tc_4.java:141)
at AppiumPractice.AppiumFramework.ecommerce_tc_4.stopServer(ecommerce_tc_4.java:141)
at AppiumPractice.AppiumFramework.ecommerce_tc_4.stopServer(ecommerce_tc_4.java:141)
at AppiumPractice.AppiumFramework.ecommerce_tc_4.stopServer(ecommerce_tc_4.java:141)
at AppiumPractice.AppiumFramework.ecommerce_tc_4.stopServer(ecommerce_tc_4.java:141)
at AppiumPractice.AppiumFramework.ecommerce_tc_4.stopServer(ecommerce_tc_4.java:141)
at AppiumPractice.AppiumFramework.ecommerce_tc_4.stopServer(ecommerce_tc_4.java:141)
at AppiumPractice.AppiumFramework.ecommerce_tc_4.stopServer(ecommerce_tc_4.java:141)
at AppiumPractice.AppiumFramework.ecommerce_tc_4.stopServer(ecommerce_tc_4.java:141)
at AppiumPractice.AppiumFramework.ecommerce_tc_4.stopServer(ecommerce_tc_4.java:141)
at AppiumPractice.AppiumFramework.ecommerce_tc_4.stopServer(ecommerce_tc_4.java:141)
at AppiumPractice.AppiumFramework.ecommerce_tc_4.stopServer(ecommerce_tc_4.java:141)
at AppiumPractice.AppiumFramework.ecommerce_tc_4.stopServer(ecommerce_tc_4.java:141)
at AppiumPractice.AppiumFramework.ecommerce_tc_4.stopServer(ecommerce_tc_4.java:141)
at AppiumPractice.AppiumFramework.ecommerce_tc_4.stopServer(ecommerce_tc_4.java:141)
at AppiumPractice.AppiumFramework.ecommerce_tc_4.stopServer(ecommerce_tc_4.java:141)
at AppiumPractice.AppiumFramework.ecommerce_tc_4.stopServer(ecommerce_tc_4.java:141)
at AppiumPractice.AppiumFramework.ecommerce_tc_4.stopServer(ecommerce_tc_4.java:141)
at AppiumPractice.AppiumFramework.ecommerce_tc_4.stopServer(ecommerce_tc_4.java:141)
at AppiumPractice.AppiumFramework.ecommerce_tc_4.stopServer(ecommerce_tc_4.java:141)
at AppiumPractice.AppiumFramework.ecommerce_tc_4.stopServer(ecommerce_tc_4.java:141)
at AppiumPractice.AppiumFramework.ecommerce_tc_4.stopServer(ecommerce_tc_4.java:141)
at AppiumPractice.AppiumFramework.ecommerce_tc_4.stopServer(ecommerce_tc_4.java:141)
at AppiumPractice.AppiumFramework.ecommerce_tc_4.stopServer(ecommerce_tc_4.java:141)
at AppiumPractice.AppiumFramework.ecommerce_tc_4.stopServer(ecommerce_tc_4.java:141)
at AppiumPractice.AppiumFramework.ecommerce_tc_4.stopServer(ecommerce_tc_4.java:141)
at AppiumPractice.AppiumFramework.ecommerce_tc_4.stopServer(ecommerce_tc_4.java:141)
at AppiumPractice.AppiumFramework.ecommerce_tc_4.stopServer(ecommerce_tc_4.java:141)
at AppiumPractice.AppiumFramework.ecommerce_tc_4.stopServer(ecommerce_tc_4.java:141)
at AppiumPractice.AppiumFramework.ecommerce_tc_4.stopServer(ecommerce_tc_4.java:141)
at AppiumPractice.AppiumFramework.ecommerce_tc_4.stopServer(ecommerce_tc_4.java:141)
at AppiumPractice.AppiumFramework.ecommerce_tc_4.stopServer(ecommerce_tc_4.java:141)
at AppiumPractice.AppiumFramework.ecommerce_tc_4.stopServer(ecommerce_tc_4.java:141)
at AppiumPractice.AppiumFramework.ecommerce_tc_4.stopServer(ecommerce_tc_4.java:141)
at AppiumPractice.AppiumFramework.ecommerce_tc_4.stopServer(ecommerce_tc_4.java:141)
at AppiumPractice.AppiumFramework.ecommerce_tc_4.stopServer(ecommerce_tc_4.java:141)
at AppiumPractice.AppiumFramework.ecommerce_tc_4.stopServer(ecommerce_tc_4.java:141)
at AppiumPractice.AppiumFramework.ecommerce_tc_4.stopServer(ecommerce_tc_4.java:141)
at AppiumPractice.AppiumFramework.ecommerce_tc_4.stopServer(ecommerce_tc_4.java:141)
at AppiumPractice.AppiumFramework.ecommerce_tc_4.stopServer(ecommerce_tc_4.java:141)
at AppiumPractice.AppiumFramework.ecommerce_tc_4.stopServer(ecommerce_tc_4.java:141)
at AppiumPractice.AppiumFramework.ecommerce_tc_4.stopServer(ecommerce_tc_4.java:141)
at AppiumPractice.AppiumFramework.ecommerce_tc_4.stopServer(ecommerce_tc_4.java:141)
at AppiumPractice.AppiumFramework.ecommerce_tc_4.stopServer(ecommerce_tc_4.java:141)
at AppiumPractice.AppiumFramework.ecommerce_tc_4.stopServer(ecommerce_tc_4.java:141)
at AppiumPractice.AppiumFramework.ecommerce_tc_4.stopServer(ecommerce_tc_4.java:141)
at AppiumPractice.AppiumFramework.ecommerce_tc_4.stopServer(ecommerce_tc_4.java:141)
at AppiumPractice.AppiumFramework.ecommerce_tc_4.stopServer(ecommerce_tc_4.java:141)
at AppiumPractice.AppiumFramework.ecommerce_tc_4.stopServer(ecommerce_tc_4.java:141)
at AppiumPractice.AppiumFramework.ecommerce_tc_4.stopServer(ecommerce_tc_4.java:141)
at AppiumPractice.AppiumFramework.ecommerce_tc_4.stopServer(ecommerce_tc_4.java:141)
at AppiumPractice.AppiumFramework.ecommerce_tc_4.stopServer(ecommerce_tc_4.java:141)
at AppiumPractice.AppiumFramework.ecommerce_tc_4.stopServer(ecommerce_tc_4.java:141)
at AppiumPractice.AppiumFramework.ecommerce_tc_4.stopServer(ecommerce_tc_4.java:141)
at AppiumPractice.AppiumFramework.ecommerce_tc_4.stopServer(ecommerce_tc_4.java:141)
at AppiumPractice.AppiumFramework.ecommerce_tc_4.stopServer(ecommerce_tc_4.java:141)
at AppiumPractice.AppiumFramework.ecommerce_tc_4.stopServer(ecommerce_tc_4.java:141)
at AppiumPractice.AppiumFramework.ecommerce_tc_4.stopServer(ecommerce_tc_4.java:141)
at AppiumPractice.AppiumFramework.ecommerce_tc_4.stopServer(ecommerce_tc_4.java:141)
at AppiumPractice.AppiumFramework.ecommerce_tc_4.stopServer(ecommerce_tc_4.java:141)
at AppiumPractice.AppiumFramework.ecommerce_tc_4.stopServer(ecommerce_tc_4.java:141)
at AppiumPractice.AppiumFramework.ecommerce_tc_4.stopServer(ecommerce_tc_4.java:141)
at AppiumPractice.AppiumFramework.ecommerce_tc_4.stopServer(ecommerce_tc_4.java:141)
at AppiumPractice.AppiumFramework.ecommerce_tc_4.stopServer(ecommerce_tc_4.java:141)
at AppiumPractice.AppiumFramework.ecommerce_tc_4.stopServer(ecommerce_tc_4.java:141)
at AppiumPractice.AppiumFramework.ecommerce_tc_4.stopServer(ecommerce_tc_4.java:141)
at AppiumPractice.AppiumFramework.ecommerce_tc_4.stopServer(ecommerce_tc_4.java:141)
at AppiumPractice.AppiumFramework.ecommerce_tc_4.stopServer(ecommerce_tc_4.java:141)
at AppiumPractice.AppiumFramework.ecommerce_tc_4.stopServer(ecommerce_tc_4.java:141)
at AppiumPractice.AppiumFramework.ecommerce_tc_4.stopServer(ecommerce_tc_4.java:141)
at AppiumPractice.AppiumFramework.ecommerce_tc_4.stopServer(ecommerce_tc_4.java:141)
at AppiumPractice.AppiumFramework.ecommerce_tc_4.stopServer(ecommerce_tc_4.java:141)
at AppiumPractice.AppiumFramework.ecommerce_tc_4.stopServer(ecommerce_tc_4.java:141)
at AppiumPractice.AppiumFramework.ecommerce_tc_4.stopServer(ecommerce_tc_4.java:141)
at AppiumPractice.AppiumFramework.ecommerce_tc_4.stopServer(ecommerce_tc_4.java:141)
at AppiumPractice.AppiumFramework.ecommerce_tc_4.stopServer(ecommerce_tc_4.java:141)
at AppiumPractice.AppiumFramework.ecommerce_tc_4.stopServer(ecommerce_tc_4.java:141)
at AppiumPractice.AppiumFramework.ecommerce_tc_4.stopServer(ecommerce_tc_4.java:141)
at AppiumPractice.AppiumFramework.ecommerce_tc_4.stopServer(ecommerce_tc_4.java:141)
at AppiumPractice.AppiumFramework.ecommerce_tc_4.stopServer(ecommerce_tc_4.java:141)
at AppiumPractice.AppiumFramework.ecommerce_tc_4.stopServer(ecommerce_tc_4.java:141)
at AppiumPractice.AppiumFramework.ecommerce_tc_4.stopServer(ecommerce_tc_4.java:141)
at AppiumPractice.AppiumFramework.ecommerce_tc_4.stopServer(ecommerce_tc_4.java:141)
at AppiumPractice.AppiumFramework.ecommerce_tc_4.stopServer(ecommerce_tc_4.java:141)
at AppiumPractice.AppiumFramework.ecommerce_tc_4.stopServer(ecommerce_tc_4.java:141)
at AppiumPractice.AppiumFramework.ecommerce_tc_4.stopServer(ecommerce_tc_4.java:141)
at AppiumPractice.AppiumFramework.ecommerce_tc_4.stopServer(ecommerce_tc_4.java:141)
at AppiumPractice.AppiumFramework.ecommerce_tc_4.stopServer(ecommerce_tc_4.java:141)
at AppiumPractice.AppiumFramework.ecommerce_tc_4.stopServer(ecommerce_tc_4.java:141)
at AppiumPractice.AppiumFramework.ecommerce_tc_4.stopServer(ecommerce_tc_4.java:141)
at AppiumPractice.AppiumFramework.ecommerce_tc_4.stopServer(ecommerce_tc_4.java:141)
at AppiumPractice.AppiumFramework.ecommerce_tc_4.stopServer(ecommerce_tc_4.java:141)
at AppiumPractice.AppiumFramework.ecommerce_tc_4.stopServer(ecommerce_tc_4.java:141)
at AppiumPractice.AppiumFramework.ecommerce_tc_4.stopServer(ecommerce_tc_4.java:141)
at AppiumPractice.AppiumFramework.ecommerce_tc_4.stopServer(ecommerce_tc_4.java:141)
at AppiumPractice.AppiumFramework.ecommerce_tc_4.stopServer(ecommerce_tc_4.java:141)
at AppiumPractice.AppiumFramework.ecommerce_tc_4.stopServer(ecommerce_tc_4.java:141)
at AppiumPractice.AppiumFramework.ecommerce_tc_4.stopServer(ecommerce_tc_4.java:141)
at AppiumPractice.AppiumFramework.ecommerce_tc_4.stopServer(ecommerce_tc_4.java:141)
at AppiumPractice.AppiumFramework.ecommerce_tc_4.stopServer(ecommerce_tc_4.java:141)
at AppiumPractice.AppiumFramework.ecommerce_tc_4.stopServer(ecommerce_tc_4.java:141)
at AppiumPractice.AppiumFramework.ecommerce_tc_4.stopServer(ecommerce_tc_4.java:141)
at AppiumPractice.AppiumFramework.ecommerce_tc_4.stopServer(ecommerce_tc_4.java:141)
at AppiumPractice.AppiumFramework.ecommerce_tc_4.stopServer(ecommerce_tc_4.java:141)
at AppiumPractice.AppiumFramework.ecommerce_tc_4.stopServer(ecommerce_tc_4.java:141)
at AppiumPractice.AppiumFramework.ecommerce_tc_4.stopServer(ecommerce_tc_4.java:141)
at AppiumPractice.AppiumFramework.ecommerce_tc_4.stopServer(ecommerce_tc_4.java:141)
at AppiumPractice.AppiumFramework.ecommerce_tc_4.stopServer(ecommerce_tc_4.java:141)
at AppiumPractice.AppiumFramework.ecommerce_tc_4.stopServer(ecommerce_tc_4.java:141)
at AppiumPractice.AppiumFramework.ecommerce_tc_4.stopServer(ecommerce_tc_4.java:141)
at AppiumPractice.AppiumFramework.ecommerce_tc_4.stopServer(ecommerce_tc_4.java:141)
at AppiumPractice.AppiumFramework.ecommerce_tc_4.stopServer(ecommerce_tc_4.java:141)
at AppiumPractice.AppiumFramework.ecommerce_tc_4.stopServer(ecommerce_tc_4.java:141)
at AppiumPractice.AppiumFramework.ecommerce_tc_4.stopServer(ecommerce_tc_4.java:141)
at AppiumPractice.AppiumFramework.ecommerce_tc_4.stopServer(ecommerce_tc_4.java:141)
at AppiumPractice.AppiumFramework.ecommerce_tc_4.stopServer(ecommerce_tc_4.java:141)
at AppiumPractice.AppiumFramework.ecommerce_tc_4.stopServer(ecommerce_tc_4.java:141)
at AppiumPractice.AppiumFramework.ecommerce_tc_4.stopServer(ecommerce_tc_4.java:141)
at AppiumPractice.AppiumFramework.ecommerce_tc_4.stopServer(ecommerce_tc_4.java:141)
at AppiumPractice.AppiumFramework.ecommerce_tc_4.stopServer(ecommerce_tc_4.java:141)
at AppiumPractice.AppiumFramework.ecommerce_tc_4.stopServer(ecommerce_tc_4.java:141)
at AppiumPractice.AppiumFramework.ecommerce_tc_4.stopServer(ecommerce_tc_4.java:141)
at AppiumPractice.AppiumFramework.ecommerce_tc_4.stopServer(ecommerce_tc_4.java:141)
at AppiumPractice.AppiumFramework.ecommerce_tc_4.stopServer(ecommerce_tc_4.java:141)
at AppiumPractice.AppiumFramework.ecommerce_tc_4.stopServer(ecommerce_tc_4.java:141)
at AppiumPractice.AppiumFramework.ecommerce_tc_4.stopServer(ecommerce_tc_4.java:141)
at AppiumPractice.AppiumFramework.ecommerce_tc_4.stopServer(ecommerce_tc_4.java:141)
at AppiumPractice.AppiumFramework.ecommerce_tc_4.stopServer(ecommerce_tc_4.java:141)
at AppiumPractice.AppiumFramework.ecommerce_tc_4.stopServer(ecommerce_tc_4.java:141)
at AppiumPractice.AppiumFramework.ecommerce_tc_4.stopServer(ecommerce_tc_4.java:141)
at AppiumPractice.AppiumFramework.ecommerce_tc_4.stopServer(ecommerce_tc_4.java:141)
at AppiumPractice.AppiumFramework.ecommerce_tc_4.stopServer(ecommerce_tc_4.java:141)
at AppiumPractice.AppiumFramework.ecommerce_tc_4.stopServer(ecommerce_tc_4.java:141)
at AppiumPractice.AppiumFramework.ecommerce_tc_4.stopServer(ecommerce_tc_4.java:141)
at AppiumPractice.AppiumFramework.ecommerce_tc_4.stopServer(ecommerce_tc_4.java:141)
at AppiumPractice.AppiumFramework.ecommerce_tc_4.stopServer(ecommerce_tc_4.java:141)
at AppiumPractice.AppiumFramework.ecommerce_tc_4.stopServer(ecommerce_tc_4.java:141)
at AppiumPractice.AppiumFramework.ecommerce_tc_4.stopServer(ecommerce_tc_4.java:141)
at AppiumPractice.AppiumFramework.ecommerce_tc_4.stopServer(ecommerce_tc_4.java:141)
at AppiumPractice.AppiumFramework.ecommerce_tc_4.stopServer(ecommerce_tc_4.java:141)
at AppiumPractice.AppiumFramework.ecommerce_tc_4.stopServer(ecommerce_tc_4.java:141)
at AppiumPractice.AppiumFramework.ecommerce_tc_4.stopServer(ecommerce_tc_4.java:141)
at AppiumPractice.AppiumFramework.ecommerce_tc_4.stopServer(ecommerce_tc_4.java:141)
at AppiumPractice.AppiumFramework.ecommerce_tc_4.stopServer(ecommerce_tc_4.java:141)
at AppiumPractice.AppiumFramework.ecommerce_tc_4.stopServer(ecommerce_tc_4.java:141)
at AppiumPractice.AppiumFramework.ecommerce_tc_4.stopServer(ecommerce_tc_4.java:141)
at AppiumPractice.AppiumFramework.ecommerce_tc_4.stopServer(ecommerce_tc_4.java:141)
at AppiumPractice.AppiumFramework.ecommerce_tc_4.stopServer(ecommerce_tc_4.java:141)
at AppiumPractice.AppiumFramework.ecommerce_tc_4.stopServer(ecommerce_tc_4.java:141)
at AppiumPractice.AppiumFramework.ecommerce_tc_4.stopServer(ecommerce_tc_4.java:141)
at AppiumPractice.AppiumFramework.ecommerce_tc_4.stopServer(ecommerce_tc_4.java:141)
at AppiumPractice.AppiumFramework.ecommerce_tc_4.stopServer(ecommerce_tc_4.java:141)
at AppiumPractice.AppiumFramework.ecommerce_tc_4.stopServer(ecommerce_tc_4.java:141)
at AppiumPractice.AppiumFramework.ecommerce_tc_4.stopServer(ecommerce_tc_4.java:141)
at AppiumPractice.AppiumFramework.ecommerce_tc_4.stopServer(ecommerce_tc_4.java:141)
at AppiumPractice.AppiumFramework.ecommerce_tc_4.stopServer(ecommerce_tc_4.java:141)
at AppiumPractice.AppiumFramework.ecommerce_tc_4.stopServer(ecommerce_tc_4.java:141)
at AppiumPractice.AppiumFramework.ecommerce_tc_4.stopServer(ecommerce_tc_4.java:141)
at AppiumPractice.AppiumFramework.ecommerce_tc_4.stopServer(ecommerce_tc_4.java:141)
at AppiumPractice.AppiumFramework.ecommerce_tc_4.stopServer(ecommerce_tc_4.java:141)
at AppiumPractice.AppiumFramework.ecommerce_tc_4.stopServer(ecommerce_tc_4.java:141)
at AppiumPractice.AppiumFramework.ecommerce_tc_4.stopServer(ecommerce_tc_4.java:141)
at AppiumPractice.AppiumFramework.ecommerce_tc_4.stopServer(ecommerce_tc_4.java:141)
at AppiumPractice.AppiumFramework.ecommerce_tc_4.stopServer(ecommerce_tc_4.java:141)
at AppiumPractice.AppiumFramework.ecommerce_tc_4.stopServer(ecommerce_tc_4.java:141)
at AppiumPractice.AppiumFramework.ecommerce_tc_4.stopServer(ecommerce_tc_4.java:141)
at AppiumPractice.AppiumFramework.ecommerce_tc_4.stopServer(ecommerce_tc_4.java:141)
at AppiumPractice.AppiumFramework.ecommerce_tc_4.stopServer(ecommerce_tc_4.java:141)
at AppiumPractice.AppiumFramework.ecommerce_tc_4.stopServer(ecommerce_tc_4.java:141)
at AppiumPractice.AppiumFramework.ecommerce_tc_4.stopServer(ecommerce_tc_4.java:141)
at AppiumPractice.AppiumFramework.ecommerce_tc_4.stopServer(ecommerce_tc_4.java:141)
at AppiumPractice.AppiumFramework.ecommerce_tc_4.stopServer(ecommerce_tc_4.java:141)
at AppiumPractice.AppiumFramework.ecommerce_tc_4.stopServer(ecommerce_tc_4.java:141)
at AppiumPractice.AppiumFramework.ecommerce_tc_4.stopServer(ecommerce_tc_4.java:141)
at AppiumPractice.AppiumFramework.ecommerce_tc_4.stopServer(ecommerce_tc_4.java:141)
at AppiumPractice.AppiumFramework.ecommerce_tc_4.stopServer(ecommerce_tc_4.java:141)
at AppiumPractice.AppiumFramework.ecommerce_tc_4.stopServer(ecommerce_tc_4.java:141)
at AppiumPractice.AppiumFramework.ecommerce_tc_4.stopServer(ecommerce_tc_4.java:141)
at AppiumPractice.AppiumFramework.ecommerce_tc_4.stopServer(ecommerce_tc_4.java:141)
at AppiumPractice.AppiumFramework.ecommerce_tc_4.stopServer(ecommerce_tc_4.java:141)
at AppiumPractice.AppiumFramework.ecommerce_tc_4.stopServer(ecommerce_tc_4.java:141)
at AppiumPractice.AppiumFramework.ecommerce_tc_4.stopServer(ecommerce_tc_4.java:141)
at AppiumPractice.AppiumFramework.ecommerce_tc_4.stopServer(ecommerce_tc_4.java:141)
at AppiumPractice.AppiumFramework.ecommerce_tc_4.stopServer(ecommerce_tc_4.java:141)
at AppiumPractice.AppiumFramework.ecommerce_tc_4.stopServer(ecommerce_tc_4.java:141)
at AppiumPractice.AppiumFramework.ecommerce_tc_4.stopServer(ecommerce_tc_4.java:141)
at AppiumPractice.AppiumFramework.ecommerce_tc_4.stopServer(ecommerce_tc_4.java:141)
at AppiumPractice.AppiumFramework.ecommerce_tc_4.stopServer(ecommerce_tc_4.java:141)
at AppiumPractice.AppiumFramework.ecommerce_tc_4.stopServer(ecommerce_tc_4.java:141)
at AppiumPractice.AppiumFramework.ecommerce_tc_4.stopServer(ecommerce_tc_4.java:141)
at AppiumPractice.AppiumFramework.ecommerce_tc_4.stopServer(ecommerce_tc_4.java:141)
at AppiumPractice.AppiumFramework.ecommerce_tc_4.stopServer(ecommerce_tc_4.java:141)
at AppiumPractice.AppiumFramework.ecommerce_tc_4.stopServer(ecommerce_tc_4.java:141)
at AppiumPractice.AppiumFramework.ecommerce_tc_4.stopServer(ecommerce_tc_4.java:141)
at AppiumPractice.AppiumFramework.ecommerce_tc_4.stopServer(ecommerce_tc_4.java:141)
at AppiumPractice.AppiumFramework.ecommerce_tc_4.stopServer(ecommerce_tc_4.java:141)
at AppiumPractice.AppiumFramework.ecommerce_tc_4.stopServer(ecommerce_tc_4.java:141)
at AppiumPractice.AppiumFramework.ecommerce_tc_4.stopServer(ecommerce_tc_4.java:141)
at AppiumPractice.AppiumFramework.ecommerce_tc_4.stopServer(ecommerce_tc_4.java:141)
at AppiumPractice.AppiumFramework.ecommerce_tc_4.stopServer(ecommerce_tc_4.java:141)
at AppiumPractice.AppiumFramework.ecommerce_tc_4.stopServer(ecommerce_tc_4.java:141)
at AppiumPractice.AppiumFramework.ecommerce_tc_4.stopServer(ecommerce_tc_4.java:141)
at AppiumPractice.AppiumFramework.ecommerce_tc_4.stopServer(ecommerce_tc_4.java:141)
at AppiumPractice.AppiumFramework.ecommerce_tc_4.stopServer(ecommerce_tc_4.java:141)
at AppiumPractice.AppiumFramework.ecommerce_tc_4.stopServer(ecommerce_tc_4.java:141)
at AppiumPractice.AppiumFramework.ecommerce_tc_4.stopServer(ecommerce_tc_4.java:141)
at AppiumPractice.AppiumFramework.ecommerce_tc_4.stopServer(ecommerce_tc_4.java:141)
at AppiumPractice.AppiumFramework.ecommerce_tc_4.stopServer(ecommerce_tc_4.java:141)
at AppiumPractice.AppiumFramework.ecommerce_tc_4.stopServer(ecommerce_tc_4.java:141)
at AppiumPractice.AppiumFramework.ecommerce_tc_4.stopServer(ecommerce_tc_4.java:141)
at AppiumPractice.AppiumFramework.ecommerce_tc_4.stopServer(ecommerce_tc_4.java:141)
at AppiumPractice.AppiumFramework.ecommerce_tc_4.stopServer(ecommerce_tc_4.java:141)
at AppiumPractice.AppiumFramework.ecommerce_tc_4.stopServer(ecommerce_tc_4.java:141)
at AppiumPractice.AppiumFramework.ecommerce_tc_4.stopServer(ecommerce_tc_4.java:141)
at AppiumPractice.AppiumFramework.ecommerce_tc_4.stopServer(ecommerce_tc_4.java:141)
at AppiumPractice.AppiumFramework.ecommerce_tc_4.stopServer(ecommerce_tc_4.java:141)
at AppiumPractice.AppiumFramework.ecommerce_tc_4.stopServer(ecommerce_tc_4.java:141)
at AppiumPractice.AppiumFramework.ecommerce_tc_4.stopServer(ecommerce_tc_4.java:141)
at AppiumPractice.AppiumFramework.ecommerce_tc_4.stopServer(ecommerce_tc_4.java:141)
at AppiumPractice.AppiumFramework.ecommerce_tc_4.stopServer(ecommerce_tc_4.java:141)
at AppiumPractice.AppiumFramework.ecommerce_tc_4.stopServer(ecommerce_tc_4.java:141)
at AppiumPractice.AppiumFramework.ecommerce_tc_4.stopServer(ecommerce_tc_4.java:141)
at AppiumPractice.AppiumFramework.ecommerce_tc_4.stopServer(ecommerce_tc_4.java:141)
at AppiumPractice.AppiumFramework.ecommerce_tc_4.stopServer(ecommerce_tc_4.java:141)
at AppiumPractice.AppiumFramework.ecommerce_tc_4.stopServer(ecommerce_tc_4.java:141)
at AppiumPractice.AppiumFramework.ecommerce_tc_4.stopServer(ecommerce_tc_4.java:141)
at AppiumPractice.AppiumFramework.ecommerce_tc_4.stopServer(ecommerce_tc_4.java:141)
at AppiumPractice.AppiumFramework.ecommerce_tc_4.stopServer(ecommerce_tc_4.java:141)
at AppiumPractice.AppiumFramework.ecommerce_tc_4.stopServer(ecommerce_tc_4.java:141)
at AppiumPractice.AppiumFramework.ecommerce_tc_4.stopServer(ecommerce_tc_4.java:141)
at AppiumPractice.AppiumFramework.ecommerce_tc_4.stopServer(ecommerce_tc_4.java:141)
at AppiumPractice.AppiumFramework.ecommerce_tc_4.stopServer(ecommerce_tc_4.java:141)
at AppiumPractice.AppiumFramework.ecommerce_tc_4.stopServer(ecommerce_tc_4.java:141)
at AppiumPractice.AppiumFramework.ecommerce_tc_4.stopServer(ecommerce_tc_4.java:141)
at AppiumPractice.AppiumFramework.ecommerce_tc_4.stopServer(ecommerce_tc_4.java:141)
at AppiumPractice.AppiumFramework.ecommerce_tc_4.stopServer(ecommerce_tc_4.java:141)
at AppiumPractice.AppiumFramework.ecommerce_tc_4.stopServer(ecommerce_tc_4.java:141)
at AppiumPractice.AppiumFramework.ecommerce_tc_4.stopServer(ecommerce_tc_4.java:141)
at AppiumPractice.AppiumFramework.ecommerce_tc_4.stopServer(ecommerce_tc_4.java:141)
at AppiumPractice.AppiumFramework.ecommerce_tc_4.stopServer(ecommerce_tc_4.java:141)
at AppiumPractice.AppiumFramework.ecommerce_tc_4.stopServer(ecommerce_tc_4.java:141)
at AppiumPractice.AppiumFramework.ecommerce_tc_4.stopServer(ecommerce_tc_4.java:141)
at AppiumPractice.AppiumFramework.ecommerce_tc_4.stopServer(ecommerce_tc_4.java:141)
at AppiumPractice.AppiumFramework.ecommerce_tc_4.stopServer(ecommerce_tc_4.java:141)
at AppiumPractice.AppiumFramework.ecommerce_tc_4.stopServer(ecommerce_tc_4.java:141)
at AppiumPractice.AppiumFramework.ecommerce_tc_4.stopServer(ecommerce_tc_4.java:141)
at AppiumPractice.AppiumFramework.ecommerce_tc_4.stopServer(ecommerce_tc_4.java:141)
at AppiumPractice.AppiumFramework.ecommerce_tc_4.stopServer(ecommerce_tc_4.java:141)
at AppiumPractice.AppiumFramework.ecommerce_tc_4.stopServer(ecommerce_tc_4.java:141)
at AppiumPractice.AppiumFramework.ecommerce_tc_4.stopServer(ecommerce_tc_4.java:141)
at AppiumPractice.AppiumFramework.ecommerce_tc_4.stopServer(ecommerce_tc_4.java:141)
at AppiumPractice.AppiumFramework.ecommerce_tc_4.stopServer(ecommerce_tc_4.java:141)
at AppiumPractice.AppiumFramework.ecommerce_tc_4.stopServer(ecommerce_tc_4.java:141)
at AppiumPractice.AppiumFramework.ecommerce_tc_4.stopServer(ecommerce_tc_4.java:141)
at AppiumPractice.AppiumFramework.ecommerce_tc_4.stopServer(ecommerce_tc_4.java:141)
at AppiumPractice.AppiumFramework.ecommerce_tc_4.stopServer(ecommerce_tc_4.java:141)
at AppiumPractice.AppiumFramework.ecommerce_tc_4.stopServer(ecommerce_tc_4.java:141)
at AppiumPractice.AppiumFramework.ecommerce_tc_4.stopServer(ecommerce_tc_4.java:141)
at AppiumPractice.AppiumFramework.ecommerce_tc_4.stopServer(ecommerce_tc_4.java:141)
at AppiumPractice.AppiumFramework.ecommerce_tc_4.stopServer(ecommerce_tc_4.java:141)
at AppiumPractice.AppiumFramework.ecommerce_tc_4.stopServer(ecommerce_tc_4.java:141)
at AppiumPractice.AppiumFramework.ecommerce_tc_4.stopServer(ecommerce_tc_4.java:141)
at AppiumPractice.AppiumFramework.ecommerce_tc_4.stopServer(ecommerce_tc_4.java:141)
at AppiumPractice.AppiumFramework.ecommerce_tc_4.stopServer(ecommerce_tc_4.java:141)
at AppiumPractice.AppiumFramework.ecommerce_tc_4.stopServer(ecommerce_tc_4.java:141)
at AppiumPractice.AppiumFramework.ecommerce_tc_4.stopServer(ecommerce_tc_4.java:141)
at AppiumPractice.AppiumFramework.ecommerce_tc_4.stopServer(ecommerce_tc_4.java:141)
at AppiumPractice.AppiumFramework.ecommerce_tc_4.stopServer(ecommerce_tc_4.java:141)
at AppiumPractice.AppiumFramework.ecommerce_tc_4.stopServer(ecommerce_tc_4.java:141)
at AppiumPractice.AppiumFramework.ecommerce_tc_4.stopServer(ecommerce_tc_4.java:141)
at AppiumPractice.AppiumFramework.ecommerce_tc_4.stopServer(ecommerce_tc_4.java:141)
at AppiumPractice.AppiumFramework.ecommerce_tc_4.stopServer(ecommerce_tc_4.java:141)
at AppiumPractice.AppiumFramework.ecommerce_tc_4.stopServer(ecommerce_tc_4.java:141)
at AppiumPractice.AppiumFramework.ecommerce_tc_4.stopServer(ecommerce_tc_4.java:141)
at AppiumPractice.AppiumFramework.ecommerce_tc_4.stopServer(ecommerce_tc_4.java:141)
at AppiumPractice.AppiumFramework.ecommerce_tc_4.stopServer(ecommerce_tc_4.java:141)
at AppiumPractice.AppiumFramework.ecommerce_tc_4.stopServer(ecommerce_tc_4.java:141)
at AppiumPractice.AppiumFramework.ecommerce_tc_4.stopServer(ecommerce_tc_4.java:141)
at AppiumPractice.AppiumFramework.ecommerce_tc_4.stopServer(ecommerce_tc_4.java:141)
at AppiumPractice.AppiumFramework.ecommerce_tc_4.stopServer(ecommerce_tc_4.java:141)
at AppiumPractice.AppiumFramework.ecommerce_tc_4.stopServer(ecommerce_tc_4.java:141)
at AppiumPractice.AppiumFramework.ecommerce_tc_4.stopServer(ecommerce_tc_4.java:141)
at AppiumPractice.AppiumFramework.ecommerce_tc_4.stopServer(ecommerce_tc_4.java:141)
at AppiumPractice.AppiumFramework.ecommerce_tc_4.stopServer(ecommerce_tc_4.java:141)
at AppiumPractice.AppiumFramework.ecommerce_tc_4.stopServer(ecommerce_tc_4.java:141)
at AppiumPractice.AppiumFramework.ecommerce_tc_4.stopServer(ecommerce_tc_4.java:141)
at AppiumPractice.AppiumFramework.ecommerce_tc_4.stopServer(ecommerce_tc_4.java:141)
at AppiumPractice.AppiumFramework.ecommerce_tc_4.stopServer(ecommerce_tc_4.java:141)
at AppiumPractice.AppiumFramework.ecommerce_tc_4.stopServer(ecommerce_tc_4.java:141)
at AppiumPractice.AppiumFramework.ecommerce_tc_4.stopServer(ecommerce_tc_4.java:141)
at AppiumPractice.AppiumFramework.ecommerce_tc_4.stopServer(ecommerce_tc_4.java:141)
at AppiumPractice.AppiumFramework.ecommerce_tc_4.stopServer(ecommerce_tc_4.java:141)
at AppiumPractice.AppiumFramework.ecommerce_tc_4.stopServer(ecommerce_tc_4.java:141)
at AppiumPractice.AppiumFramework.ecommerce_tc_4.stopServer(ecommerce_tc_4.java:141)
at AppiumPractice.AppiumFramework.ecommerce_tc_4.stopServer(ecommerce_tc_4.java:141)
at AppiumPractice.AppiumFramework.ecommerce_tc_4.stopServer(ecommerce_tc_4.java:141)
at AppiumPractice.AppiumFramework.ecommerce_tc_4.stopServer(ecommerce_tc_4.java:141)
at AppiumPractice.AppiumFramework.ecommerce_tc_4.stopServer(ecommerce_tc_4.java:141)
at AppiumPractice.AppiumFramework.ecommerce_tc_4.stopServer(ecommerce_tc_4.java:141)
at AppiumPractice.AppiumFramework.ecommerce_tc_4.stopServer(ecommerce_tc_4.java:141)
at AppiumPractice.AppiumFramework.ecommerce_tc_4.stopServer(ecommerce_tc_4.java:141)
at AppiumPractice.AppiumFramework.ecommerce_tc_4.stopServer(ecommerce_tc_4.java:141)
at AppiumPractice.AppiumFramework.ecommerce_tc_4.stopServer(ecommerce_tc_4.java:141)
at AppiumPractice.AppiumFramework.ecommerce_tc_4.stopServer(ecommerce_tc_4.java:141)
at AppiumPractice.AppiumFramework.ecommerce_tc_4.stopServer(ecommerce_tc_4.java:141)
at AppiumPractice.AppiumFramework.ecommerce_tc_4.stopServer(ecommerce_tc_4.java:141)
at AppiumPractice.AppiumFramework.ecommerce_tc_4.stopServer(ecommerce_tc_4.java:141)
at AppiumPractice.AppiumFramework.ecommerce_tc_4.stopServer(ecommerce_tc_4.java:141)
at AppiumPractice.AppiumFramework.ecommerce_tc_4.stopServer(ecommerce_tc_4.java:141)
at AppiumPractice.AppiumFramework.ecommerce_tc_4.stopServer(ecommerce_tc_4.java:141)
at AppiumPractice.AppiumFramework.ecommerce_tc_4.stopServer(ecommerce_tc_4.java:141)
at AppiumPractice.AppiumFramework.ecommerce_tc_4.stopServer(ecommerce_tc_4.java:141)
at AppiumPractice.AppiumFramework.ecommerce_tc_4.stopServer(ecommerce_tc_4.java:141)
at AppiumPractice.AppiumFramework.ecommerce_tc_4.stopServer(ecommerce_tc_4.java:141)
at AppiumPractice.AppiumFramework.ecommerce_tc_4.stopServer(ecommerce_tc_4.java:141)
at AppiumPractice.AppiumFramework.ecommerce_tc_4.stopServer(ecommerce_tc_4.java:141)
at AppiumPractice.AppiumFramework.ecommerce_tc_4.stopServer(ecommerce_tc_4.java:141)
at AppiumPractice.AppiumFramework.ecommerce_tc_4.stopServer(ecommerce_tc_4.java:141)
at AppiumPractice.AppiumFramework.ecommerce_tc_4.stopServer(ecommerce_tc_4.java:141)
at AppiumPractice.AppiumFramework.ecommerce_tc_4.stopServer(ecommerce_tc_4.java:141)
at AppiumPractice.AppiumFramework.ecommerce_tc_4.stopServer(ecommerce_tc_4.java:141)
at AppiumPractice.AppiumFramework.ecommerce_tc_4.stopServer(ecommerce_tc_4.java:141)
at AppiumPractice.AppiumFramework.ecommerce_tc_4.stopServer(ecommerce_tc_4.java:141)
at AppiumPractice.AppiumFramework.ecommerce_tc_4.stopServer(ecommerce_tc_4.java:141)
at AppiumPractice.AppiumFramework.ecommerce_tc_4.stopServer(ecommerce_tc_4.java:141)
at AppiumPractice.AppiumFramework.ecommerce_tc_4.stopServer(ecommerce_tc_4.java:141)
at AppiumPractice.AppiumFramework.ecommerce_tc_4.stopServer(ecommerce_tc_4.java:141)
at AppiumPractice.AppiumFramework.ecommerce_tc_4.stopServer(ecommerce_tc_4.java:141)
at AppiumPractice.AppiumFramework.ecommerce_tc_4.stopServer(ecommerce_tc_4.java:141)
at AppiumPractice.AppiumFramework.ecommerce_tc_4.stopServer(ecommerce_tc_4.java:141)
at AppiumPractice.AppiumFramework.ecommerce_tc_4.stopServer(ecommerce_tc_4.java:141)
at AppiumPractice.AppiumFramework.ecommerce_tc_4.stopServer(ecommerce_tc_4.java:141)
at AppiumPractice.AppiumFramework.ecommerce_tc_4.stopServer(ecommerce_tc_4.java:141)
at AppiumPractice.AppiumFramework.ecommerce_tc_4.stopServer(ecommerce_tc_4.java:141)
at AppiumPractice.AppiumFramework.ecommerce_tc_4.stopServer(ecommerce_tc_4.java:141)
at AppiumPractice.AppiumFramework.ecommerce_tc_4.stopServer(ecommerce_tc_4.java:141)
at AppiumPractice.AppiumFramework.ecommerce_tc_4.stopServer(ecommerce_tc_4.java:141)
at AppiumPractice.AppiumFramework.ecommerce_tc_4.stopServer(ecommerce_tc_4.java:141)
at AppiumPractice.AppiumFramework.ecommerce_tc_4.stopServer(ecommerce_tc_4.java:141)
]]>
    </failure>
  </testcase> <!-- @AfterTest stopServer -->
  <testcase classname="AppiumPractice.AppiumFramework.ecommerce_tc_4" name="validateAmount" time="117.164"/>
</testsuite> <!-- Default test -->
