<?xml version="1.0" encoding="UTF-8"?>
<!-- Generated by org.testng.reporters.JUnitXMLReporter -->
<testsuite ignored="0" hostname="CAMKHWNCN4853XB" failures="2" tests="6" name="AppiumFrameworkTest" time="179.779" errors="0" timestamp="2022-05-15T00:47:13 EDT">
  <testcase classname="AppiumPractice.AppiumFramework.apiDemosTest" name="@AfterTest stopServer" time="0.003">
    <failure type="java.lang.StackOverflowError">
      <![CDATA[java.lang.StackOverflowError
at AppiumPractice.AppiumFramework.apiDemosTest.stopServer(apiDemosTest.java:70)
at AppiumPractice.AppiumFramework.apiDemosTest.stopServer(apiDemosTest.java:70)
at AppiumPractice.AppiumFramework.apiDemosTest.stopServer(apiDemosTest.java:70)
at AppiumPractice.AppiumFramework.apiDemosTest.stopServer(apiDemosTest.java:70)
at AppiumPractice.AppiumFramework.apiDemosTest.stopServer(apiDemosTest.java:70)
at AppiumPractice.AppiumFramework.apiDemosTest.stopServer(apiDemosTest.java:70)
at AppiumPractice.AppiumFramework.apiDemosTest.stopServer(apiDemosTest.java:70)
at AppiumPractice.AppiumFramework.apiDemosTest.stopServer(apiDemosTest.java:70)
at AppiumPractice.AppiumFramework.apiDemosTest.stopServer(apiDemosTest.java:70)
at AppiumPractice.AppiumFramework.apiDemosTest.stopServer(apiDemosTest.java:70)
at AppiumPractice.AppiumFramework.apiDemosTest.stopServer(apiDemosTest.java:70)
at AppiumPractice.AppiumFramework.apiDemosTest.stopServer(apiDemosTest.java:70)
at AppiumPractice.AppiumFramework.apiDemosTest.stopServer(apiDemosTest.java:70)
at AppiumPractice.AppiumFramework.apiDemosTest.stopServer(apiDemosTest.java:70)
at AppiumPractice.AppiumFramework.apiDemosTest.stopServer(apiDemosTest.java:70)
at AppiumPractice.AppiumFramework.apiDemosTest.stopServer(apiDemosTest.java:70)
at AppiumPractice.AppiumFramework.apiDemosTest.stopServer(apiDemosTest.java:70)
at AppiumPractice.AppiumFramework.apiDemosTest.stopServer(apiDemosTest.java:70)
at AppiumPractice.AppiumFramework.apiDemosTest.stopServer(apiDemosTest.java:70)
at AppiumPractice.AppiumFramework.apiDemosTest.stopServer(apiDemosTest.java:70)
at AppiumPractice.AppiumFramework.apiDemosTest.stopServer(apiDemosTest.java:70)
at AppiumPractice.AppiumFramework.apiDemosTest.stopServer(apiDemosTest.java:70)
at AppiumPractice.AppiumFramework.apiDemosTest.stopServer(apiDemosTest.java:70)
at AppiumPractice.AppiumFramework.apiDemosTest.stopServer(apiDemosTest.java:70)
at AppiumPractice.AppiumFramework.apiDemosTest.stopServer(apiDemosTest.java:70)
at AppiumPractice.AppiumFramework.apiDemosTest.stopServer(apiDemosTest.java:70)
at AppiumPractice.AppiumFramework.apiDemosTest.stopServer(apiDemosTest.java:70)
at AppiumPractice.AppiumFramework.apiDemosTest.stopServer(apiDemosTest.java:70)
at AppiumPractice.AppiumFramework.apiDemosTest.stopServer(apiDemosTest.java:70)
at AppiumPractice.AppiumFramework.apiDemosTest.stopServer(apiDemosTest.java:70)
at AppiumPractice.AppiumFramework.apiDemosTest.stopServer(apiDemosTest.java:70)
at AppiumPractice.AppiumFramework.apiDemosTest.stopServer(apiDemosTest.java:70)
at AppiumPractice.AppiumFramework.apiDemosTest.stopServer(apiDemosTest.java:70)
at AppiumPractice.AppiumFramework.apiDemosTest.stopServer(apiDemosTest.java:70)
at AppiumPractice.AppiumFramework.apiDemosTest.stopServer(apiDemosTest.java:70)
at AppiumPractice.AppiumFramework.apiDemosTest.stopServer(apiDemosTest.java:70)
at AppiumPractice.AppiumFramework.apiDemosTest.stopServer(apiDemosTest.java:70)
at AppiumPractice.AppiumFramework.apiDemosTest.stopServer(apiDemosTest.java:70)
at AppiumPractice.AppiumFramework.apiDemosTest.stopServer(apiDemosTest.java:70)
at AppiumPractice.AppiumFramework.apiDemosTest.stopServer(apiDemosTest.java:70)
at AppiumPractice.AppiumFramework.apiDemosTest.stopServer(apiDemosTest.java:70)
at AppiumPractice.AppiumFramework.apiDemosTest.stopServer(apiDemosTest.java:70)
at AppiumPractice.AppiumFramework.apiDemosTest.stopServer(apiDemosTest.java:70)
at AppiumPractice.AppiumFramework.apiDemosTest.stopServer(apiDemosTest.java:70)
at AppiumPractice.AppiumFramework.apiDemosTest.stopServer(apiDemosTest.java:70)
at AppiumPractice.AppiumFramework.apiDemosTest.stopServer(apiDemosTest.java:70)
at AppiumPractice.AppiumFramework.apiDemosTest.stopServer(apiDemosTest.java:70)
at AppiumPractice.AppiumFramework.apiDemosTest.stopServer(apiDemosTest.java:70)
at AppiumPractice.AppiumFramework.apiDemosTest.stopServer(apiDemosTest.java:70)
at AppiumPractice.AppiumFramework.apiDemosTest.stopServer(apiDemosTest.java:70)
at AppiumPractice.AppiumFramework.apiDemosTest.stopServer(apiDemosTest.java:70)
at AppiumPractice.AppiumFramework.apiDemosTest.stopServer(apiDemosTest.java:70)
at AppiumPractice.AppiumFramework.apiDemosTest.stopServer(apiDemosTest.java:70)
at AppiumPractice.AppiumFramework.apiDemosTest.stopServer(apiDemosTest.java:70)
at AppiumPractice.AppiumFramework.apiDemosTest.stopServer(apiDemosTest.java:70)
at AppiumPractice.AppiumFramework.apiDemosTest.stopServer(apiDemosTest.java:70)
at AppiumPractice.AppiumFramework.apiDemosTest.stopServer(apiDemosTest.java:70)
at AppiumPractice.AppiumFramework.apiDemosTest.stopServer(apiDemosTest.java:70)
at AppiumPractice.AppiumFramework.apiDemosTest.stopServer(apiDemosTest.java:70)
at AppiumPractice.AppiumFramework.apiDemosTest.stopServer(apiDemosTest.java:70)
at AppiumPractice.AppiumFramework.apiDemosTest.stopServer(apiDemosTest.java:70)
at AppiumPractice.AppiumFramework.apiDemosTest.stopServer(apiDemosTest.java:70)
at AppiumPractice.AppiumFramework.apiDemosTest.stopServer(apiDemosTest.java:70)
at AppiumPractice.AppiumFramework.apiDemosTest.stopServer(apiDemosTest.java:70)
at AppiumPractice.AppiumFramework.apiDemosTest.stopServer(apiDemosTest.java:70)
at AppiumPractice.AppiumFramework.apiDemosTest.stopServer(apiDemosTest.java:70)
at AppiumPractice.AppiumFramework.apiDemosTest.stopServer(apiDemosTest.java:70)
at AppiumPractice.AppiumFramework.apiDemosTest.stopServer(apiDemosTest.java:70)
at AppiumPractice.AppiumFramework.apiDemosTest.stopServer(apiDemosTest.java:70)
at AppiumPractice.AppiumFramework.apiDemosTest.stopServer(apiDemosTest.java:70)
at AppiumPractice.AppiumFramework.apiDemosTest.stopServer(apiDemosTest.java:70)
at AppiumPractice.AppiumFramework.apiDemosTest.stopServer(apiDemosTest.java:70)
at AppiumPractice.AppiumFramework.apiDemosTest.stopServer(apiDemosTest.java:70)
at AppiumPractice.AppiumFramework.apiDemosTest.stopServer(apiDemosTest.java:70)
at AppiumPractice.AppiumFramework.apiDemosTest.stopServer(apiDemosTest.java:70)
at AppiumPractice.AppiumFramework.apiDemosTest.stopServer(apiDemosTest.java:70)
at AppiumPractice.AppiumFramework.apiDemosTest.stopServer(apiDemosTest.java:70)
at AppiumPractice.AppiumFramework.apiDemosTest.stopServer(apiDemosTest.java:70)
at AppiumPractice.AppiumFramework.apiDemosTest.stopServer(apiDemosTest.java:70)
at AppiumPractice.AppiumFramework.apiDemosTest.stopServer(apiDemosTest.java:70)
at AppiumPractice.AppiumFramework.apiDemosTest.stopServer(apiDemosTest.java:70)
at AppiumPractice.AppiumFramework.apiDemosTest.stopServer(apiDemosTest.java:70)
at AppiumPractice.AppiumFramework.apiDemosTest.stopServer(apiDemosTest.java:70)
at AppiumPractice.AppiumFramework.apiDemosTest.stopServer(apiDemosTest.java:70)
at AppiumPractice.AppiumFramework.apiDemosTest.stopServer(apiDemosTest.java:70)
at AppiumPractice.AppiumFramework.apiDemosTest.stopServer(apiDemosTest.java:70)
at AppiumPractice.AppiumFramework.apiDemosTest.stopServer(apiDemosTest.java:70)
at AppiumPractice.AppiumFramework.apiDemosTest.stopServer(apiDemosTest.java:70)
at AppiumPractice.AppiumFramework.apiDemosTest.stopServer(apiDemosTest.java:70)
at AppiumPractice.AppiumFramework.apiDemosTest.stopServer(apiDemosTest.java:70)
at AppiumPractice.AppiumFramework.apiDemosTest.stopServer(apiDemosTest.java:70)
at AppiumPractice.AppiumFramework.apiDemosTest.stopServer(apiDemosTest.java:70)
at AppiumPractice.AppiumFramework.apiDemosTest.stopServer(apiDemosTest.java:70)
at AppiumPractice.AppiumFramework.apiDemosTest.stopServer(apiDemosTest.java:70)
at AppiumPractice.AppiumFramework.apiDemosTest.stopServer(apiDemosTest.java:70)
at AppiumPractice.AppiumFramework.apiDemosTest.stopServer(apiDemosTest.java:70)
at AppiumPractice.AppiumFramework.apiDemosTest.stopServer(apiDemosTest.java:70)
at AppiumPractice.AppiumFramework.apiDemosTest.stopServer(apiDemosTest.java:70)
at AppiumPractice.AppiumFramework.apiDemosTest.stopServer(apiDemosTest.java:70)
at AppiumPractice.AppiumFramework.apiDemosTest.stopServer(apiDemosTest.java:70)
at AppiumPractice.AppiumFramework.apiDemosTest.stopServer(apiDemosTest.java:70)
at AppiumPractice.AppiumFramework.apiDemosTest.stopServer(apiDemosTest.java:70)
at AppiumPractice.AppiumFramework.apiDemosTest.stopServer(apiDemosTest.java:70)
at AppiumPractice.AppiumFramework.apiDemosTest.stopServer(apiDemosTest.java:70)
at AppiumPractice.AppiumFramework.apiDemosTest.stopServer(apiDemosTest.java:70)
at AppiumPractice.AppiumFramework.apiDemosTest.stopServer(apiDemosTest.java:70)
at AppiumPractice.AppiumFramework.apiDemosTest.stopServer(apiDemosTest.java:70)
at AppiumPractice.AppiumFramework.apiDemosTest.stopServer(apiDemosTest.java:70)
at AppiumPractice.AppiumFramework.apiDemosTest.stopServer(apiDemosTest.java:70)
at AppiumPractice.AppiumFramework.apiDemosTest.stopServer(apiDemosTest.java:70)
at AppiumPractice.AppiumFramework.apiDemosTest.stopServer(apiDemosTest.java:70)
at AppiumPractice.AppiumFramework.apiDemosTest.stopServer(apiDemosTest.java:70)
at AppiumPractice.AppiumFramework.apiDemosTest.stopServer(apiDemosTest.java:70)
at AppiumPractice.AppiumFramework.apiDemosTest.stopServer(apiDemosTest.java:70)
at AppiumPractice.AppiumFramework.apiDemosTest.stopServer(apiDemosTest.java:70)
at AppiumPractice.AppiumFramework.apiDemosTest.stopServer(apiDemosTest.java:70)
at AppiumPractice.AppiumFramework.apiDemosTest.stopServer(apiDemosTest.java:70)
at AppiumPractice.AppiumFramework.apiDemosTest.stopServer(apiDemosTest.java:70)
at AppiumPractice.AppiumFramework.apiDemosTest.stopServer(apiDemosTest.java:70)
at AppiumPractice.AppiumFramework.apiDemosTest.stopServer(apiDemosTest.java:70)
at AppiumPractice.AppiumFramework.apiDemosTest.stopServer(apiDemosTest.java:70)
at AppiumPractice.AppiumFramework.apiDemosTest.stopServer(apiDemosTest.java:70)
at AppiumPractice.AppiumFramework.apiDemosTest.stopServer(apiDemosTest.java:70)
at AppiumPractice.AppiumFramework.apiDemosTest.stopServer(apiDemosTest.java:70)
at AppiumPractice.AppiumFramework.apiDemosTest.stopServer(apiDemosTest.java:70)
at AppiumPractice.AppiumFramework.apiDemosTest.stopServer(apiDemosTest.java:70)
at AppiumPractice.AppiumFramework.apiDemosTest.stopServer(apiDemosTest.java:70)
at AppiumPractice.AppiumFramework.apiDemosTest.stopServer(apiDemosTest.java:70)
at AppiumPractice.AppiumFramework.apiDemosTest.stopServer(apiDemosTest.java:70)
at AppiumPractice.AppiumFramework.apiDemosTest.stopServer(apiDemosTest.java:70)
at AppiumPractice.AppiumFramework.apiDemosTest.stopServer(apiDemosTest.java:70)
at AppiumPractice.AppiumFramework.apiDemosTest.stopServer(apiDemosTest.java:70)
at AppiumPractice.AppiumFramework.apiDemosTest.stopServer(apiDemosTest.java:70)
at AppiumPractice.AppiumFramework.apiDemosTest.stopServer(apiDemosTest.java:70)
at AppiumPractice.AppiumFramework.apiDemosTest.stopServer(apiDemosTest.java:70)
at AppiumPractice.AppiumFramework.apiDemosTest.stopServer(apiDemosTest.java:70)
at AppiumPractice.AppiumFramework.apiDemosTest.stopServer(apiDemosTest.java:70)
at AppiumPractice.AppiumFramework.apiDemosTest.stopServer(apiDemosTest.java:70)
at AppiumPractice.AppiumFramework.apiDemosTest.stopServer(apiDemosTest.java:70)
at AppiumPractice.AppiumFramework.apiDemosTest.stopServer(apiDemosTest.java:70)
at AppiumPractice.AppiumFramework.apiDemosTest.stopServer(apiDemosTest.java:70)
at AppiumPractice.AppiumFramework.apiDemosTest.stopServer(apiDemosTest.java:70)
at AppiumPractice.AppiumFramework.apiDemosTest.stopServer(apiDemosTest.java:70)
at AppiumPractice.AppiumFramework.apiDemosTest.stopServer(apiDemosTest.java:70)
at AppiumPractice.AppiumFramework.apiDemosTest.stopServer(apiDemosTest.java:70)
at AppiumPractice.AppiumFramework.apiDemosTest.stopServer(apiDemosTest.java:70)
at AppiumPractice.AppiumFramework.apiDemosTest.stopServer(apiDemosTest.java:70)
at AppiumPractice.AppiumFramework.apiDemosTest.stopServer(apiDemosTest.java:70)
at AppiumPractice.AppiumFramework.apiDemosTest.stopServer(apiDemosTest.java:70)
at AppiumPractice.AppiumFramework.apiDemosTest.stopServer(apiDemosTest.java:70)
at AppiumPractice.AppiumFramework.apiDemosTest.stopServer(apiDemosTest.java:70)
at AppiumPractice.AppiumFramework.apiDemosTest.stopServer(apiDemosTest.java:70)
at AppiumPractice.AppiumFramework.apiDemosTest.stopServer(apiDemosTest.java:70)
at AppiumPractice.AppiumFramework.apiDemosTest.stopServer(apiDemosTest.java:70)
at AppiumPractice.AppiumFramework.apiDemosTest.stopServer(apiDemosTest.java:70)
at AppiumPractice.AppiumFramework.apiDemosTest.stopServer(apiDemosTest.java:70)
at AppiumPractice.AppiumFramework.apiDemosTest.stopServer(apiDemosTest.java:70)
at AppiumPractice.AppiumFramework.apiDemosTest.stopServer(apiDemosTest.java:70)
at AppiumPractice.AppiumFramework.apiDemosTest.stopServer(apiDemosTest.java:70)
at AppiumPractice.AppiumFramework.apiDemosTest.stopServer(apiDemosTest.java:70)
at AppiumPractice.AppiumFramework.apiDemosTest.stopServer(apiDemosTest.java:70)
at AppiumPractice.AppiumFramework.apiDemosTest.stopServer(apiDemosTest.java:70)
at AppiumPractice.AppiumFramework.apiDemosTest.stopServer(apiDemosTest.java:70)
at AppiumPractice.AppiumFramework.apiDemosTest.stopServer(apiDemosTest.java:70)
at AppiumPractice.AppiumFramework.apiDemosTest.stopServer(apiDemosTest.java:70)
at AppiumPractice.AppiumFramework.apiDemosTest.stopServer(apiDemosTest.java:70)
at AppiumPractice.AppiumFramework.apiDemosTest.stopServer(apiDemosTest.java:70)
at AppiumPractice.AppiumFramework.apiDemosTest.stopServer(apiDemosTest.java:70)
at AppiumPractice.AppiumFramework.apiDemosTest.stopServer(apiDemosTest.java:70)
at AppiumPractice.AppiumFramework.apiDemosTest.stopServer(apiDemosTest.java:70)
at AppiumPractice.AppiumFramework.apiDemosTest.stopServer(apiDemosTest.java:70)
at AppiumPractice.AppiumFramework.apiDemosTest.stopServer(apiDemosTest.java:70)
at AppiumPractice.AppiumFramework.apiDemosTest.stopServer(apiDemosTest.java:70)
at AppiumPractice.AppiumFramework.apiDemosTest.stopServer(apiDemosTest.java:70)
at AppiumPractice.AppiumFramework.apiDemosTest.stopServer(apiDemosTest.java:70)
at AppiumPractice.AppiumFramework.apiDemosTest.stopServer(apiDemosTest.java:70)
at AppiumPractice.AppiumFramework.apiDemosTest.stopServer(apiDemosTest.java:70)
at AppiumPractice.AppiumFramework.apiDemosTest.stopServer(apiDemosTest.java:70)
at AppiumPractice.AppiumFramework.apiDemosTest.stopServer(apiDemosTest.java:70)
at AppiumPractice.AppiumFramework.apiDemosTest.stopServer(apiDemosTest.java:70)
at AppiumPractice.AppiumFramework.apiDemosTest.stopServer(apiDemosTest.java:70)
at AppiumPractice.AppiumFramework.apiDemosTest.stopServer(apiDemosTest.java:70)
at AppiumPractice.AppiumFramework.apiDemosTest.stopServer(apiDemosTest.java:70)
at AppiumPractice.AppiumFramework.apiDemosTest.stopServer(apiDemosTest.java:70)
at AppiumPractice.AppiumFramework.apiDemosTest.stopServer(apiDemosTest.java:70)
at AppiumPractice.AppiumFramework.apiDemosTest.stopServer(apiDemosTest.java:70)
at AppiumPractice.AppiumFramework.apiDemosTest.stopServer(apiDemosTest.java:70)
at AppiumPractice.AppiumFramework.apiDemosTest.stopServer(apiDemosTest.java:70)
at AppiumPractice.AppiumFramework.apiDemosTest.stopServer(apiDemosTest.java:70)
at AppiumPractice.AppiumFramework.apiDemosTest.stopServer(apiDemosTest.java:70)
at AppiumPractice.AppiumFramework.apiDemosTest.stopServer(apiDemosTest.java:70)
at AppiumPractice.AppiumFramework.apiDemosTest.stopServer(apiDemosTest.java:70)
at AppiumPractice.AppiumFramework.apiDemosTest.stopServer(apiDemosTest.java:70)
at AppiumPractice.AppiumFramework.apiDemosTest.stopServer(apiDemosTest.java:70)
at AppiumPractice.AppiumFramework.apiDemosTest.stopServer(apiDemosTest.java:70)
at AppiumPractice.AppiumFramework.apiDemosTest.stopServer(apiDemosTest.java:70)
at AppiumPractice.AppiumFramework.apiDemosTest.stopServer(apiDemosTest.java:70)
at AppiumPractice.AppiumFramework.apiDemosTest.stopServer(apiDemosTest.java:70)
at AppiumPractice.AppiumFramework.apiDemosTest.stopServer(apiDemosTest.java:70)
at AppiumPractice.AppiumFramework.apiDemosTest.stopServer(apiDemosTest.java:70)
at AppiumPractice.AppiumFramework.apiDemosTest.stopServer(apiDemosTest.java:70)
at AppiumPractice.AppiumFramework.apiDemosTest.stopServer(apiDemosTest.java:70)
at AppiumPractice.AppiumFramework.apiDemosTest.stopServer(apiDemosTest.java:70)
at AppiumPractice.AppiumFramework.apiDemosTest.stopServer(apiDemosTest.java:70)
at AppiumPractice.AppiumFramework.apiDemosTest.stopServer(apiDemosTest.java:70)
at AppiumPractice.AppiumFramework.apiDemosTest.stopServer(apiDemosTest.java:70)
at AppiumPractice.AppiumFramework.apiDemosTest.stopServer(apiDemosTest.java:70)
at AppiumPractice.AppiumFramework.apiDemosTest.stopServer(apiDemosTest.java:70)
at AppiumPractice.AppiumFramework.apiDemosTest.stopServer(apiDemosTest.java:70)
at AppiumPractice.AppiumFramework.apiDemosTest.stopServer(apiDemosTest.java:70)
at AppiumPractice.AppiumFramework.apiDemosTest.stopServer(apiDemosTest.java:70)
at AppiumPractice.AppiumFramework.apiDemosTest.stopServer(apiDemosTest.java:70)
at AppiumPractice.AppiumFramework.apiDemosTest.stopServer(apiDemosTest.java:70)
at AppiumPractice.AppiumFramework.apiDemosTest.stopServer(apiDemosTest.java:70)
at AppiumPractice.AppiumFramework.apiDemosTest.stopServer(apiDemosTest.java:70)
at AppiumPractice.AppiumFramework.apiDemosTest.stopServer(apiDemosTest.java:70)
at AppiumPractice.AppiumFramework.apiDemosTest.stopServer(apiDemosTest.java:70)
at AppiumPractice.AppiumFramework.apiDemosTest.stopServer(apiDemosTest.java:70)
at AppiumPractice.AppiumFramework.apiDemosTest.stopServer(apiDemosTest.java:70)
at AppiumPractice.AppiumFramework.apiDemosTest.stopServer(apiDemosTest.java:70)
at AppiumPractice.AppiumFramework.apiDemosTest.stopServer(apiDemosTest.java:70)
at AppiumPractice.AppiumFramework.apiDemosTest.stopServer(apiDemosTest.java:70)
at AppiumPractice.AppiumFramework.apiDemosTest.stopServer(apiDemosTest.java:70)
at AppiumPractice.AppiumFramework.apiDemosTest.stopServer(apiDemosTest.java:70)
at AppiumPractice.AppiumFramework.apiDemosTest.stopServer(apiDemosTest.java:70)
at AppiumPractice.AppiumFramework.apiDemosTest.stopServer(apiDemosTest.java:70)
at AppiumPractice.AppiumFramework.apiDemosTest.stopServer(apiDemosTest.java:70)
at AppiumPractice.AppiumFramework.apiDemosTest.stopServer(apiDemosTest.java:70)
at AppiumPractice.AppiumFramework.apiDemosTest.stopServer(apiDemosTest.java:70)
at AppiumPractice.AppiumFramework.apiDemosTest.stopServer(apiDemosTest.java:70)
at AppiumPractice.AppiumFramework.apiDemosTest.stopServer(apiDemosTest.java:70)
at AppiumPractice.AppiumFramework.apiDemosTest.stopServer(apiDemosTest.java:70)
at AppiumPractice.AppiumFramework.apiDemosTest.stopServer(apiDemosTest.java:70)
at AppiumPractice.AppiumFramework.apiDemosTest.stopServer(apiDemosTest.java:70)
at AppiumPractice.AppiumFramework.apiDemosTest.stopServer(apiDemosTest.java:70)
at AppiumPractice.AppiumFramework.apiDemosTest.stopServer(apiDemosTest.java:70)
at AppiumPractice.AppiumFramework.apiDemosTest.stopServer(apiDemosTest.java:70)
at AppiumPractice.AppiumFramework.apiDemosTest.stopServer(apiDemosTest.java:70)
at AppiumPractice.AppiumFramework.apiDemosTest.stopServer(apiDemosTest.java:70)
at AppiumPractice.AppiumFramework.apiDemosTest.stopServer(apiDemosTest.java:70)
at AppiumPractice.AppiumFramework.apiDemosTest.stopServer(apiDemosTest.java:70)
at AppiumPractice.AppiumFramework.apiDemosTest.stopServer(apiDemosTest.java:70)
at AppiumPractice.AppiumFramework.apiDemosTest.stopServer(apiDemosTest.java:70)
at AppiumPractice.AppiumFramework.apiDemosTest.stopServer(apiDemosTest.java:70)
at AppiumPractice.AppiumFramework.apiDemosTest.stopServer(apiDemosTest.java:70)
at AppiumPractice.AppiumFramework.apiDemosTest.stopServer(apiDemosTest.java:70)
at AppiumPractice.AppiumFramework.apiDemosTest.stopServer(apiDemosTest.java:70)
at AppiumPractice.AppiumFramework.apiDemosTest.stopServer(apiDemosTest.java:70)
at AppiumPractice.AppiumFramework.apiDemosTest.stopServer(apiDemosTest.java:70)
at AppiumPractice.AppiumFramework.apiDemosTest.stopServer(apiDemosTest.java:70)
at AppiumPractice.AppiumFramework.apiDemosTest.stopServer(apiDemosTest.java:70)
at AppiumPractice.AppiumFramework.apiDemosTest.stopServer(apiDemosTest.java:70)
at AppiumPractice.AppiumFramework.apiDemosTest.stopServer(apiDemosTest.java:70)
at AppiumPractice.AppiumFramework.apiDemosTest.stopServer(apiDemosTest.java:70)
at AppiumPractice.AppiumFramework.apiDemosTest.stopServer(apiDemosTest.java:70)
at AppiumPractice.AppiumFramework.apiDemosTest.stopServer(apiDemosTest.java:70)
at AppiumPractice.AppiumFramework.apiDemosTest.stopServer(apiDemosTest.java:70)
at AppiumPractice.AppiumFramework.apiDemosTest.stopServer(apiDemosTest.java:70)
at AppiumPractice.AppiumFramework.apiDemosTest.stopServer(apiDemosTest.java:70)
at AppiumPractice.AppiumFramework.apiDemosTest.stopServer(apiDemosTest.java:70)
at AppiumPractice.AppiumFramework.apiDemosTest.stopServer(apiDemosTest.java:70)
at AppiumPractice.AppiumFramework.apiDemosTest.stopServer(apiDemosTest.java:70)
at AppiumPractice.AppiumFramework.apiDemosTest.stopServer(apiDemosTest.java:70)
at AppiumPractice.AppiumFramework.apiDemosTest.stopServer(apiDemosTest.java:70)
at AppiumPractice.AppiumFramework.apiDemosTest.stopServer(apiDemosTest.java:70)
at AppiumPractice.AppiumFramework.apiDemosTest.stopServer(apiDemosTest.java:70)
at AppiumPractice.AppiumFramework.apiDemosTest.stopServer(apiDemosTest.java:70)
at AppiumPractice.AppiumFramework.apiDemosTest.stopServer(apiDemosTest.java:70)
at AppiumPractice.AppiumFramework.apiDemosTest.stopServer(apiDemosTest.java:70)
at AppiumPractice.AppiumFramework.apiDemosTest.stopServer(apiDemosTest.java:70)
at AppiumPractice.AppiumFramework.apiDemosTest.stopServer(apiDemosTest.java:70)
at AppiumPractice.AppiumFramework.apiDemosTest.stopServer(apiDemosTest.java:70)
at AppiumPractice.AppiumFramework.apiDemosTest.stopServer(apiDemosTest.java:70)
at AppiumPractice.AppiumFramework.apiDemosTest.stopServer(apiDemosTest.java:70)
at AppiumPractice.AppiumFramework.apiDemosTest.stopServer(apiDemosTest.java:70)
at AppiumPractice.AppiumFramework.apiDemosTest.stopServer(apiDemosTest.java:70)
at AppiumPractice.AppiumFramework.apiDemosTest.stopServer(apiDemosTest.java:70)
at AppiumPractice.AppiumFramework.apiDemosTest.stopServer(apiDemosTest.java:70)
at AppiumPractice.AppiumFramework.apiDemosTest.stopServer(apiDemosTest.java:70)
at AppiumPractice.AppiumFramework.apiDemosTest.stopServer(apiDemosTest.java:70)
at AppiumPractice.AppiumFramework.apiDemosTest.stopServer(apiDemosTest.java:70)
at AppiumPractice.AppiumFramework.apiDemosTest.stopServer(apiDemosTest.java:70)
at AppiumPractice.AppiumFramework.apiDemosTest.stopServer(apiDemosTest.java:70)
at AppiumPractice.AppiumFramework.apiDemosTest.stopServer(apiDemosTest.java:70)
at AppiumPractice.AppiumFramework.apiDemosTest.stopServer(apiDemosTest.java:70)
at AppiumPractice.AppiumFramework.apiDemosTest.stopServer(apiDemosTest.java:70)
at AppiumPractice.AppiumFramework.apiDemosTest.stopServer(apiDemosTest.java:70)
at AppiumPractice.AppiumFramework.apiDemosTest.stopServer(apiDemosTest.java:70)
at AppiumPractice.AppiumFramework.apiDemosTest.stopServer(apiDemosTest.java:70)
at AppiumPractice.AppiumFramework.apiDemosTest.stopServer(apiDemosTest.java:70)
at AppiumPractice.AppiumFramework.apiDemosTest.stopServer(apiDemosTest.java:70)
at AppiumPractice.AppiumFramework.apiDemosTest.stopServer(apiDemosTest.java:70)
at AppiumPractice.AppiumFramework.apiDemosTest.stopServer(apiDemosTest.java:70)
at AppiumPractice.AppiumFramework.apiDemosTest.stopServer(apiDemosTest.java:70)
at AppiumPractice.AppiumFramework.apiDemosTest.stopServer(apiDemosTest.java:70)
at AppiumPractice.AppiumFramework.apiDemosTest.stopServer(apiDemosTest.java:70)
at AppiumPractice.AppiumFramework.apiDemosTest.stopServer(apiDemosTest.java:70)
at AppiumPractice.AppiumFramework.apiDemosTest.stopServer(apiDemosTest.java:70)
at AppiumPractice.AppiumFramework.apiDemosTest.stopServer(apiDemosTest.java:70)
at AppiumPractice.AppiumFramework.apiDemosTest.stopServer(apiDemosTest.java:70)
at AppiumPractice.AppiumFramework.apiDemosTest.stopServer(apiDemosTest.java:70)
at AppiumPractice.AppiumFramework.apiDemosTest.stopServer(apiDemosTest.java:70)
at AppiumPractice.AppiumFramework.apiDemosTest.stopServer(apiDemosTest.java:70)
at AppiumPractice.AppiumFramework.apiDemosTest.stopServer(apiDemosTest.java:70)
at AppiumPractice.AppiumFramework.apiDemosTest.stopServer(apiDemosTest.java:70)
at AppiumPractice.AppiumFramework.apiDemosTest.stopServer(apiDemosTest.java:70)
at AppiumPractice.AppiumFramework.apiDemosTest.stopServer(apiDemosTest.java:70)
at AppiumPractice.AppiumFramework.apiDemosTest.stopServer(apiDemosTest.java:70)
at AppiumPractice.AppiumFramework.apiDemosTest.stopServer(apiDemosTest.java:70)
at AppiumPractice.AppiumFramework.apiDemosTest.stopServer(apiDemosTest.java:70)
at AppiumPractice.AppiumFramework.apiDemosTest.stopServer(apiDemosTest.java:70)
at AppiumPractice.AppiumFramework.apiDemosTest.stopServer(apiDemosTest.java:70)
at AppiumPractice.AppiumFramework.apiDemosTest.stopServer(apiDemosTest.java:70)
at AppiumPractice.AppiumFramework.apiDemosTest.stopServer(apiDemosTest.java:70)
at AppiumPractice.AppiumFramework.apiDemosTest.stopServer(apiDemosTest.java:70)
at AppiumPractice.AppiumFramework.apiDemosTest.stopServer(apiDemosTest.java:70)
at AppiumPractice.AppiumFramework.apiDemosTest.stopServer(apiDemosTest.java:70)
at AppiumPractice.AppiumFramework.apiDemosTest.stopServer(apiDemosTest.java:70)
at AppiumPractice.AppiumFramework.apiDemosTest.stopServer(apiDemosTest.java:70)
at AppiumPractice.AppiumFramework.apiDemosTest.stopServer(apiDemosTest.java:70)
at AppiumPractice.AppiumFramework.apiDemosTest.stopServer(apiDemosTest.java:70)
at AppiumPractice.AppiumFramework.apiDemosTest.stopServer(apiDemosTest.java:70)
at AppiumPractice.AppiumFramework.apiDemosTest.stopServer(apiDemosTest.java:70)
at AppiumPractice.AppiumFramework.apiDemosTest.stopServer(apiDemosTest.java:70)
at AppiumPractice.AppiumFramework.apiDemosTest.stopServer(apiDemosTest.java:70)
at AppiumPractice.AppiumFramework.apiDemosTest.stopServer(apiDemosTest.java:70)
at AppiumPractice.AppiumFramework.apiDemosTest.stopServer(apiDemosTest.java:70)
at AppiumPractice.AppiumFramework.apiDemosTest.stopServer(apiDemosTest.java:70)
at AppiumPractice.AppiumFramework.apiDemosTest.stopServer(apiDemosTest.java:70)
at AppiumPractice.AppiumFramework.apiDemosTest.stopServer(apiDemosTest.java:70)
at AppiumPractice.AppiumFramework.apiDemosTest.stopServer(apiDemosTest.java:70)
at AppiumPractice.AppiumFramework.apiDemosTest.stopServer(apiDemosTest.java:70)
at AppiumPractice.AppiumFramework.apiDemosTest.stopServer(apiDemosTest.java:70)
at AppiumPractice.AppiumFramework.apiDemosTest.stopServer(apiDemosTest.java:70)
at AppiumPractice.AppiumFramework.apiDemosTest.stopServer(apiDemosTest.java:70)
at AppiumPractice.AppiumFramework.apiDemosTest.stopServer(apiDemosTest.java:70)
at AppiumPractice.AppiumFramework.apiDemosTest.stopServer(apiDemosTest.java:70)
at AppiumPractice.AppiumFramework.apiDemosTest.stopServer(apiDemosTest.java:70)
at AppiumPractice.AppiumFramework.apiDemosTest.stopServer(apiDemosTest.java:70)
at AppiumPractice.AppiumFramework.apiDemosTest.stopServer(apiDemosTest.java:70)
at AppiumPractice.AppiumFramework.apiDemosTest.stopServer(apiDemosTest.java:70)
at AppiumPractice.AppiumFramework.apiDemosTest.stopServer(apiDemosTest.java:70)
at AppiumPractice.AppiumFramework.apiDemosTest.stopServer(apiDemosTest.java:70)
at AppiumPractice.AppiumFramework.apiDemosTest.stopServer(apiDemosTest.java:70)
at AppiumPractice.AppiumFramework.apiDemosTest.stopServer(apiDemosTest.java:70)
at AppiumPractice.AppiumFramework.apiDemosTest.stopServer(apiDemosTest.java:70)
at AppiumPractice.AppiumFramework.apiDemosTest.stopServer(apiDemosTest.java:70)
at AppiumPractice.AppiumFramework.apiDemosTest.stopServer(apiDemosTest.java:70)
at AppiumPractice.AppiumFramework.apiDemosTest.stopServer(apiDemosTest.java:70)
at AppiumPractice.AppiumFramework.apiDemosTest.stopServer(apiDemosTest.java:70)
at AppiumPractice.AppiumFramework.apiDemosTest.stopServer(apiDemosTest.java:70)
at AppiumPractice.AppiumFramework.apiDemosTest.stopServer(apiDemosTest.java:70)
at AppiumPractice.AppiumFramework.apiDemosTest.stopServer(apiDemosTest.java:70)
at AppiumPractice.AppiumFramework.apiDemosTest.stopServer(apiDemosTest.java:70)
at AppiumPractice.AppiumFramework.apiDemosTest.stopServer(apiDemosTest.java:70)
at AppiumPractice.AppiumFramework.apiDemosTest.stopServer(apiDemosTest.java:70)
at AppiumPractice.AppiumFramework.apiDemosTest.stopServer(apiDemosTest.java:70)
at AppiumPractice.AppiumFramework.apiDemosTest.stopServer(apiDemosTest.java:70)
at AppiumPractice.AppiumFramework.apiDemosTest.stopServer(apiDemosTest.java:70)
at AppiumPractice.AppiumFramework.apiDemosTest.stopServer(apiDemosTest.java:70)
at AppiumPractice.AppiumFramework.apiDemosTest.stopServer(apiDemosTest.java:70)
at AppiumPractice.AppiumFramework.apiDemosTest.stopServer(apiDemosTest.java:70)
at AppiumPractice.AppiumFramework.apiDemosTest.stopServer(apiDemosTest.java:70)
at AppiumPractice.AppiumFramework.apiDemosTest.stopServer(apiDemosTest.java:70)
at AppiumPractice.AppiumFramework.apiDemosTest.stopServer(apiDemosTest.java:70)
at AppiumPractice.AppiumFramework.apiDemosTest.stopServer(apiDemosTest.java:70)
at AppiumPractice.AppiumFramework.apiDemosTest.stopServer(apiDemosTest.java:70)
at AppiumPractice.AppiumFramework.apiDemosTest.stopServer(apiDemosTest.java:70)
at AppiumPractice.AppiumFramework.apiDemosTest.stopServer(apiDemosTest.java:70)
at AppiumPractice.AppiumFramework.apiDemosTest.stopServer(apiDemosTest.java:70)
at AppiumPractice.AppiumFramework.apiDemosTest.stopServer(apiDemosTest.java:70)
at AppiumPractice.AppiumFramework.apiDemosTest.stopServer(apiDemosTest.java:70)
at AppiumPractice.AppiumFramework.apiDemosTest.stopServer(apiDemosTest.java:70)
at AppiumPractice.AppiumFramework.apiDemosTest.stopServer(apiDemosTest.java:70)
at AppiumPractice.AppiumFramework.apiDemosTest.stopServer(apiDemosTest.java:70)
at AppiumPractice.AppiumFramework.apiDemosTest.stopServer(apiDemosTest.java:70)
at AppiumPractice.AppiumFramework.apiDemosTest.stopServer(apiDemosTest.java:70)
at AppiumPractice.AppiumFramework.apiDemosTest.stopServer(apiDemosTest.java:70)
at AppiumPractice.AppiumFramework.apiDemosTest.stopServer(apiDemosTest.java:70)
at AppiumPractice.AppiumFramework.apiDemosTest.stopServer(apiDemosTest.java:70)
at AppiumPractice.AppiumFramework.apiDemosTest.stopServer(apiDemosTest.java:70)
at AppiumPractice.AppiumFramework.apiDemosTest.stopServer(apiDemosTest.java:70)
at AppiumPractice.AppiumFramework.apiDemosTest.stopServer(apiDemosTest.java:70)
at AppiumPractice.AppiumFramework.apiDemosTest.stopServer(apiDemosTest.java:70)
at AppiumPractice.AppiumFramework.apiDemosTest.stopServer(apiDemosTest.java:70)
at AppiumPractice.AppiumFramework.apiDemosTest.stopServer(apiDemosTest.java:70)
at AppiumPractice.AppiumFramework.apiDemosTest.stopServer(apiDemosTest.java:70)
at AppiumPractice.AppiumFramework.apiDemosTest.stopServer(apiDemosTest.java:70)
at AppiumPractice.AppiumFramework.apiDemosTest.stopServer(apiDemosTest.java:70)
at AppiumPractice.AppiumFramework.apiDemosTest.stopServer(apiDemosTest.java:70)
at AppiumPractice.AppiumFramework.apiDemosTest.stopServer(apiDemosTest.java:70)
at AppiumPractice.AppiumFramework.apiDemosTest.stopServer(apiDemosTest.java:70)
at AppiumPractice.AppiumFramework.apiDemosTest.stopServer(apiDemosTest.java:70)
at AppiumPractice.AppiumFramework.apiDemosTest.stopServer(apiDemosTest.java:70)
at AppiumPractice.AppiumFramework.apiDemosTest.stopServer(apiDemosTest.java:70)
at AppiumPractice.AppiumFramework.apiDemosTest.stopServer(apiDemosTest.java:70)
at AppiumPractice.AppiumFramework.apiDemosTest.stopServer(apiDemosTest.java:70)
at AppiumPractice.AppiumFramework.apiDemosTest.stopServer(apiDemosTest.java:70)
at AppiumPractice.AppiumFramework.apiDemosTest.stopServer(apiDemosTest.java:70)
at AppiumPractice.AppiumFramework.apiDemosTest.stopServer(apiDemosTest.java:70)
at AppiumPractice.AppiumFramework.apiDemosTest.stopServer(apiDemosTest.java:70)
at AppiumPractice.AppiumFramework.apiDemosTest.stopServer(apiDemosTest.java:70)
at AppiumPractice.AppiumFramework.apiDemosTest.stopServer(apiDemosTest.java:70)
at AppiumPractice.AppiumFramework.apiDemosTest.stopServer(apiDemosTest.java:70)
at AppiumPractice.AppiumFramework.apiDemosTest.stopServer(apiDemosTest.java:70)
at AppiumPractice.AppiumFramework.apiDemosTest.stopServer(apiDemosTest.java:70)
at AppiumPractice.AppiumFramework.apiDemosTest.stopServer(apiDemosTest.java:70)
at AppiumPractice.AppiumFramework.apiDemosTest.stopServer(apiDemosTest.java:70)
at AppiumPractice.AppiumFramework.apiDemosTest.stopServer(apiDemosTest.java:70)
at AppiumPractice.AppiumFramework.apiDemosTest.stopServer(apiDemosTest.java:70)
at AppiumPractice.AppiumFramework.apiDemosTest.stopServer(apiDemosTest.java:70)
at AppiumPractice.AppiumFramework.apiDemosTest.stopServer(apiDemosTest.java:70)
at AppiumPractice.AppiumFramework.apiDemosTest.stopServer(apiDemosTest.java:70)
at AppiumPractice.AppiumFramework.apiDemosTest.stopServer(apiDemosTest.java:70)
at AppiumPractice.AppiumFramework.apiDemosTest.stopServer(apiDemosTest.java:70)
at AppiumPractice.AppiumFramework.apiDemosTest.stopServer(apiDemosTest.java:70)
at AppiumPractice.AppiumFramework.apiDemosTest.stopServer(apiDemosTest.java:70)
at AppiumPractice.AppiumFramework.apiDemosTest.stopServer(apiDemosTest.java:70)
at AppiumPractice.AppiumFramework.apiDemosTest.stopServer(apiDemosTest.java:70)
at AppiumPractice.AppiumFramework.apiDemosTest.stopServer(apiDemosTest.java:70)
at AppiumPractice.AppiumFramework.apiDemosTest.stopServer(apiDemosTest.java:70)
at AppiumPractice.AppiumFramework.apiDemosTest.stopServer(apiDemosTest.java:70)
at AppiumPractice.AppiumFramework.apiDemosTest.stopServer(apiDemosTest.java:70)
at AppiumPractice.AppiumFramework.apiDemosTest.stopServer(apiDemosTest.java:70)
at AppiumPractice.AppiumFramework.apiDemosTest.stopServer(apiDemosTest.java:70)
at AppiumPractice.AppiumFramework.apiDemosTest.stopServer(apiDemosTest.java:70)
at AppiumPractice.AppiumFramework.apiDemosTest.stopServer(apiDemosTest.java:70)
at AppiumPractice.AppiumFramework.apiDemosTest.stopServer(apiDemosTest.java:70)
at AppiumPractice.AppiumFramework.apiDemosTest.stopServer(apiDemosTest.java:70)
at AppiumPractice.AppiumFramework.apiDemosTest.stopServer(apiDemosTest.java:70)
at AppiumPractice.AppiumFramework.apiDemosTest.stopServer(apiDemosTest.java:70)
at AppiumPractice.AppiumFramework.apiDemosTest.stopServer(apiDemosTest.java:70)
at AppiumPractice.AppiumFramework.apiDemosTest.stopServer(apiDemosTest.java:70)
at AppiumPractice.AppiumFramework.apiDemosTest.stopServer(apiDemosTest.java:70)
at AppiumPractice.AppiumFramework.apiDemosTest.stopServer(apiDemosTest.java:70)
at AppiumPractice.AppiumFramework.apiDemosTest.stopServer(apiDemosTest.java:70)
at AppiumPractice.AppiumFramework.apiDemosTest.stopServer(apiDemosTest.java:70)
at AppiumPractice.AppiumFramework.apiDemosTest.stopServer(apiDemosTest.java:70)
at AppiumPractice.AppiumFramework.apiDemosTest.stopServer(apiDemosTest.java:70)
at AppiumPractice.AppiumFramework.apiDemosTest.stopServer(apiDemosTest.java:70)
at AppiumPractice.AppiumFramework.apiDemosTest.stopServer(apiDemosTest.java:70)
at AppiumPractice.AppiumFramework.apiDemosTest.stopServer(apiDemosTest.java:70)
at AppiumPractice.AppiumFramework.apiDemosTest.stopServer(apiDemosTest.java:70)
at AppiumPractice.AppiumFramework.apiDemosTest.stopServer(apiDemosTest.java:70)
at AppiumPractice.AppiumFramework.apiDemosTest.stopServer(apiDemosTest.java:70)
at AppiumPractice.AppiumFramework.apiDemosTest.stopServer(apiDemosTest.java:70)
at AppiumPractice.AppiumFramework.apiDemosTest.stopServer(apiDemosTest.java:70)
at AppiumPractice.AppiumFramework.apiDemosTest.stopServer(apiDemosTest.java:70)
at AppiumPractice.AppiumFramework.apiDemosTest.stopServer(apiDemosTest.java:70)
at AppiumPractice.AppiumFramework.apiDemosTest.stopServer(apiDemosTest.java:70)
at AppiumPractice.AppiumFramework.apiDemosTest.stopServer(apiDemosTest.java:70)
at AppiumPractice.AppiumFramework.apiDemosTest.stopServer(apiDemosTest.java:70)
at AppiumPractice.AppiumFramework.apiDemosTest.stopServer(apiDemosTest.java:70)
at AppiumPractice.AppiumFramework.apiDemosTest.stopServer(apiDemosTest.java:70)
at AppiumPractice.AppiumFramework.apiDemosTest.stopServer(apiDemosTest.java:70)
at AppiumPractice.AppiumFramework.apiDemosTest.stopServer(apiDemosTest.java:70)
at AppiumPractice.AppiumFramework.apiDemosTest.stopServer(apiDemosTest.java:70)
at AppiumPractice.AppiumFramework.apiDemosTest.stopServer(apiDemosTest.java:70)
at AppiumPractice.AppiumFramework.apiDemosTest.stopServer(apiDemosTest.java:70)
at AppiumPractice.AppiumFramework.apiDemosTest.stopServer(apiDemosTest.java:70)
at AppiumPractice.AppiumFramework.apiDemosTest.stopServer(apiDemosTest.java:70)
at AppiumPractice.AppiumFramework.apiDemosTest.stopServer(apiDemosTest.java:70)
at AppiumPractice.AppiumFramework.apiDemosTest.stopServer(apiDemosTest.java:70)
at AppiumPractice.AppiumFramework.apiDemosTest.stopServer(apiDemosTest.java:70)
at AppiumPractice.AppiumFramework.apiDemosTest.stopServer(apiDemosTest.java:70)
at AppiumPractice.AppiumFramework.apiDemosTest.stopServer(apiDemosTest.java:70)
at AppiumPractice.AppiumFramework.apiDemosTest.stopServer(apiDemosTest.java:70)
at AppiumPractice.AppiumFramework.apiDemosTest.stopServer(apiDemosTest.java:70)
at AppiumPractice.AppiumFramework.apiDemosTest.stopServer(apiDemosTest.java:70)
at AppiumPractice.AppiumFramework.apiDemosTest.stopServer(apiDemosTest.java:70)
at AppiumPractice.AppiumFramework.apiDemosTest.stopServer(apiDemosTest.java:70)
at AppiumPractice.AppiumFramework.apiDemosTest.stopServer(apiDemosTest.java:70)
at AppiumPractice.AppiumFramework.apiDemosTest.stopServer(apiDemosTest.java:70)
at AppiumPractice.AppiumFramework.apiDemosTest.stopServer(apiDemosTest.java:70)
at AppiumPractice.AppiumFramework.apiDemosTest.stopServer(apiDemosTest.java:70)
at AppiumPractice.AppiumFramework.apiDemosTest.stopServer(apiDemosTest.java:70)
at AppiumPractice.AppiumFramework.apiDemosTest.stopServer(apiDemosTest.java:70)
at AppiumPractice.AppiumFramework.apiDemosTest.stopServer(apiDemosTest.java:70)
at AppiumPractice.AppiumFramework.apiDemosTest.stopServer(apiDemosTest.java:70)
at AppiumPractice.AppiumFramework.apiDemosTest.stopServer(apiDemosTest.java:70)
at AppiumPractice.AppiumFramework.apiDemosTest.stopServer(apiDemosTest.java:70)
at AppiumPractice.AppiumFramework.apiDemosTest.stopServer(apiDemosTest.java:70)
at AppiumPractice.AppiumFramework.apiDemosTest.stopServer(apiDemosTest.java:70)
at AppiumPractice.AppiumFramework.apiDemosTest.stopServer(apiDemosTest.java:70)
at AppiumPractice.AppiumFramework.apiDemosTest.stopServer(apiDemosTest.java:70)
at AppiumPractice.AppiumFramework.apiDemosTest.stopServer(apiDemosTest.java:70)
at AppiumPractice.AppiumFramework.apiDemosTest.stopServer(apiDemosTest.java:70)
at AppiumPractice.AppiumFramework.apiDemosTest.stopServer(apiDemosTest.java:70)
at AppiumPractice.AppiumFramework.apiDemosTest.stopServer(apiDemosTest.java:70)
at AppiumPractice.AppiumFramework.apiDemosTest.stopServer(apiDemosTest.java:70)
at AppiumPractice.AppiumFramework.apiDemosTest.stopServer(apiDemosTest.java:70)
at AppiumPractice.AppiumFramework.apiDemosTest.stopServer(apiDemosTest.java:70)
at AppiumPractice.AppiumFramework.apiDemosTest.stopServer(apiDemosTest.java:70)
at AppiumPractice.AppiumFramework.apiDemosTest.stopServer(apiDemosTest.java:70)
at AppiumPractice.AppiumFramework.apiDemosTest.stopServer(apiDemosTest.java:70)
at AppiumPractice.AppiumFramework.apiDemosTest.stopServer(apiDemosTest.java:70)
at AppiumPractice.AppiumFramework.apiDemosTest.stopServer(apiDemosTest.java:70)
at AppiumPractice.AppiumFramework.apiDemosTest.stopServer(apiDemosTest.java:70)
at AppiumPractice.AppiumFramework.apiDemosTest.stopServer(apiDemosTest.java:70)
at AppiumPractice.AppiumFramework.apiDemosTest.stopServer(apiDemosTest.java:70)
at AppiumPractice.AppiumFramework.apiDemosTest.stopServer(apiDemosTest.java:70)
at AppiumPractice.AppiumFramework.apiDemosTest.stopServer(apiDemosTest.java:70)
at AppiumPractice.AppiumFramework.apiDemosTest.stopServer(apiDemosTest.java:70)
at AppiumPractice.AppiumFramework.apiDemosTest.stopServer(apiDemosTest.java:70)
at AppiumPractice.AppiumFramework.apiDemosTest.stopServer(apiDemosTest.java:70)
at AppiumPractice.AppiumFramework.apiDemosTest.stopServer(apiDemosTest.java:70)
at AppiumPractice.AppiumFramework.apiDemosTest.stopServer(apiDemosTest.java:70)
at AppiumPractice.AppiumFramework.apiDemosTest.stopServer(apiDemosTest.java:70)
at AppiumPractice.AppiumFramework.apiDemosTest.stopServer(apiDemosTest.java:70)
at AppiumPractice.AppiumFramework.apiDemosTest.stopServer(apiDemosTest.java:70)
at AppiumPractice.AppiumFramework.apiDemosTest.stopServer(apiDemosTest.java:70)
at AppiumPractice.AppiumFramework.apiDemosTest.stopServer(apiDemosTest.java:70)
at AppiumPractice.AppiumFramework.apiDemosTest.stopServer(apiDemosTest.java:70)
at AppiumPractice.AppiumFramework.apiDemosTest.stopServer(apiDemosTest.java:70)
at AppiumPractice.AppiumFramework.apiDemosTest.stopServer(apiDemosTest.java:70)
at AppiumPractice.AppiumFramework.apiDemosTest.stopServer(apiDemosTest.java:70)
at AppiumPractice.AppiumFramework.apiDemosTest.stopServer(apiDemosTest.java:70)
at AppiumPractice.AppiumFramework.apiDemosTest.stopServer(apiDemosTest.java:70)
at AppiumPractice.AppiumFramework.apiDemosTest.stopServer(apiDemosTest.java:70)
at AppiumPractice.AppiumFramework.apiDemosTest.stopServer(apiDemosTest.java:70)
at AppiumPractice.AppiumFramework.apiDemosTest.stopServer(apiDemosTest.java:70)
at AppiumPractice.AppiumFramework.apiDemosTest.stopServer(apiDemosTest.java:70)
at AppiumPractice.AppiumFramework.apiDemosTest.stopServer(apiDemosTest.java:70)
at AppiumPractice.AppiumFramework.apiDemosTest.stopServer(apiDemosTest.java:70)
at AppiumPractice.AppiumFramework.apiDemosTest.stopServer(apiDemosTest.java:70)
at AppiumPractice.AppiumFramework.apiDemosTest.stopServer(apiDemosTest.java:70)
at AppiumPractice.AppiumFramework.apiDemosTest.stopServer(apiDemosTest.java:70)
at AppiumPractice.AppiumFramework.apiDemosTest.stopServer(apiDemosTest.java:70)
at AppiumPractice.AppiumFramework.apiDemosTest.stopServer(apiDemosTest.java:70)
at AppiumPractice.AppiumFramework.apiDemosTest.stopServer(apiDemosTest.java:70)
at AppiumPractice.AppiumFramework.apiDemosTest.stopServer(apiDemosTest.java:70)
at AppiumPractice.AppiumFramework.apiDemosTest.stopServer(apiDemosTest.java:70)
at AppiumPractice.AppiumFramework.apiDemosTest.stopServer(apiDemosTest.java:70)
at AppiumPractice.AppiumFramework.apiDemosTest.stopServer(apiDemosTest.java:70)
at AppiumPractice.AppiumFramework.apiDemosTest.stopServer(apiDemosTest.java:70)
at AppiumPractice.AppiumFramework.apiDemosTest.stopServer(apiDemosTest.java:70)
at AppiumPractice.AppiumFramework.apiDemosTest.stopServer(apiDemosTest.java:70)
at AppiumPractice.AppiumFramework.apiDemosTest.stopServer(apiDemosTest.java:70)
at AppiumPractice.AppiumFramework.apiDemosTest.stopServer(apiDemosTest.java:70)
at AppiumPractice.AppiumFramework.apiDemosTest.stopServer(apiDemosTest.java:70)
at AppiumPractice.AppiumFramework.apiDemosTest.stopServer(apiDemosTest.java:70)
at AppiumPractice.AppiumFramework.apiDemosTest.stopServer(apiDemosTest.java:70)
at AppiumPractice.AppiumFramework.apiDemosTest.stopServer(apiDemosTest.java:70)
at AppiumPractice.AppiumFramework.apiDemosTest.stopServer(apiDemosTest.java:70)
at AppiumPractice.AppiumFramework.apiDemosTest.stopServer(apiDemosTest.java:70)
at AppiumPractice.AppiumFramework.apiDemosTest.stopServer(apiDemosTest.java:70)
at AppiumPractice.AppiumFramework.apiDemosTest.stopServer(apiDemosTest.java:70)
at AppiumPractice.AppiumFramework.apiDemosTest.stopServer(apiDemosTest.java:70)
at AppiumPractice.AppiumFramework.apiDemosTest.stopServer(apiDemosTest.java:70)
at AppiumPractice.AppiumFramework.apiDemosTest.stopServer(apiDemosTest.java:70)
at AppiumPractice.AppiumFramework.apiDemosTest.stopServer(apiDemosTest.java:70)
at AppiumPractice.AppiumFramework.apiDemosTest.stopServer(apiDemosTest.java:70)
at AppiumPractice.AppiumFramework.apiDemosTest.stopServer(apiDemosTest.java:70)
at AppiumPractice.AppiumFramework.apiDemosTest.stopServer(apiDemosTest.java:70)
at AppiumPractice.AppiumFramework.apiDemosTest.stopServer(apiDemosTest.java:70)
at AppiumPractice.AppiumFramework.apiDemosTest.stopServer(apiDemosTest.java:70)
at AppiumPractice.AppiumFramework.apiDemosTest.stopServer(apiDemosTest.java:70)
at AppiumPractice.AppiumFramework.apiDemosTest.stopServer(apiDemosTest.java:70)
at AppiumPractice.AppiumFramework.apiDemosTest.stopServer(apiDemosTest.java:70)
at AppiumPractice.AppiumFramework.apiDemosTest.stopServer(apiDemosTest.java:70)
at AppiumPractice.AppiumFramework.apiDemosTest.stopServer(apiDemosTest.java:70)
at AppiumPractice.AppiumFramework.apiDemosTest.stopServer(apiDemosTest.java:70)
at AppiumPractice.AppiumFramework.apiDemosTest.stopServer(apiDemosTest.java:70)
at AppiumPractice.AppiumFramework.apiDemosTest.stopServer(apiDemosTest.java:70)
at AppiumPractice.AppiumFramework.apiDemosTest.stopServer(apiDemosTest.java:70)
at AppiumPractice.AppiumFramework.apiDemosTest.stopServer(apiDemosTest.java:70)
at AppiumPractice.AppiumFramework.apiDemosTest.stopServer(apiDemosTest.java:70)
at AppiumPractice.AppiumFramework.apiDemosTest.stopServer(apiDemosTest.java:70)
at AppiumPractice.AppiumFramework.apiDemosTest.stopServer(apiDemosTest.java:70)
at AppiumPractice.AppiumFramework.apiDemosTest.stopServer(apiDemosTest.java:70)
at AppiumPractice.AppiumFramework.apiDemosTest.stopServer(apiDemosTest.java:70)
at AppiumPractice.AppiumFramework.apiDemosTest.stopServer(apiDemosTest.java:70)
at AppiumPractice.AppiumFramework.apiDemosTest.stopServer(apiDemosTest.java:70)
at AppiumPractice.AppiumFramework.apiDemosTest.stopServer(apiDemosTest.java:70)
at AppiumPractice.AppiumFramework.apiDemosTest.stopServer(apiDemosTest.java:70)
at AppiumPractice.AppiumFramework.apiDemosTest.stopServer(apiDemosTest.java:70)
at AppiumPractice.AppiumFramework.apiDemosTest.stopServer(apiDemosTest.java:70)
at AppiumPractice.AppiumFramework.apiDemosTest.stopServer(apiDemosTest.java:70)
at AppiumPractice.AppiumFramework.apiDemosTest.stopServer(apiDemosTest.java:70)
at AppiumPractice.AppiumFramework.apiDemosTest.stopServer(apiDemosTest.java:70)
at AppiumPractice.AppiumFramework.apiDemosTest.stopServer(apiDemosTest.java:70)
at AppiumPractice.AppiumFramework.apiDemosTest.stopServer(apiDemosTest.java:70)
at AppiumPractice.AppiumFramework.apiDemosTest.stopServer(apiDemosTest.java:70)
at AppiumPractice.AppiumFramework.apiDemosTest.stopServer(apiDemosTest.java:70)
at AppiumPractice.AppiumFramework.apiDemosTest.stopServer(apiDemosTest.java:70)
at AppiumPractice.AppiumFramework.apiDemosTest.stopServer(apiDemosTest.java:70)
at AppiumPractice.AppiumFramework.apiDemosTest.stopServer(apiDemosTest.java:70)
at AppiumPractice.AppiumFramework.apiDemosTest.stopServer(apiDemosTest.java:70)
at AppiumPractice.AppiumFramework.apiDemosTest.stopServer(apiDemosTest.java:70)
at AppiumPractice.AppiumFramework.apiDemosTest.stopServer(apiDemosTest.java:70)
at AppiumPractice.AppiumFramework.apiDemosTest.stopServer(apiDemosTest.java:70)
at AppiumPractice.AppiumFramework.apiDemosTest.stopServer(apiDemosTest.java:70)
at AppiumPractice.AppiumFramework.apiDemosTest.stopServer(apiDemosTest.java:70)
at AppiumPractice.AppiumFramework.apiDemosTest.stopServer(apiDemosTest.java:70)
at AppiumPractice.AppiumFramework.apiDemosTest.stopServer(apiDemosTest.java:70)
at AppiumPractice.AppiumFramework.apiDemosTest.stopServer(apiDemosTest.java:70)
at AppiumPractice.AppiumFramework.apiDemosTest.stopServer(apiDemosTest.java:70)
at AppiumPractice.AppiumFramework.apiDemosTest.stopServer(apiDemosTest.java:70)
at AppiumPractice.AppiumFramework.apiDemosTest.stopServer(apiDemosTest.java:70)
at AppiumPractice.AppiumFramework.apiDemosTest.stopServer(apiDemosTest.java:70)
at AppiumPractice.AppiumFramework.apiDemosTest.stopServer(apiDemosTest.java:70)
at AppiumPractice.AppiumFramework.apiDemosTest.stopServer(apiDemosTest.java:70)
at AppiumPractice.AppiumFramework.apiDemosTest.stopServer(apiDemosTest.java:70)
at AppiumPractice.AppiumFramework.apiDemosTest.stopServer(apiDemosTest.java:70)
at AppiumPractice.AppiumFramework.apiDemosTest.stopServer(apiDemosTest.java:70)
at AppiumPractice.AppiumFramework.apiDemosTest.stopServer(apiDemosTest.java:70)
at AppiumPractice.AppiumFramework.apiDemosTest.stopServer(apiDemosTest.java:70)
at AppiumPractice.AppiumFramework.apiDemosTest.stopServer(apiDemosTest.java:70)
at AppiumPractice.AppiumFramework.apiDemosTest.stopServer(apiDemosTest.java:70)
at AppiumPractice.AppiumFramework.apiDemosTest.stopServer(apiDemosTest.java:70)
at AppiumPractice.AppiumFramework.apiDemosTest.stopServer(apiDemosTest.java:70)
at AppiumPractice.AppiumFramework.apiDemosTest.stopServer(apiDemosTest.java:70)
at AppiumPractice.AppiumFramework.apiDemosTest.stopServer(apiDemosTest.java:70)
at AppiumPractice.AppiumFramework.apiDemosTest.stopServer(apiDemosTest.java:70)
at AppiumPractice.AppiumFramework.apiDemosTest.stopServer(apiDemosTest.java:70)
at AppiumPractice.AppiumFramework.apiDemosTest.stopServer(apiDemosTest.java:70)
at AppiumPractice.AppiumFramework.apiDemosTest.stopServer(apiDemosTest.java:70)
at AppiumPractice.AppiumFramework.apiDemosTest.stopServer(apiDemosTest.java:70)
at AppiumPractice.AppiumFramework.apiDemosTest.stopServer(apiDemosTest.java:70)
at AppiumPractice.AppiumFramework.apiDemosTest.stopServer(apiDemosTest.java:70)
at AppiumPractice.AppiumFramework.apiDemosTest.stopServer(apiDemosTest.java:70)
at AppiumPractice.AppiumFramework.apiDemosTest.stopServer(apiDemosTest.java:70)
at AppiumPractice.AppiumFramework.apiDemosTest.stopServer(apiDemosTest.java:70)
at AppiumPractice.AppiumFramework.apiDemosTest.stopServer(apiDemosTest.java:70)
at AppiumPractice.AppiumFramework.apiDemosTest.stopServer(apiDemosTest.java:70)
at AppiumPractice.AppiumFramework.apiDemosTest.stopServer(apiDemosTest.java:70)
at AppiumPractice.AppiumFramework.apiDemosTest.stopServer(apiDemosTest.java:70)
at AppiumPractice.AppiumFramework.apiDemosTest.stopServer(apiDemosTest.java:70)
at AppiumPractice.AppiumFramework.apiDemosTest.stopServer(apiDemosTest.java:70)
at AppiumPractice.AppiumFramework.apiDemosTest.stopServer(apiDemosTest.java:70)
at AppiumPractice.AppiumFramework.apiDemosTest.stopServer(apiDemosTest.java:70)
at AppiumPractice.AppiumFramework.apiDemosTest.stopServer(apiDemosTest.java:70)
at AppiumPractice.AppiumFramework.apiDemosTest.stopServer(apiDemosTest.java:70)
at AppiumPractice.AppiumFramework.apiDemosTest.stopServer(apiDemosTest.java:70)
at AppiumPractice.AppiumFramework.apiDemosTest.stopServer(apiDemosTest.java:70)
at AppiumPractice.AppiumFramework.apiDemosTest.stopServer(apiDemosTest.java:70)
at AppiumPractice.AppiumFramework.apiDemosTest.stopServer(apiDemosTest.java:70)
at AppiumPractice.AppiumFramework.apiDemosTest.stopServer(apiDemosTest.java:70)
at AppiumPractice.AppiumFramework.apiDemosTest.stopServer(apiDemosTest.java:70)
at AppiumPractice.AppiumFramework.apiDemosTest.stopServer(apiDemosTest.java:70)
at AppiumPractice.AppiumFramework.apiDemosTest.stopServer(apiDemosTest.java:70)
at AppiumPractice.AppiumFramework.apiDemosTest.stopServer(apiDemosTest.java:70)
at AppiumPractice.AppiumFramework.apiDemosTest.stopServer(apiDemosTest.java:70)
at AppiumPractice.AppiumFramework.apiDemosTest.stopServer(apiDemosTest.java:70)
at AppiumPractice.AppiumFramework.apiDemosTest.stopServer(apiDemosTest.java:70)
at AppiumPractice.AppiumFramework.apiDemosTest.stopServer(apiDemosTest.java:70)
at AppiumPractice.AppiumFramework.apiDemosTest.stopServer(apiDemosTest.java:70)
at AppiumPractice.AppiumFramework.apiDemosTest.stopServer(apiDemosTest.java:70)
at AppiumPractice.AppiumFramework.apiDemosTest.stopServer(apiDemosTest.java:70)
at AppiumPractice.AppiumFramework.apiDemosTest.stopServer(apiDemosTest.java:70)
at AppiumPractice.AppiumFramework.apiDemosTest.stopServer(apiDemosTest.java:70)
at AppiumPractice.AppiumFramework.apiDemosTest.stopServer(apiDemosTest.java:70)
at AppiumPractice.AppiumFramework.apiDemosTest.stopServer(apiDemosTest.java:70)
at AppiumPractice.AppiumFramework.apiDemosTest.stopServer(apiDemosTest.java:70)
at AppiumPractice.AppiumFramework.apiDemosTest.stopServer(apiDemosTest.java:70)
at AppiumPractice.AppiumFramework.apiDemosTest.stopServer(apiDemosTest.java:70)
at AppiumPractice.AppiumFramework.apiDemosTest.stopServer(apiDemosTest.java:70)
at AppiumPractice.AppiumFramework.apiDemosTest.stopServer(apiDemosTest.java:70)
at AppiumPractice.AppiumFramework.apiDemosTest.stopServer(apiDemosTest.java:70)
at AppiumPractice.AppiumFramework.apiDemosTest.stopServer(apiDemosTest.java:70)
at AppiumPractice.AppiumFramework.apiDemosTest.stopServer(apiDemosTest.java:70)
at AppiumPractice.AppiumFramework.apiDemosTest.stopServer(apiDemosTest.java:70)
at AppiumPractice.AppiumFramework.apiDemosTest.stopServer(apiDemosTest.java:70)
at AppiumPractice.AppiumFramework.apiDemosTest.stopServer(apiDemosTest.java:70)
at AppiumPractice.AppiumFramework.apiDemosTest.stopServer(apiDemosTest.java:70)
at AppiumPractice.AppiumFramework.apiDemosTest.stopServer(apiDemosTest.java:70)
at AppiumPractice.AppiumFramework.apiDemosTest.stopServer(apiDemosTest.java:70)
at AppiumPractice.AppiumFramework.apiDemosTest.stopServer(apiDemosTest.java:70)
at AppiumPractice.AppiumFramework.apiDemosTest.stopServer(apiDemosTest.java:70)
at AppiumPractice.AppiumFramework.apiDemosTest.stopServer(apiDemosTest.java:70)
at AppiumPractice.AppiumFramework.apiDemosTest.stopServer(apiDemosTest.java:70)
at AppiumPractice.AppiumFramework.apiDemosTest.stopServer(apiDemosTest.java:70)
at AppiumPractice.AppiumFramework.apiDemosTest.stopServer(apiDemosTest.java:70)
at AppiumPractice.AppiumFramework.apiDemosTest.stopServer(apiDemosTest.java:70)
at AppiumPractice.AppiumFramework.apiDemosTest.stopServer(apiDemosTest.java:70)
at AppiumPractice.AppiumFramework.apiDemosTest.stopServer(apiDemosTest.java:70)
at AppiumPractice.AppiumFramework.apiDemosTest.stopServer(apiDemosTest.java:70)
at AppiumPractice.AppiumFramework.apiDemosTest.stopServer(apiDemosTest.java:70)
at AppiumPractice.AppiumFramework.apiDemosTest.stopServer(apiDemosTest.java:70)
at AppiumPractice.AppiumFramework.apiDemosTest.stopServer(apiDemosTest.java:70)
at AppiumPractice.AppiumFramework.apiDemosTest.stopServer(apiDemosTest.java:70)
at AppiumPractice.AppiumFramework.apiDemosTest.stopServer(apiDemosTest.java:70)
at AppiumPractice.AppiumFramework.apiDemosTest.stopServer(apiDemosTest.java:70)
at AppiumPractice.AppiumFramework.apiDemosTest.stopServer(apiDemosTest.java:70)
at AppiumPractice.AppiumFramework.apiDemosTest.stopServer(apiDemosTest.java:70)
at AppiumPractice.AppiumFramework.apiDemosTest.stopServer(apiDemosTest.java:70)
at AppiumPractice.AppiumFramework.apiDemosTest.stopServer(apiDemosTest.java:70)
at AppiumPractice.AppiumFramework.apiDemosTest.stopServer(apiDemosTest.java:70)
at AppiumPractice.AppiumFramework.apiDemosTest.stopServer(apiDemosTest.java:70)
at AppiumPractice.AppiumFramework.apiDemosTest.stopServer(apiDemosTest.java:70)
at AppiumPractice.AppiumFramework.apiDemosTest.stopServer(apiDemosTest.java:70)
at AppiumPractice.AppiumFramework.apiDemosTest.stopServer(apiDemosTest.java:70)
at AppiumPractice.AppiumFramework.apiDemosTest.stopServer(apiDemosTest.java:70)
at AppiumPractice.AppiumFramework.apiDemosTest.stopServer(apiDemosTest.java:70)
at AppiumPractice.AppiumFramework.apiDemosTest.stopServer(apiDemosTest.java:70)
at AppiumPractice.AppiumFramework.apiDemosTest.stopServer(apiDemosTest.java:70)
at AppiumPractice.AppiumFramework.apiDemosTest.stopServer(apiDemosTest.java:70)
at AppiumPractice.AppiumFramework.apiDemosTest.stopServer(apiDemosTest.java:70)
at AppiumPractice.AppiumFramework.apiDemosTest.stopServer(apiDemosTest.java:70)
at AppiumPractice.AppiumFramework.apiDemosTest.stopServer(apiDemosTest.java:70)
at AppiumPractice.AppiumFramework.apiDemosTest.stopServer(apiDemosTest.java:70)
at AppiumPractice.AppiumFramework.apiDemosTest.stopServer(apiDemosTest.java:70)
at AppiumPractice.AppiumFramework.apiDemosTest.stopServer(apiDemosTest.java:70)
at AppiumPractice.AppiumFramework.apiDemosTest.stopServer(apiDemosTest.java:70)
at AppiumPractice.AppiumFramework.apiDemosTest.stopServer(apiDemosTest.java:70)
at AppiumPractice.AppiumFramework.apiDemosTest.stopServer(apiDemosTest.java:70)
at AppiumPractice.AppiumFramework.apiDemosTest.stopServer(apiDemosTest.java:70)
at AppiumPractice.AppiumFramework.apiDemosTest.stopServer(apiDemosTest.java:70)
at AppiumPractice.AppiumFramework.apiDemosTest.stopServer(apiDemosTest.java:70)
at AppiumPractice.AppiumFramework.apiDemosTest.stopServer(apiDemosTest.java:70)
at AppiumPractice.AppiumFramework.apiDemosTest.stopServer(apiDemosTest.java:70)
at AppiumPractice.AppiumFramework.apiDemosTest.stopServer(apiDemosTest.java:70)
at AppiumPractice.AppiumFramework.apiDemosTest.stopServer(apiDemosTest.java:70)
at AppiumPractice.AppiumFramework.apiDemosTest.stopServer(apiDemosTest.java:70)
at AppiumPractice.AppiumFramework.apiDemosTest.stopServer(apiDemosTest.java:70)
at AppiumPractice.AppiumFramework.apiDemosTest.stopServer(apiDemosTest.java:70)
at AppiumPractice.AppiumFramework.apiDemosTest.stopServer(apiDemosTest.java:70)
at AppiumPractice.AppiumFramework.apiDemosTest.stopServer(apiDemosTest.java:70)
at AppiumPractice.AppiumFramework.apiDemosTest.stopServer(apiDemosTest.java:70)
at AppiumPractice.AppiumFramework.apiDemosTest.stopServer(apiDemosTest.java:70)
at AppiumPractice.AppiumFramework.apiDemosTest.stopServer(apiDemosTest.java:70)
at AppiumPractice.AppiumFramework.apiDemosTest.stopServer(apiDemosTest.java:70)
at AppiumPractice.AppiumFramework.apiDemosTest.stopServer(apiDemosTest.java:70)
at AppiumPractice.AppiumFramework.apiDemosTest.stopServer(apiDemosTest.java:70)
at AppiumPractice.AppiumFramework.apiDemosTest.stopServer(apiDemosTest.java:70)
at AppiumPractice.AppiumFramework.apiDemosTest.stopServer(apiDemosTest.java:70)
at AppiumPractice.AppiumFramework.apiDemosTest.stopServer(apiDemosTest.java:70)
at AppiumPractice.AppiumFramework.apiDemosTest.stopServer(apiDemosTest.java:70)
at AppiumPractice.AppiumFramework.apiDemosTest.stopServer(apiDemosTest.java:70)
at AppiumPractice.AppiumFramework.apiDemosTest.stopServer(apiDemosTest.java:70)
at AppiumPractice.AppiumFramework.apiDemosTest.stopServer(apiDemosTest.java:70)
at AppiumPractice.AppiumFramework.apiDemosTest.stopServer(apiDemosTest.java:70)
at AppiumPractice.AppiumFramework.apiDemosTest.stopServer(apiDemosTest.java:70)
at AppiumPractice.AppiumFramework.apiDemosTest.stopServer(apiDemosTest.java:70)
at AppiumPractice.AppiumFramework.apiDemosTest.stopServer(apiDemosTest.java:70)
at AppiumPractice.AppiumFramework.apiDemosTest.stopServer(apiDemosTest.java:70)
at AppiumPractice.AppiumFramework.apiDemosTest.stopServer(apiDemosTest.java:70)
at AppiumPractice.AppiumFramework.apiDemosTest.stopServer(apiDemosTest.java:70)
at AppiumPractice.AppiumFramework.apiDemosTest.stopServer(apiDemosTest.java:70)
at AppiumPractice.AppiumFramework.apiDemosTest.stopServer(apiDemosTest.java:70)
at AppiumPractice.AppiumFramework.apiDemosTest.stopServer(apiDemosTest.java:70)
at AppiumPractice.AppiumFramework.apiDemosTest.stopServer(apiDemosTest.java:70)
at AppiumPractice.AppiumFramework.apiDemosTest.stopServer(apiDemosTest.java:70)
at AppiumPractice.AppiumFramework.apiDemosTest.stopServer(apiDemosTest.java:70)
at AppiumPractice.AppiumFramework.apiDemosTest.stopServer(apiDemosTest.java:70)
at AppiumPractice.AppiumFramework.apiDemosTest.stopServer(apiDemosTest.java:70)
at AppiumPractice.AppiumFramework.apiDemosTest.stopServer(apiDemosTest.java:70)
at AppiumPractice.AppiumFramework.apiDemosTest.stopServer(apiDemosTest.java:70)
at AppiumPractice.AppiumFramework.apiDemosTest.stopServer(apiDemosTest.java:70)
at AppiumPractice.AppiumFramework.apiDemosTest.stopServer(apiDemosTest.java:70)
at AppiumPractice.AppiumFramework.apiDemosTest.stopServer(apiDemosTest.java:70)
at AppiumPractice.AppiumFramework.apiDemosTest.stopServer(apiDemosTest.java:70)
at AppiumPractice.AppiumFramework.apiDemosTest.stopServer(apiDemosTest.java:70)
at AppiumPractice.AppiumFramework.apiDemosTest.stopServer(apiDemosTest.java:70)
at AppiumPractice.AppiumFramework.apiDemosTest.stopServer(apiDemosTest.java:70)
at AppiumPractice.AppiumFramework.apiDemosTest.stopServer(apiDemosTest.java:70)
at AppiumPractice.AppiumFramework.apiDemosTest.stopServer(apiDemosTest.java:70)
at AppiumPractice.AppiumFramework.apiDemosTest.stopServer(apiDemosTest.java:70)
at AppiumPractice.AppiumFramework.apiDemosTest.stopServer(apiDemosTest.java:70)
at AppiumPractice.AppiumFramework.apiDemosTest.stopServer(apiDemosTest.java:70)
at AppiumPractice.AppiumFramework.apiDemosTest.stopServer(apiDemosTest.java:70)
at AppiumPractice.AppiumFramework.apiDemosTest.stopServer(apiDemosTest.java:70)
at AppiumPractice.AppiumFramework.apiDemosTest.stopServer(apiDemosTest.java:70)
at AppiumPractice.AppiumFramework.apiDemosTest.stopServer(apiDemosTest.java:70)
at AppiumPractice.AppiumFramework.apiDemosTest.stopServer(apiDemosTest.java:70)
at AppiumPractice.AppiumFramework.apiDemosTest.stopServer(apiDemosTest.java:70)
at AppiumPractice.AppiumFramework.apiDemosTest.stopServer(apiDemosTest.java:70)
at AppiumPractice.AppiumFramework.apiDemosTest.stopServer(apiDemosTest.java:70)
at AppiumPractice.AppiumFramework.apiDemosTest.stopServer(apiDemosTest.java:70)
at AppiumPractice.AppiumFramework.apiDemosTest.stopServer(apiDemosTest.java:70)
at AppiumPractice.AppiumFramework.apiDemosTest.stopServer(apiDemosTest.java:70)
at AppiumPractice.AppiumFramework.apiDemosTest.stopServer(apiDemosTest.java:70)
at AppiumPractice.AppiumFramework.apiDemosTest.stopServer(apiDemosTest.java:70)
at AppiumPractice.AppiumFramework.apiDemosTest.stopServer(apiDemosTest.java:70)
at AppiumPractice.AppiumFramework.apiDemosTest.stopServer(apiDemosTest.java:70)
at AppiumPractice.AppiumFramework.apiDemosTest.stopServer(apiDemosTest.java:70)
at AppiumPractice.AppiumFramework.apiDemosTest.stopServer(apiDemosTest.java:70)
at AppiumPractice.AppiumFramework.apiDemosTest.stopServer(apiDemosTest.java:70)
at AppiumPractice.AppiumFramework.apiDemosTest.stopServer(apiDemosTest.java:70)
at AppiumPractice.AppiumFramework.apiDemosTest.stopServer(apiDemosTest.java:70)
at AppiumPractice.AppiumFramework.apiDemosTest.stopServer(apiDemosTest.java:70)
at AppiumPractice.AppiumFramework.apiDemosTest.stopServer(apiDemosTest.java:70)
at AppiumPractice.AppiumFramework.apiDemosTest.stopServer(apiDemosTest.java:70)
at AppiumPractice.AppiumFramework.apiDemosTest.stopServer(apiDemosTest.java:70)
at AppiumPractice.AppiumFramework.apiDemosTest.stopServer(apiDemosTest.java:70)
at AppiumPractice.AppiumFramework.apiDemosTest.stopServer(apiDemosTest.java:70)
at AppiumPractice.AppiumFramework.apiDemosTest.stopServer(apiDemosTest.java:70)
at AppiumPractice.AppiumFramework.apiDemosTest.stopServer(apiDemosTest.java:70)
at AppiumPractice.AppiumFramework.apiDemosTest.stopServer(apiDemosTest.java:70)
at AppiumPractice.AppiumFramework.apiDemosTest.stopServer(apiDemosTest.java:70)
at AppiumPractice.AppiumFramework.apiDemosTest.stopServer(apiDemosTest.java:70)
at AppiumPractice.AppiumFramework.apiDemosTest.stopServer(apiDemosTest.java:70)
at AppiumPractice.AppiumFramework.apiDemosTest.stopServer(apiDemosTest.java:70)
at AppiumPractice.AppiumFramework.apiDemosTest.stopServer(apiDemosTest.java:70)
at AppiumPractice.AppiumFramework.apiDemosTest.stopServer(apiDemosTest.java:70)
at AppiumPractice.AppiumFramework.apiDemosTest.stopServer(apiDemosTest.java:70)
at AppiumPractice.AppiumFramework.apiDemosTest.stopServer(apiDemosTest.java:70)
at AppiumPractice.AppiumFramework.apiDemosTest.stopServer(apiDemosTest.java:70)
at AppiumPractice.AppiumFramework.apiDemosTest.stopServer(apiDemosTest.java:70)
at AppiumPractice.AppiumFramework.apiDemosTest.stopServer(apiDemosTest.java:70)
at AppiumPractice.AppiumFramework.apiDemosTest.stopServer(apiDemosTest.java:70)
at AppiumPractice.AppiumFramework.apiDemosTest.stopServer(apiDemosTest.java:70)
at AppiumPractice.AppiumFramework.apiDemosTest.stopServer(apiDemosTest.java:70)
at AppiumPractice.AppiumFramework.apiDemosTest.stopServer(apiDemosTest.java:70)
at AppiumPractice.AppiumFramework.apiDemosTest.stopServer(apiDemosTest.java:70)
at AppiumPractice.AppiumFramework.apiDemosTest.stopServer(apiDemosTest.java:70)
at AppiumPractice.AppiumFramework.apiDemosTest.stopServer(apiDemosTest.java:70)
at AppiumPractice.AppiumFramework.apiDemosTest.stopServer(apiDemosTest.java:70)
at AppiumPractice.AppiumFramework.apiDemosTest.stopServer(apiDemosTest.java:70)
at AppiumPractice.AppiumFramework.apiDemosTest.stopServer(apiDemosTest.java:70)
at AppiumPractice.AppiumFramework.apiDemosTest.stopServer(apiDemosTest.java:70)
at AppiumPractice.AppiumFramework.apiDemosTest.stopServer(apiDemosTest.java:70)
at AppiumPractice.AppiumFramework.apiDemosTest.stopServer(apiDemosTest.java:70)
at AppiumPractice.AppiumFramework.apiDemosTest.stopServer(apiDemosTest.java:70)
at AppiumPractice.AppiumFramework.apiDemosTest.stopServer(apiDemosTest.java:70)
at AppiumPractice.AppiumFramework.apiDemosTest.stopServer(apiDemosTest.java:70)
at AppiumPractice.AppiumFramework.apiDemosTest.stopServer(apiDemosTest.java:70)
at AppiumPractice.AppiumFramework.apiDemosTest.stopServer(apiDemosTest.java:70)
at AppiumPractice.AppiumFramework.apiDemosTest.stopServer(apiDemosTest.java:70)
at AppiumPractice.AppiumFramework.apiDemosTest.stopServer(apiDemosTest.java:70)
at AppiumPractice.AppiumFramework.apiDemosTest.stopServer(apiDemosTest.java:70)
at AppiumPractice.AppiumFramework.apiDemosTest.stopServer(apiDemosTest.java:70)
at AppiumPractice.AppiumFramework.apiDemosTest.stopServer(apiDemosTest.java:70)
at AppiumPractice.AppiumFramework.apiDemosTest.stopServer(apiDemosTest.java:70)
at AppiumPractice.AppiumFramework.apiDemosTest.stopServer(apiDemosTest.java:70)
at AppiumPractice.AppiumFramework.apiDemosTest.stopServer(apiDemosTest.java:70)
at AppiumPractice.AppiumFramework.apiDemosTest.stopServer(apiDemosTest.java:70)
at AppiumPractice.AppiumFramework.apiDemosTest.stopServer(apiDemosTest.java:70)
at AppiumPractice.AppiumFramework.apiDemosTest.stopServer(apiDemosTest.java:70)
at AppiumPractice.AppiumFramework.apiDemosTest.stopServer(apiDemosTest.java:70)
at AppiumPractice.AppiumFramework.apiDemosTest.stopServer(apiDemosTest.java:70)
at AppiumPractice.AppiumFramework.apiDemosTest.stopServer(apiDemosTest.java:70)
at AppiumPractice.AppiumFramework.apiDemosTest.stopServer(apiDemosTest.java:70)
at AppiumPractice.AppiumFramework.apiDemosTest.stopServer(apiDemosTest.java:70)
at AppiumPractice.AppiumFramework.apiDemosTest.stopServer(apiDemosTest.java:70)
at AppiumPractice.AppiumFramework.apiDemosTest.stopServer(apiDemosTest.java:70)
at AppiumPractice.AppiumFramework.apiDemosTest.stopServer(apiDemosTest.java:70)
at AppiumPractice.AppiumFramework.apiDemosTest.stopServer(apiDemosTest.java:70)
at AppiumPractice.AppiumFramework.apiDemosTest.stopServer(apiDemosTest.java:70)
at AppiumPractice.AppiumFramework.apiDemosTest.stopServer(apiDemosTest.java:70)
at AppiumPractice.AppiumFramework.apiDemosTest.stopServer(apiDemosTest.java:70)
at AppiumPractice.AppiumFramework.apiDemosTest.stopServer(apiDemosTest.java:70)
at AppiumPractice.AppiumFramework.apiDemosTest.stopServer(apiDemosTest.java:70)
at AppiumPractice.AppiumFramework.apiDemosTest.stopServer(apiDemosTest.java:70)
at AppiumPractice.AppiumFramework.apiDemosTest.stopServer(apiDemosTest.java:70)
at AppiumPractice.AppiumFramework.apiDemosTest.stopServer(apiDemosTest.java:70)
at AppiumPractice.AppiumFramework.apiDemosTest.stopServer(apiDemosTest.java:70)
at AppiumPractice.AppiumFramework.apiDemosTest.stopServer(apiDemosTest.java:70)
at AppiumPractice.AppiumFramework.apiDemosTest.stopServer(apiDemosTest.java:70)
at AppiumPractice.AppiumFramework.apiDemosTest.stopServer(apiDemosTest.java:70)
at AppiumPractice.AppiumFramework.apiDemosTest.stopServer(apiDemosTest.java:70)
at AppiumPractice.AppiumFramework.apiDemosTest.stopServer(apiDemosTest.java:70)
at AppiumPractice.AppiumFramework.apiDemosTest.stopServer(apiDemosTest.java:70)
at AppiumPractice.AppiumFramework.apiDemosTest.stopServer(apiDemosTest.java:70)
at AppiumPractice.AppiumFramework.apiDemosTest.stopServer(apiDemosTest.java:70)
at AppiumPractice.AppiumFramework.apiDemosTest.stopServer(apiDemosTest.java:70)
at AppiumPractice.AppiumFramework.apiDemosTest.stopServer(apiDemosTest.java:70)
at AppiumPractice.AppiumFramework.apiDemosTest.stopServer(apiDemosTest.java:70)
at AppiumPractice.AppiumFramework.apiDemosTest.stopServer(apiDemosTest.java:70)
at AppiumPractice.AppiumFramework.apiDemosTest.stopServer(apiDemosTest.java:70)
at AppiumPractice.AppiumFramework.apiDemosTest.stopServer(apiDemosTest.java:70)
at AppiumPractice.AppiumFramework.apiDemosTest.stopServer(apiDemosTest.java:70)
at AppiumPractice.AppiumFramework.apiDemosTest.stopServer(apiDemosTest.java:70)
at AppiumPractice.AppiumFramework.apiDemosTest.stopServer(apiDemosTest.java:70)
at AppiumPractice.AppiumFramework.apiDemosTest.stopServer(apiDemosTest.java:70)
at AppiumPractice.AppiumFramework.apiDemosTest.stopServer(apiDemosTest.java:70)
at AppiumPractice.AppiumFramework.apiDemosTest.stopServer(apiDemosTest.java:70)
at AppiumPractice.AppiumFramework.apiDemosTest.stopServer(apiDemosTest.java:70)
at AppiumPractice.AppiumFramework.apiDemosTest.stopServer(apiDemosTest.java:70)
at AppiumPractice.AppiumFramework.apiDemosTest.stopServer(apiDemosTest.java:70)
at AppiumPractice.AppiumFramework.apiDemosTest.stopServer(apiDemosTest.java:70)
at AppiumPractice.AppiumFramework.apiDemosTest.stopServer(apiDemosTest.java:70)
at AppiumPractice.AppiumFramework.apiDemosTest.stopServer(apiDemosTest.java:70)
at AppiumPractice.AppiumFramework.apiDemosTest.stopServer(apiDemosTest.java:70)
at AppiumPractice.AppiumFramework.apiDemosTest.stopServer(apiDemosTest.java:70)
at AppiumPractice.AppiumFramework.apiDemosTest.stopServer(apiDemosTest.java:70)
at AppiumPractice.AppiumFramework.apiDemosTest.stopServer(apiDemosTest.java:70)
at AppiumPractice.AppiumFramework.apiDemosTest.stopServer(apiDemosTest.java:70)
at AppiumPractice.AppiumFramework.apiDemosTest.stopServer(apiDemosTest.java:70)
at AppiumPractice.AppiumFramework.apiDemosTest.stopServer(apiDemosTest.java:70)
at AppiumPractice.AppiumFramework.apiDemosTest.stopServer(apiDemosTest.java:70)
at AppiumPractice.AppiumFramework.apiDemosTest.stopServer(apiDemosTest.java:70)
at AppiumPractice.AppiumFramework.apiDemosTest.stopServer(apiDemosTest.java:70)
at AppiumPractice.AppiumFramework.apiDemosTest.stopServer(apiDemosTest.java:70)
at AppiumPractice.AppiumFramework.apiDemosTest.stopServer(apiDemosTest.java:70)
at AppiumPractice.AppiumFramework.apiDemosTest.stopServer(apiDemosTest.java:70)
at AppiumPractice.AppiumFramework.apiDemosTest.stopServer(apiDemosTest.java:70)
at AppiumPractice.AppiumFramework.apiDemosTest.stopServer(apiDemosTest.java:70)
at AppiumPractice.AppiumFramework.apiDemosTest.stopServer(apiDemosTest.java:70)
at AppiumPractice.AppiumFramework.apiDemosTest.stopServer(apiDemosTest.java:70)
at AppiumPractice.AppiumFramework.apiDemosTest.stopServer(apiDemosTest.java:70)
at AppiumPractice.AppiumFramework.apiDemosTest.stopServer(apiDemosTest.java:70)
at AppiumPractice.AppiumFramework.apiDemosTest.stopServer(apiDemosTest.java:70)
at AppiumPractice.AppiumFramework.apiDemosTest.stopServer(apiDemosTest.java:70)
at AppiumPractice.AppiumFramework.apiDemosTest.stopServer(apiDemosTest.java:70)
at AppiumPractice.AppiumFramework.apiDemosTest.stopServer(apiDemosTest.java:70)
at AppiumPractice.AppiumFramework.apiDemosTest.stopServer(apiDemosTest.java:70)
at AppiumPractice.AppiumFramework.apiDemosTest.stopServer(apiDemosTest.java:70)
at AppiumPractice.AppiumFramework.apiDemosTest.stopServer(apiDemosTest.java:70)
at AppiumPractice.AppiumFramework.apiDemosTest.stopServer(apiDemosTest.java:70)
at AppiumPractice.AppiumFramework.apiDemosTest.stopServer(apiDemosTest.java:70)
at AppiumPractice.AppiumFramework.apiDemosTest.stopServer(apiDemosTest.java:70)
at AppiumPractice.AppiumFramework.apiDemosTest.stopServer(apiDemosTest.java:70)
at AppiumPractice.AppiumFramework.apiDemosTest.stopServer(apiDemosTest.java:70)
at AppiumPractice.AppiumFramework.apiDemosTest.stopServer(apiDemosTest.java:70)
at AppiumPractice.AppiumFramework.apiDemosTest.stopServer(apiDemosTest.java:70)
at AppiumPractice.AppiumFramework.apiDemosTest.stopServer(apiDemosTest.java:70)
at AppiumPractice.AppiumFramework.apiDemosTest.stopServer(apiDemosTest.java:70)
at AppiumPractice.AppiumFramework.apiDemosTest.stopServer(apiDemosTest.java:70)
at AppiumPractice.AppiumFramework.apiDemosTest.stopServer(apiDemosTest.java:70)
at AppiumPractice.AppiumFramework.apiDemosTest.stopServer(apiDemosTest.java:70)
at AppiumPractice.AppiumFramework.apiDemosTest.stopServer(apiDemosTest.java:70)
at AppiumPractice.AppiumFramework.apiDemosTest.stopServer(apiDemosTest.java:70)
at AppiumPractice.AppiumFramework.apiDemosTest.stopServer(apiDemosTest.java:70)
at AppiumPractice.AppiumFramework.apiDemosTest.stopServer(apiDemosTest.java:70)
at AppiumPractice.AppiumFramework.apiDemosTest.stopServer(apiDemosTest.java:70)
at AppiumPractice.AppiumFramework.apiDemosTest.stopServer(apiDemosTest.java:70)
at AppiumPractice.AppiumFramework.apiDemosTest.stopServer(apiDemosTest.java:70)
at AppiumPractice.AppiumFramework.apiDemosTest.stopServer(apiDemosTest.java:70)
at AppiumPractice.AppiumFramework.apiDemosTest.stopServer(apiDemosTest.java:70)
at AppiumPractice.AppiumFramework.apiDemosTest.stopServer(apiDemosTest.java:70)
at AppiumPractice.AppiumFramework.apiDemosTest.stopServer(apiDemosTest.java:70)
at AppiumPractice.AppiumFramework.apiDemosTest.stopServer(apiDemosTest.java:70)
at AppiumPractice.AppiumFramework.apiDemosTest.stopServer(apiDemosTest.java:70)
at AppiumPractice.AppiumFramework.apiDemosTest.stopServer(apiDemosTest.java:70)
at AppiumPractice.AppiumFramework.apiDemosTest.stopServer(apiDemosTest.java:70)
at AppiumPractice.AppiumFramework.apiDemosTest.stopServer(apiDemosTest.java:70)
at AppiumPractice.AppiumFramework.apiDemosTest.stopServer(apiDemosTest.java:70)
at AppiumPractice.AppiumFramework.apiDemosTest.stopServer(apiDemosTest.java:70)
at AppiumPractice.AppiumFramework.apiDemosTest.stopServer(apiDemosTest.java:70)
at AppiumPractice.AppiumFramework.apiDemosTest.stopServer(apiDemosTest.java:70)
at AppiumPractice.AppiumFramework.apiDemosTest.stopServer(apiDemosTest.java:70)
at AppiumPractice.AppiumFramework.apiDemosTest.stopServer(apiDemosTest.java:70)
at AppiumPractice.AppiumFramework.apiDemosTest.stopServer(apiDemosTest.java:70)
at AppiumPractice.AppiumFramework.apiDemosTest.stopServer(apiDemosTest.java:70)
at AppiumPractice.AppiumFramework.apiDemosTest.stopServer(apiDemosTest.java:70)
at AppiumPractice.AppiumFramework.apiDemosTest.stopServer(apiDemosTest.java:70)
at AppiumPractice.AppiumFramework.apiDemosTest.stopServer(apiDemosTest.java:70)
at AppiumPractice.AppiumFramework.apiDemosTest.stopServer(apiDemosTest.java:70)
at AppiumPractice.AppiumFramework.apiDemosTest.stopServer(apiDemosTest.java:70)
at AppiumPractice.AppiumFramework.apiDemosTest.stopServer(apiDemosTest.java:70)
at AppiumPractice.AppiumFramework.apiDemosTest.stopServer(apiDemosTest.java:70)
at AppiumPractice.AppiumFramework.apiDemosTest.stopServer(apiDemosTest.java:70)
at AppiumPractice.AppiumFramework.apiDemosTest.stopServer(apiDemosTest.java:70)
at AppiumPractice.AppiumFramework.apiDemosTest.stopServer(apiDemosTest.java:70)
at AppiumPractice.AppiumFramework.apiDemosTest.stopServer(apiDemosTest.java:70)
at AppiumPractice.AppiumFramework.apiDemosTest.stopServer(apiDemosTest.java:70)
at AppiumPractice.AppiumFramework.apiDemosTest.stopServer(apiDemosTest.java:70)
at AppiumPractice.AppiumFramework.apiDemosTest.stopServer(apiDemosTest.java:70)
at AppiumPractice.AppiumFramework.apiDemosTest.stopServer(apiDemosTest.java:70)
at AppiumPractice.AppiumFramework.apiDemosTest.stopServer(apiDemosTest.java:70)
at AppiumPractice.AppiumFramework.apiDemosTest.stopServer(apiDemosTest.java:70)
at AppiumPractice.AppiumFramework.apiDemosTest.stopServer(apiDemosTest.java:70)
at AppiumPractice.AppiumFramework.apiDemosTest.stopServer(apiDemosTest.java:70)
at AppiumPractice.AppiumFramework.apiDemosTest.stopServer(apiDemosTest.java:70)
at AppiumPractice.AppiumFramework.apiDemosTest.stopServer(apiDemosTest.java:70)
at AppiumPractice.AppiumFramework.apiDemosTest.stopServer(apiDemosTest.java:70)
at AppiumPractice.AppiumFramework.apiDemosTest.stopServer(apiDemosTest.java:70)
at AppiumPractice.AppiumFramework.apiDemosTest.stopServer(apiDemosTest.java:70)
at AppiumPractice.AppiumFramework.apiDemosTest.stopServer(apiDemosTest.java:70)
at AppiumPractice.AppiumFramework.apiDemosTest.stopServer(apiDemosTest.java:70)
at AppiumPractice.AppiumFramework.apiDemosTest.stopServer(apiDemosTest.java:70)
at AppiumPractice.AppiumFramework.apiDemosTest.stopServer(apiDemosTest.java:70)
at AppiumPractice.AppiumFramework.apiDemosTest.stopServer(apiDemosTest.java:70)
at AppiumPractice.AppiumFramework.apiDemosTest.stopServer(apiDemosTest.java:70)
at AppiumPractice.AppiumFramework.apiDemosTest.stopServer(apiDemosTest.java:70)
at AppiumPractice.AppiumFramework.apiDemosTest.stopServer(apiDemosTest.java:70)
at AppiumPractice.AppiumFramework.apiDemosTest.stopServer(apiDemosTest.java:70)
at AppiumPractice.AppiumFramework.apiDemosTest.stopServer(apiDemosTest.java:70)
at AppiumPractice.AppiumFramework.apiDemosTest.stopServer(apiDemosTest.java:70)
at AppiumPractice.AppiumFramework.apiDemosTest.stopServer(apiDemosTest.java:70)
at AppiumPractice.AppiumFramework.apiDemosTest.stopServer(apiDemosTest.java:70)
at AppiumPractice.AppiumFramework.apiDemosTest.stopServer(apiDemosTest.java:70)
at AppiumPractice.AppiumFramework.apiDemosTest.stopServer(apiDemosTest.java:70)
at AppiumPractice.AppiumFramework.apiDemosTest.stopServer(apiDemosTest.java:70)
at AppiumPractice.AppiumFramework.apiDemosTest.stopServer(apiDemosTest.java:70)
at AppiumPractice.AppiumFramework.apiDemosTest.stopServer(apiDemosTest.java:70)
at AppiumPractice.AppiumFramework.apiDemosTest.stopServer(apiDemosTest.java:70)
at AppiumPractice.AppiumFramework.apiDemosTest.stopServer(apiDemosTest.java:70)
at AppiumPractice.AppiumFramework.apiDemosTest.stopServer(apiDemosTest.java:70)
at AppiumPractice.AppiumFramework.apiDemosTest.stopServer(apiDemosTest.java:70)
at AppiumPractice.AppiumFramework.apiDemosTest.stopServer(apiDemosTest.java:70)
at AppiumPractice.AppiumFramework.apiDemosTest.stopServer(apiDemosTest.java:70)
at AppiumPractice.AppiumFramework.apiDemosTest.stopServer(apiDemosTest.java:70)
at AppiumPractice.AppiumFramework.apiDemosTest.stopServer(apiDemosTest.java:70)
at AppiumPractice.AppiumFramework.apiDemosTest.stopServer(apiDemosTest.java:70)
at AppiumPractice.AppiumFramework.apiDemosTest.stopServer(apiDemosTest.java:70)
at AppiumPractice.AppiumFramework.apiDemosTest.stopServer(apiDemosTest.java:70)
at AppiumPractice.AppiumFramework.apiDemosTest.stopServer(apiDemosTest.java:70)
at AppiumPractice.AppiumFramework.apiDemosTest.stopServer(apiDemosTest.java:70)
at AppiumPractice.AppiumFramework.apiDemosTest.stopServer(apiDemosTest.java:70)
at AppiumPractice.AppiumFramework.apiDemosTest.stopServer(apiDemosTest.java:70)
at AppiumPractice.AppiumFramework.apiDemosTest.stopServer(apiDemosTest.java:70)
at AppiumPractice.AppiumFramework.apiDemosTest.stopServer(apiDemosTest.java:70)
at AppiumPractice.AppiumFramework.apiDemosTest.stopServer(apiDemosTest.java:70)
at AppiumPractice.AppiumFramework.apiDemosTest.stopServer(apiDemosTest.java:70)
at AppiumPractice.AppiumFramework.apiDemosTest.stopServer(apiDemosTest.java:70)
at AppiumPractice.AppiumFramework.apiDemosTest.stopServer(apiDemosTest.java:70)
at AppiumPractice.AppiumFramework.apiDemosTest.stopServer(apiDemosTest.java:70)
at AppiumPractice.AppiumFramework.apiDemosTest.stopServer(apiDemosTest.java:70)
at AppiumPractice.AppiumFramework.apiDemosTest.stopServer(apiDemosTest.java:70)
at AppiumPractice.AppiumFramework.apiDemosTest.stopServer(apiDemosTest.java:70)
at AppiumPractice.AppiumFramework.apiDemosTest.stopServer(apiDemosTest.java:70)
at AppiumPractice.AppiumFramework.apiDemosTest.stopServer(apiDemosTest.java:70)
at AppiumPractice.AppiumFramework.apiDemosTest.stopServer(apiDemosTest.java:70)
at AppiumPractice.AppiumFramework.apiDemosTest.stopServer(apiDemosTest.java:70)
at AppiumPractice.AppiumFramework.apiDemosTest.stopServer(apiDemosTest.java:70)
at AppiumPractice.AppiumFramework.apiDemosTest.stopServer(apiDemosTest.java:70)
at AppiumPractice.AppiumFramework.apiDemosTest.stopServer(apiDemosTest.java:70)
at AppiumPractice.AppiumFramework.apiDemosTest.stopServer(apiDemosTest.java:70)
at AppiumPractice.AppiumFramework.apiDemosTest.stopServer(apiDemosTest.java:70)
at AppiumPractice.AppiumFramework.apiDemosTest.stopServer(apiDemosTest.java:70)
at AppiumPractice.AppiumFramework.apiDemosTest.stopServer(apiDemosTest.java:70)
at AppiumPractice.AppiumFramework.apiDemosTest.stopServer(apiDemosTest.java:70)
at AppiumPractice.AppiumFramework.apiDemosTest.stopServer(apiDemosTest.java:70)
at AppiumPractice.AppiumFramework.apiDemosTest.stopServer(apiDemosTest.java:70)
at AppiumPractice.AppiumFramework.apiDemosTest.stopServer(apiDemosTest.java:70)
at AppiumPractice.AppiumFramework.apiDemosTest.stopServer(apiDemosTest.java:70)
at AppiumPractice.AppiumFramework.apiDemosTest.stopServer(apiDemosTest.java:70)
at AppiumPractice.AppiumFramework.apiDemosTest.stopServer(apiDemosTest.java:70)
at AppiumPractice.AppiumFramework.apiDemosTest.stopServer(apiDemosTest.java:70)
at AppiumPractice.AppiumFramework.apiDemosTest.stopServer(apiDemosTest.java:70)
at AppiumPractice.AppiumFramework.apiDemosTest.stopServer(apiDemosTest.java:70)
at AppiumPractice.AppiumFramework.apiDemosTest.stopServer(apiDemosTest.java:70)
]]>
    </failure>
  </testcase> <!-- @AfterTest stopServer -->
  <testcase classname="AppiumPractice.AppiumFramework.ecommerce_tc_4" name="@AfterTest stopServer" time="-1.652590033946E9">
    <skipped/>
  </testcase> <!-- @AfterTest stopServer -->
  <testcase classname="AppiumPractice.AppiumFramework.ecommerce_tc_4" name="validateAmount" time="118.485"/>
  <testcase classname="AppiumPractice.AppiumFramework.AppTest" name="sampleTest" time="0.001"/>
  <testcase classname="AppiumPractice.AppiumFramework.AppTest" name="sampleTest1" time="0.001"/>
  <testcase classname="AppiumPractice.AppiumFramework.AppTest" name="shouldAnswerWithTrue" time="0.003"/>
  <testcase classname="AppiumPractice.AppiumFramework.apiDemosTest" name="apiDemos" time="51.315">
    <failure type="org.openqa.selenium.WebDriverException" message="Connection refused: no further information
Build info: version: &amp;apos;3.141.59&amp;apos;, revision: &amp;apos;e82be7d358&amp;apos;, time: &amp;apos;2018-11-14T08:17:03&amp;apos;
System info: host: &amp;apos;CAMKHWNCN4853XB&amp;apos;, ip: &amp;apos;10.0.0.203&amp;apos;, os.name: &amp;apos;Windows 10&amp;apos;, os.arch: &amp;apos;amd64&amp;apos;, os.version: &amp;apos;10.0&amp;apos;, java.version: &amp;apos;15.0.2&amp;apos;
Driver info: driver.version: AndroidDriver">
      <![CDATA[org.openqa.selenium.WebDriverException: Connection refused: no further information
Build info: version: '3.141.59', revision: 'e82be7d358', time: '2018-11-14T08:17:03'
System info: host: 'CAMKHWNCN4853XB', ip: '10.0.0.203', os.name: 'Windows 10', os.arch: 'amd64', os.version: '10.0', java.version: '15.0.2'
Driver info: driver.version: AndroidDriver
at io.appium.java_client.remote.AppiumCommandExecutor.lambda$5(AppiumCommandExecutor.java:251)
at java.base/java.util.Optional.orElseGet(Optional.java:362)
at io.appium.java_client.remote.AppiumCommandExecutor.execute(AppiumCommandExecutor.java:250)
at org.openqa.selenium.remote.RemoteWebDriver.execute(RemoteWebDriver.java:552)
at io.appium.java_client.DefaultGenericMobileDriver.execute(DefaultGenericMobileDriver.java:42)
at io.appium.java_client.AppiumDriver.execute(AppiumDriver.java:1)
at io.appium.java_client.android.AndroidDriver.execute(AndroidDriver.java:1)
at org.openqa.selenium.remote.RemoteWebDriver.startSession(RemoteWebDriver.java:213)
at org.openqa.selenium.remote.RemoteWebDriver.<init>(RemoteWebDriver.java:131)
at io.appium.java_client.DefaultGenericMobileDriver.<init>(DefaultGenericMobileDriver.java:38)
at io.appium.java_client.AppiumDriver.<init>(AppiumDriver.java:84)
at io.appium.java_client.AppiumDriver.<init>(AppiumDriver.java:94)
at io.appium.java_client.android.AndroidDriver.<init>(AndroidDriver.java:95)
at AppiumPractice.AppiumFramework.base.capabilities(base.java:114)
at AppiumPractice.AppiumFramework.apiDemosTest.apiDemos(apiDemosTest.java:46)
at java.base/java.util.ArrayList.forEach(ArrayList.java:1511)
Caused by: java.net.ConnectException: Connection refused: no further information
at java.base/sun.nio.ch.Net.pollConnect(Native Method)
at java.base/sun.nio.ch.Net.pollConnectNow(Net.java:660)
at java.base/sun.nio.ch.NioSocketImpl.timedFinishConnect(NioSocketImpl.java:549)
at java.base/sun.nio.ch.NioSocketImpl.connect(NioSocketImpl.java:597)
at java.base/java.net.SocksSocketImpl.connect(SocksSocketImpl.java:333)
at java.base/java.net.Socket.connect(Socket.java:648)
at okhttp3.internal.platform.Platform.connectSocket(Platform.java:129)
at okhttp3.internal.connection.RealConnection.connectSocket(RealConnection.java:245)
at okhttp3.internal.connection.RealConnection.connect(RealConnection.java:165)
at okhttp3.internal.connection.StreamAllocation.findConnection(StreamAllocation.java:257)
at okhttp3.internal.connection.StreamAllocation.findHealthyConnection(StreamAllocation.java:135)
at okhttp3.internal.connection.StreamAllocation.newStream(StreamAllocation.java:114)
at okhttp3.internal.connection.ConnectInterceptor.intercept(ConnectInterceptor.java:42)
at okhttp3.internal.http.RealInterceptorChain.proceed(RealInterceptorChain.java:147)
at okhttp3.internal.http.RealInterceptorChain.proceed(RealInterceptorChain.java:121)
at okhttp3.internal.cache.CacheInterceptor.intercept(CacheInterceptor.java:93)
at okhttp3.internal.http.RealInterceptorChain.proceed(RealInterceptorChain.java:147)
at okhttp3.internal.http.RealInterceptorChain.proceed(RealInterceptorChain.java:121)
at okhttp3.internal.http.BridgeInterceptor.intercept(BridgeInterceptor.java:93)
at okhttp3.internal.http.RealInterceptorChain.proceed(RealInterceptorChain.java:147)
at okhttp3.internal.http.RetryAndFollowUpInterceptor.intercept(RetryAndFollowUpInterceptor.java:126)
at okhttp3.internal.http.RealInterceptorChain.proceed(RealInterceptorChain.java:147)
at okhttp3.internal.http.RealInterceptorChain.proceed(RealInterceptorChain.java:121)
at okhttp3.RealCall.getResponseWithInterceptorChain(RealCall.java:200)
at okhttp3.RealCall.execute(RealCall.java:77)
at org.openqa.selenium.remote.internal.OkHttpClient.execute(OkHttpClient.java:103)
at org.openqa.selenium.remote.ProtocolHandshake.createSession(ProtocolHandshake.java:105)
at io.appium.java_client.remote.AppiumCommandExecutor$1.createSession(AppiumCommandExecutor.java:186)
at io.appium.java_client.remote.AppiumCommandExecutor.createSession(AppiumCommandExecutor.java:217)
at io.appium.java_client.remote.AppiumCommandExecutor.execute(AppiumCommandExecutor.java:239)
... 40 more
... Removed 31 stack frames]]>
    </failure>
  </testcase> <!-- apiDemos -->
  <testcase classname="AppiumPractice.AppiumFramework.apiDemosTest" name="apiDemos" time="53.324">
    <failure type="org.openqa.selenium.WebDriverException" message="Connection refused: no further information
Build info: version: &amp;apos;3.141.59&amp;apos;, revision: &amp;apos;e82be7d358&amp;apos;, time: &amp;apos;2018-11-14T08:17:03&amp;apos;
System info: host: &amp;apos;CAMKHWNCN4853XB&amp;apos;, ip: &amp;apos;10.0.0.203&amp;apos;, os.name: &amp;apos;Windows 10&amp;apos;, os.arch: &amp;apos;amd64&amp;apos;, os.version: &amp;apos;10.0&amp;apos;, java.version: &amp;apos;15.0.2&amp;apos;
Driver info: driver.version: RemoteWebDriver">
      <![CDATA[org.openqa.selenium.WebDriverException: Connection refused: no further information
Build info: version: '3.141.59', revision: 'e82be7d358', time: '2018-11-14T08:17:03'
System info: host: 'CAMKHWNCN4853XB', ip: '10.0.0.203', os.name: 'Windows 10', os.arch: 'amd64', os.version: '10.0', java.version: '15.0.2'
Driver info: driver.version: RemoteWebDriver
at io.appium.java_client.remote.AppiumCommandExecutor.lambda$5(AppiumCommandExecutor.java:251)
at java.base/java.util.Optional.orElseGet(Optional.java:362)
at io.appium.java_client.remote.AppiumCommandExecutor.execute(AppiumCommandExecutor.java:250)
at org.openqa.selenium.remote.RemoteWebDriver.execute(RemoteWebDriver.java:552)
at io.appium.java_client.DefaultGenericMobileDriver.execute(DefaultGenericMobileDriver.java:46)
at io.appium.java_client.AppiumDriver.execute(AppiumDriver.java:1)
at io.appium.java_client.android.AndroidDriver.execute(AndroidDriver.java:1)
at org.openqa.selenium.remote.RemoteWebDriver.getScreenshotAs(RemoteWebDriver.java:295)
at AppiumPractice.AppiumFramework.base.getScreenshot(base.java:125)
at resources.Listeners.onTestFailure(Listeners.java:28)
at java.base/java.util.ArrayList.forEach(ArrayList.java:1511)
Caused by: java.net.ConnectException: Connection refused: no further information
at java.base/sun.nio.ch.Net.pollConnect(Native Method)
at java.base/sun.nio.ch.Net.pollConnectNow(Net.java:660)
at java.base/sun.nio.ch.NioSocketImpl.timedFinishConnect(NioSocketImpl.java:549)
at java.base/sun.nio.ch.NioSocketImpl.connect(NioSocketImpl.java:597)
at java.base/java.net.SocksSocketImpl.connect(SocksSocketImpl.java:333)
at java.base/java.net.Socket.connect(Socket.java:648)
at okhttp3.internal.platform.Platform.connectSocket(Platform.java:129)
at okhttp3.internal.connection.RealConnection.connectSocket(RealConnection.java:245)
at okhttp3.internal.connection.RealConnection.connect(RealConnection.java:165)
at okhttp3.internal.connection.StreamAllocation.findConnection(StreamAllocation.java:257)
at okhttp3.internal.connection.StreamAllocation.findHealthyConnection(StreamAllocation.java:135)
at okhttp3.internal.connection.StreamAllocation.newStream(StreamAllocation.java:114)
at okhttp3.internal.connection.ConnectInterceptor.intercept(ConnectInterceptor.java:42)
at okhttp3.internal.http.RealInterceptorChain.proceed(RealInterceptorChain.java:147)
at okhttp3.internal.http.RealInterceptorChain.proceed(RealInterceptorChain.java:121)
at okhttp3.internal.cache.CacheInterceptor.intercept(CacheInterceptor.java:93)
at okhttp3.internal.http.RealInterceptorChain.proceed(RealInterceptorChain.java:147)
at okhttp3.internal.http.RealInterceptorChain.proceed(RealInterceptorChain.java:121)
at okhttp3.internal.http.BridgeInterceptor.intercept(BridgeInterceptor.java:93)
at okhttp3.internal.http.RealInterceptorChain.proceed(RealInterceptorChain.java:147)
at okhttp3.internal.http.RetryAndFollowUpInterceptor.intercept(RetryAndFollowUpInterceptor.java:126)
at okhttp3.internal.http.RealInterceptorChain.proceed(RealInterceptorChain.java:147)
at okhttp3.internal.http.RealInterceptorChain.proceed(RealInterceptorChain.java:121)
at okhttp3.RealCall.getResponseWithInterceptorChain(RealCall.java:200)
at okhttp3.RealCall.execute(RealCall.java:77)
at org.openqa.selenium.remote.internal.OkHttpClient.execute(OkHttpClient.java:103)
at org.openqa.selenium.remote.HttpCommandExecutor.execute(HttpCommandExecutor.java:155)
at io.appium.java_client.remote.AppiumCommandExecutor.execute(AppiumCommandExecutor.java:239)
... 32 more
... Removed 24 stack frames]]>
    </failure>
  </testcase> <!-- apiDemos -->
</testsuite> <!-- AppiumFrameworkTest -->
