<?xml version="1.0" encoding="UTF-8"?>
<!-- Generated by org.testng.reporters.JUnitXMLReporter -->
<testsuite ignored="4" hostname="CAMKHWNCN4853XB" failures="0" tests="4" name="Test" time="0.1" errors="0" timestamp="2022-03-06T12:33:13 EST">
  <testcase classname="testNGPackage.testClass3" name="demo2" time="0.013"/>
  <testcase classname="testNGPackage.testClass4" name="demo4" time="0.002"/>
  <testcase classname="testNGPackage.testClass4" name="demo5" time="0.001"/>
  <testcase classname="testNGPackage.testClass4" name="demo6" time="0.001"/>
  <testcase classname="testNGPackage.testClass3" name="demo3" time="0.0">
    <ignored/>
  </testcase> <!-- demo3 -->
  <testcase classname="testNGPackage.testClass3" name="demo1" time="0.0">
    <ignored/>
  </testcase> <!-- demo1 -->
  <testcase classname="testNGPackage.testClass" name="demo" time="0.0">
    <ignored/>
  </testcase> <!-- demo -->
  <testcase classname="testNGPackage.testClass2" name="demo" time="0.0">
    <ignored/>
  </testcase> <!-- demo -->
</testsuite> <!-- Test -->
